CRITICAL - 2021-06-17 06:05:24 --> Cannot use object of type stdClass as array
#0 C:\Server\xampp73\htdocs\cashiera\app\Controllers\Services\Access.php(43): App\Models\Services\AuthModel->create_selling_history(Array)
#1 C:\Server\xampp73\htdocs\cashiera\system\CodeIgniter.php(936): App\Controllers\Services\Access->index()
#2 C:\Server\xampp73\htdocs\cashiera\system\CodeIgniter.php(432): CodeIgniter\CodeIgniter->runController(Object(App\Controllers\Services\Access))
#3 C:\Server\xampp73\htdocs\cashiera\system\CodeIgniter.php(333): CodeIgniter\CodeIgniter->handleRequest(NULL, Object(Config\Cache), false)
#4 C:\Server\xampp73\htdocs\cashiera\public\index.php(44): CodeIgniter\CodeIgniter->run()
#5 {main}
INFO - 2021-06-17 06:05:59 --> Session: Class initialized using 'CodeIgniter\Session\Handlers\FileHandler' driver.
INFO - 2021-06-17 06:06:09 --> Session: Class initialized using 'CodeIgniter\Session\Handlers\FileHandler' driver.
INFO - 2021-06-17 06:06:11 --> Session: Class initialized using 'CodeIgniter\Session\Handlers\FileHandler' driver.
INFO - 2021-06-17 06:06:14 --> Session: Class initialized using 'CodeIgniter\Session\Handlers\FileHandler' driver.
INFO - 2021-06-17 06:06:14 --> Session: Class initialized using 'CodeIgniter\Session\Handlers\FileHandler' driver.
INFO - 2021-06-17 06:06:15 --> Session: Class initialized using 'CodeIgniter\Session\Handlers\FileHandler' driver.
INFO - 2021-06-17 06:06:15 --> Session: Class initialized using 'CodeIgniter\Session\Handlers\FileHandler' driver.
INFO - 2021-06-17 06:06:20 --> Session: Class initialized using 'CodeIgniter\Session\Handlers\FileHandler' driver.
INFO - 2021-06-17 06:06:23 --> Session: Class initialized using 'CodeIgniter\Session\Handlers\FileHandler' driver.
INFO - 2021-06-17 06:06:23 --> Session: Class initialized using 'CodeIgniter\Session\Handlers\FileHandler' driver.
INFO - 2021-06-17 06:06:24 --> Session: Class initialized using 'CodeIgniter\Session\Handlers\FileHandler' driver.
INFO - 2021-06-17 06:06:24 --> Session: Class initialized using 'CodeIgniter\Session\Handlers\FileHandler' driver.
INFO - 2021-06-17 06:12:32 --> Session: Class initialized using 'CodeIgniter\Session\Handlers\FileHandler' driver.
INFO - 2021-06-17 06:12:59 --> Session: Class initialized using 'CodeIgniter\Session\Handlers\FileHandler' driver.
CRITICAL - 2021-06-17 06:14:05 --> Cannot use object of type stdClass as array
#0 C:\Server\xampp73\htdocs\cashiera\app\Controllers\Services\Access.php(43): App\Models\Services\AuthModel->create_selling_history(Array)
#1 C:\Server\xampp73\htdocs\cashiera\system\CodeIgniter.php(936): App\Controllers\Services\Access->index()
#2 C:\Server\xampp73\htdocs\cashiera\system\CodeIgniter.php(432): CodeIgniter\CodeIgniter->runController(Object(App\Controllers\Services\Access))
#3 C:\Server\xampp73\htdocs\cashiera\system\CodeIgniter.php(333): CodeIgniter\CodeIgniter->handleRequest(NULL, Object(Config\Cache), false)
#4 C:\Server\xampp73\htdocs\cashiera\public\index.php(44): CodeIgniter\CodeIgniter->run()
#5 {main}
CRITICAL - 2021-06-17 06:14:35 --> Cannot use object of type stdClass as array
#0 C:\Server\xampp73\htdocs\cashiera\app\Controllers\Services\Access.php(43): App\Models\Services\AuthModel->create_selling_history(Array)
#1 C:\Server\xampp73\htdocs\cashiera\system\CodeIgniter.php(936): App\Controllers\Services\Access->index()
#2 C:\Server\xampp73\htdocs\cashiera\system\CodeIgniter.php(432): CodeIgniter\CodeIgniter->runController(Object(App\Controllers\Services\Access))
#3 C:\Server\xampp73\htdocs\cashiera\system\CodeIgniter.php(333): CodeIgniter\CodeIgniter->handleRequest(NULL, Object(Config\Cache), false)
#4 C:\Server\xampp73\htdocs\cashiera\public\index.php(44): CodeIgniter\CodeIgniter->run()
#5 {main}
CRITICAL - 2021-06-17 06:15:00 --> Cannot use object of type stdClass as array
#0 C:\Server\xampp73\htdocs\cashiera\app\Controllers\Services\Access.php(43): App\Models\Services\AuthModel->create_selling_history(Array)
#1 C:\Server\xampp73\htdocs\cashiera\system\CodeIgniter.php(936): App\Controllers\Services\Access->index()
#2 C:\Server\xampp73\htdocs\cashiera\system\CodeIgniter.php(432): CodeIgniter\CodeIgniter->runController(Object(App\Controllers\Services\Access))
#3 C:\Server\xampp73\htdocs\cashiera\system\CodeIgniter.php(333): CodeIgniter\CodeIgniter->handleRequest(NULL, Object(Config\Cache), false)
#4 C:\Server\xampp73\htdocs\cashiera\public\index.php(44): CodeIgniter\CodeIgniter->run()
#5 {main}
CRITICAL - 2021-06-17 06:15:24 --> Cannot use object of type stdClass as array
#0 C:\Server\xampp73\htdocs\cashiera\app\Controllers\Services\Access.php(43): App\Models\Services\AuthModel->create_selling_history(Array)
#1 C:\Server\xampp73\htdocs\cashiera\system\CodeIgniter.php(936): App\Controllers\Services\Access->index()
#2 C:\Server\xampp73\htdocs\cashiera\system\CodeIgniter.php(432): CodeIgniter\CodeIgniter->runController(Object(App\Controllers\Services\Access))
#3 C:\Server\xampp73\htdocs\cashiera\system\CodeIgniter.php(333): CodeIgniter\CodeIgniter->handleRequest(NULL, Object(Config\Cache), false)
#4 C:\Server\xampp73\htdocs\cashiera\public\index.php(44): CodeIgniter\CodeIgniter->run()
#5 {main}
CRITICAL - 2021-06-17 06:16:01 --> Cannot use object of type stdClass as array
#0 C:\Server\xampp73\htdocs\cashiera\app\Controllers\Services\Access.php(43): App\Models\Services\AuthModel->create_selling_history(Array)
#1 C:\Server\xampp73\htdocs\cashiera\system\CodeIgniter.php(936): App\Controllers\Services\Access->index()
#2 C:\Server\xampp73\htdocs\cashiera\system\CodeIgniter.php(432): CodeIgniter\CodeIgniter->runController(Object(App\Controllers\Services\Access))
#3 C:\Server\xampp73\htdocs\cashiera\system\CodeIgniter.php(333): CodeIgniter\CodeIgniter->handleRequest(NULL, Object(Config\Cache), false)
#4 C:\Server\xampp73\htdocs\cashiera\public\index.php(44): CodeIgniter\CodeIgniter->run()
#5 {main}
CRITICAL - 2021-06-17 06:16:15 --> Cannot use object of type stdClass as array
#0 C:\Server\xampp73\htdocs\cashiera\app\Controllers\Services\Access.php(43): App\Models\Services\AuthModel->create_selling_history(Array)
#1 C:\Server\xampp73\htdocs\cashiera\system\CodeIgniter.php(936): App\Controllers\Services\Access->index()
#2 C:\Server\xampp73\htdocs\cashiera\system\CodeIgniter.php(432): CodeIgniter\CodeIgniter->runController(Object(App\Controllers\Services\Access))
#3 C:\Server\xampp73\htdocs\cashiera\system\CodeIgniter.php(333): CodeIgniter\CodeIgniter->handleRequest(NULL, Object(Config\Cache), false)
#4 C:\Server\xampp73\htdocs\cashiera\public\index.php(44): CodeIgniter\CodeIgniter->run()
#5 {main}
INFO - 2021-06-17 06:20:22 --> Session: Class initialized using 'CodeIgniter\Session\Handlers\FileHandler' driver.
INFO - 2021-06-17 06:20:36 --> Session: Class initialized using 'CodeIgniter\Session\Handlers\FileHandler' driver.
INFO - 2021-06-17 06:20:53 --> Session: Class initialized using 'CodeIgniter\Session\Handlers\FileHandler' driver.
INFO - 2021-06-17 06:21:12 --> Session: Class initialized using 'CodeIgniter\Session\Handlers\FileHandler' driver.
INFO - 2021-06-17 06:21:36 --> Session: Class initialized using 'CodeIgniter\Session\Handlers\FileHandler' driver.
CRITICAL - 2021-06-17 06:21:36 --> Cannot use object of type stdClass as array
#0 C:\Server\xampp73\htdocs\cashiera\app\Controllers\Etc\Testing.php(51): App\Models\Etc\TestingModel->alltest(Array)
#1 C:\Server\xampp73\htdocs\cashiera\system\CodeIgniter.php(936): App\Controllers\Etc\Testing->index()
#2 C:\Server\xampp73\htdocs\cashiera\system\CodeIgniter.php(432): CodeIgniter\CodeIgniter->runController(Object(App\Controllers\Etc\Testing))
#3 C:\Server\xampp73\htdocs\cashiera\system\CodeIgniter.php(333): CodeIgniter\CodeIgniter->handleRequest(NULL, Object(Config\Cache), false)
#4 C:\Server\xampp73\htdocs\cashiera\public\index.php(44): CodeIgniter\CodeIgniter->run()
#5 {main}
INFO - 2021-06-17 06:25:07 --> Session: Class initialized using 'CodeIgniter\Session\Handlers\FileHandler' driver.
