INFO - 2021-04-20 05:52:38 --> Session: Class initialized using 'CodeIgniter\Session\Handlers\FileHandler' driver.
INFO - 2021-04-20 05:52:38 --> Session: Class initialized using 'CodeIgniter\Session\Handlers\FileHandler' driver.
CRITICAL - 2021-04-20 05:59:10 --> You must set the database table to be used with your query.
#0 C:\Server\xampp73\htdocs\cashiera\system\Model.php(615): CodeIgniter\Database\BaseConnection->table(NULL)
#1 C:\Server\xampp73\htdocs\cashiera\system\Model.php(834): CodeIgniter\Model->builder()
#2 C:\Server\xampp73\htdocs\cashiera\app\Controllers\Etc\Testing.php(72): CodeIgniter\Model->__call('ResultsModel_ov...', Array)
#3 C:\Server\xampp73\htdocs\cashiera\system\CodeIgniter.php(936): App\Controllers\Etc\Testing->index()
#4 C:\Server\xampp73\htdocs\cashiera\system\CodeIgniter.php(432): CodeIgniter\CodeIgniter->runController(Object(App\Controllers\Etc\Testing))
#5 C:\Server\xampp73\htdocs\cashiera\system\CodeIgniter.php(333): CodeIgniter\CodeIgniter->handleRequest(NULL, Object(Config\Cache), false)
#6 C:\Server\xampp73\htdocs\cashiera\public\index.php(44): CodeIgniter\CodeIgniter->run()
#7 {main}
CRITICAL - 2021-04-20 05:59:43 --> You must set the database table to be used with your query.
#0 C:\Server\xampp73\htdocs\cashiera\system\Model.php(615): CodeIgniter\Database\BaseConnection->table(NULL)
#1 C:\Server\xampp73\htdocs\cashiera\system\Model.php(834): CodeIgniter\Model->builder()
#2 C:\Server\xampp73\htdocs\cashiera\app\Controllers\Etc\Testing.php(72): CodeIgniter\Model->__call('ResultsModel_ov...', Array)
#3 C:\Server\xampp73\htdocs\cashiera\system\CodeIgniter.php(936): App\Controllers\Etc\Testing->index()
#4 C:\Server\xampp73\htdocs\cashiera\system\CodeIgniter.php(432): CodeIgniter\CodeIgniter->runController(Object(App\Controllers\Etc\Testing))
#5 C:\Server\xampp73\htdocs\cashiera\system\CodeIgniter.php(333): CodeIgniter\CodeIgniter->handleRequest(NULL, Object(Config\Cache), false)
#6 C:\Server\xampp73\htdocs\cashiera\public\index.php(44): CodeIgniter\CodeIgniter->run()
#7 {main}
CRITICAL - 2021-04-20 05:59:55 --> You must set the database table to be used with your query.
#0 C:\Server\xampp73\htdocs\cashiera\system\Model.php(615): CodeIgniter\Database\BaseConnection->table(NULL)
#1 C:\Server\xampp73\htdocs\cashiera\system\Model.php(834): CodeIgniter\Model->builder()
#2 C:\Server\xampp73\htdocs\cashiera\app\Controllers\Etc\Testing.php(72): CodeIgniter\Model->__call('ResultsModel_ov...', Array)
#3 C:\Server\xampp73\htdocs\cashiera\system\CodeIgniter.php(936): App\Controllers\Etc\Testing->index()
#4 C:\Server\xampp73\htdocs\cashiera\system\CodeIgniter.php(432): CodeIgniter\CodeIgniter->runController(Object(App\Controllers\Etc\Testing))
#5 C:\Server\xampp73\htdocs\cashiera\system\CodeIgniter.php(333): CodeIgniter\CodeIgniter->handleRequest(NULL, Object(Config\Cache), false)
#6 C:\Server\xampp73\htdocs\cashiera\public\index.php(44): CodeIgniter\CodeIgniter->run()
#7 {main}
INFO - 2021-04-20 06:07:22 --> Session: Class initialized using 'CodeIgniter\Session\Handlers\FileHandler' driver.
CRITICAL - 2021-04-20 06:22:47 --> Call to a member function prepare() on null
#0 C:\Server\xampp73\htdocs\cashiera\app\Controllers\Etc\Testing.php(69): App\Models\Etc\TestingModel->ResultsModel_overall_results(Array)
#1 C:\Server\xampp73\htdocs\cashiera\system\CodeIgniter.php(936): App\Controllers\Etc\Testing->index()
#2 C:\Server\xampp73\htdocs\cashiera\system\CodeIgniter.php(432): CodeIgniter\CodeIgniter->runController(Object(App\Controllers\Etc\Testing))
#3 C:\Server\xampp73\htdocs\cashiera\system\CodeIgniter.php(333): CodeIgniter\CodeIgniter->handleRequest(NULL, Object(Config\Cache), false)
#4 C:\Server\xampp73\htdocs\cashiera\public\index.php(44): CodeIgniter\CodeIgniter->run()
#5 {main}
INFO - 2021-04-20 06:23:58 --> Session: Class initialized using 'CodeIgniter\Session\Handlers\FileHandler' driver.
INFO - 2021-04-20 06:24:40 --> Session: Class initialized using 'CodeIgniter\Session\Handlers\FileHandler' driver.
INFO - 2021-04-20 06:24:40 --> Session: Class initialized using 'CodeIgniter\Session\Handlers\FileHandler' driver.
INFO - 2021-04-20 06:26:21 --> Session: Class initialized using 'CodeIgniter\Session\Handlers\FileHandler' driver.
INFO - 2021-04-20 06:26:33 --> Session: Class initialized using 'CodeIgniter\Session\Handlers\FileHandler' driver.
INFO - 2021-04-20 06:26:46 --> Session: Class initialized using 'CodeIgniter\Session\Handlers\FileHandler' driver.
INFO - 2021-04-20 06:29:03 --> Session: Class initialized using 'CodeIgniter\Session\Handlers\FileHandler' driver.
INFO - 2021-04-20 06:29:06 --> Session: Class initialized using 'CodeIgniter\Session\Handlers\FileHandler' driver.
CRITICAL - 2021-04-20 06:29:06 --> Call to a member function prepare() on null
#0 C:\Server\xampp73\htdocs\cashiera\app\Controllers\Etc\Testing.php(70): App\Models\Etc\TestingModel->ResultsModel_overall_results(Array)
#1 C:\Server\xampp73\htdocs\cashiera\system\CodeIgniter.php(936): App\Controllers\Etc\Testing->index()
#2 C:\Server\xampp73\htdocs\cashiera\system\CodeIgniter.php(432): CodeIgniter\CodeIgniter->runController(Object(App\Controllers\Etc\Testing))
#3 C:\Server\xampp73\htdocs\cashiera\system\CodeIgniter.php(333): CodeIgniter\CodeIgniter->handleRequest(NULL, Object(Config\Cache), false)
#4 C:\Server\xampp73\htdocs\cashiera\public\index.php(44): CodeIgniter\CodeIgniter->run()
#5 {main}
INFO - 2021-04-20 06:30:06 --> Session: Class initialized using 'CodeIgniter\Session\Handlers\FileHandler' driver.
INFO - 2021-04-20 06:30:13 --> Session: Class initialized using 'CodeIgniter\Session\Handlers\FileHandler' driver.
INFO - 2021-04-20 06:41:17 --> Session: Class initialized using 'CodeIgniter\Session\Handlers\FileHandler' driver.
INFO - 2021-04-20 06:41:28 --> Session: Class initialized using 'CodeIgniter\Session\Handlers\FileHandler' driver.
INFO - 2021-04-20 06:42:03 --> Session: Class initialized using 'CodeIgniter\Session\Handlers\FileHandler' driver.
INFO - 2021-04-20 06:43:56 --> Session: Class initialized using 'CodeIgniter\Session\Handlers\FileHandler' driver.
INFO - 2021-04-20 07:59:37 --> Session: Class initialized using 'CodeIgniter\Session\Handlers\FileHandler' driver.
INFO - 2021-04-20 07:59:39 --> Session: Class initialized using 'CodeIgniter\Session\Handlers\FileHandler' driver.
CRITICAL - 2021-04-20 07:59:39 --> You have an error in your SQL syntax; check the manual that corresponds to your MariaDB server version for the right syntax to use near '2021-04-25 21? AND pl.store_id = 1 AND p.category = 1 AND p.type = 1' at line 1
#0 C:\Server\xampp73\htdocs\cashiera\system\Database\MySQLi\PreparedQuery.php(41): mysqli->prepare('SELECT COUNT(*)...')
#1 C:\Server\xampp73\htdocs\cashiera\system\Database\BasePreparedQuery.php(106): CodeIgniter\Database\MySQLi\PreparedQuery->_prepare('SELECT COUNT(*)...', Array)
#2 C:\Server\xampp73\htdocs\cashiera\system\Database\BaseConnection.php(1001): CodeIgniter\Database\BasePreparedQuery->prepare('SELECT COUNT(*)...', Array)
#3 C:\Server\xampp73\htdocs\cashiera\app\Models\Etc\TestingModel.php(52): CodeIgniter\Database\BaseConnection->prepare(Object(Closure))
#4 C:\Server\xampp73\htdocs\cashiera\app\Controllers\Etc\Testing.php(70): App\Models\Etc\TestingModel->ResultsModel_overall_results(Array)
#5 C:\Server\xampp73\htdocs\cashiera\system\CodeIgniter.php(936): App\Controllers\Etc\Testing->index()
#6 C:\Server\xampp73\htdocs\cashiera\system\CodeIgniter.php(432): CodeIgniter\CodeIgniter->runController(Object(App\Controllers\Etc\Testing))
#7 C:\Server\xampp73\htdocs\cashiera\system\CodeIgniter.php(333): CodeIgniter\CodeIgniter->handleRequest(NULL, Object(Config\Cache), false)
#8 C:\Server\xampp73\htdocs\cashiera\public\index.php(44): CodeIgniter\CodeIgniter->run()
#9 {main}
INFO - 2021-04-20 08:00:49 --> Session: Class initialized using 'CodeIgniter\Session\Handlers\FileHandler' driver.
INFO - 2021-04-20 08:01:07 --> Session: Class initialized using 'CodeIgniter\Session\Handlers\FileHandler' driver.
INFO - 2021-04-20 08:01:40 --> Session: Class initialized using 'CodeIgniter\Session\Handlers\FileHandler' driver.
INFO - 2021-04-20 08:01:55 --> Session: Class initialized using 'CodeIgniter\Session\Handlers\FileHandler' driver.
CRITICAL - 2021-04-20 08:01:55 --> You have an error in your SQL syntax; check the manual that corresponds to your MariaDB server version for the right syntax to use near '2021-04-25 21? AND pl.store_id = 1 AND p.category = 1 AND p.type = 1' at line 1
#0 C:\Server\xampp73\htdocs\cashiera\system\Database\MySQLi\PreparedQuery.php(41): mysqli->prepare('SELECT COUNT(*)...')
#1 C:\Server\xampp73\htdocs\cashiera\system\Database\BasePreparedQuery.php(106): CodeIgniter\Database\MySQLi\PreparedQuery->_prepare('SELECT COUNT(*)...', Array)
#2 C:\Server\xampp73\htdocs\cashiera\system\Database\BaseConnection.php(1001): CodeIgniter\Database\BasePreparedQuery->prepare('SELECT COUNT(*)...', Array)
#3 C:\Server\xampp73\htdocs\cashiera\app\Models\Etc\TestingModel.php(52): CodeIgniter\Database\BaseConnection->prepare(Object(Closure))
#4 C:\Server\xampp73\htdocs\cashiera\app\Controllers\Etc\Testing.php(70): App\Models\Etc\TestingModel->ResultsModel_overall_results(Array)
#5 C:\Server\xampp73\htdocs\cashiera\system\CodeIgniter.php(936): App\Controllers\Etc\Testing->index()
#6 C:\Server\xampp73\htdocs\cashiera\system\CodeIgniter.php(432): CodeIgniter\CodeIgniter->runController(Object(App\Controllers\Etc\Testing))
#7 C:\Server\xampp73\htdocs\cashiera\system\CodeIgniter.php(333): CodeIgniter\CodeIgniter->handleRequest(NULL, Object(Config\Cache), false)
#8 C:\Server\xampp73\htdocs\cashiera\public\index.php(44): CodeIgniter\CodeIgniter->run()
#9 {main}
INFO - 2021-04-20 08:52:18 --> Session: Class initialized using 'CodeIgniter\Session\Handlers\FileHandler' driver.
CRITICAL - 2021-04-20 08:52:18 --> You have an error in your SQL syntax; check the manual that corresponds to your MariaDB server version for the right syntax to use near '?AND h.datetime < (? + INTERVAL 1 DAY))AND pl.store_id = ? AND p.category = ?...' at line 1
#0 C:\Server\xampp73\htdocs\cashiera\system\Database\MySQLi\PreparedQuery.php(41): mysqli->prepare('SELECT COUNT(*)...')
#1 C:\Server\xampp73\htdocs\cashiera\system\Database\BasePreparedQuery.php(106): CodeIgniter\Database\MySQLi\PreparedQuery->_prepare('SELECT COUNT(*)...', Array)
#2 C:\Server\xampp73\htdocs\cashiera\system\Database\BaseConnection.php(1001): CodeIgniter\Database\BasePreparedQuery->prepare('SELECT COUNT(*)...', Array)
#3 C:\Server\xampp73\htdocs\cashiera\app\Models\Etc\TestingModel.php(54): CodeIgniter\Database\BaseConnection->prepare(Object(Closure))
#4 C:\Server\xampp73\htdocs\cashiera\app\Controllers\Etc\Testing.php(70): App\Models\Etc\TestingModel->ResultsModel_overall_results(Array)
#5 C:\Server\xampp73\htdocs\cashiera\system\CodeIgniter.php(936): App\Controllers\Etc\Testing->index()
#6 C:\Server\xampp73\htdocs\cashiera\system\CodeIgniter.php(432): CodeIgniter\CodeIgniter->runController(Object(App\Controllers\Etc\Testing))
#7 C:\Server\xampp73\htdocs\cashiera\system\CodeIgniter.php(333): CodeIgniter\CodeIgniter->handleRequest(NULL, Object(Config\Cache), false)
#8 C:\Server\xampp73\htdocs\cashiera\public\index.php(44): CodeIgniter\CodeIgniter->run()
#9 {main}
INFO - 2021-04-20 08:53:36 --> Session: Class initialized using 'CodeIgniter\Session\Handlers\FileHandler' driver.
INFO - 2021-04-20 08:53:59 --> Session: Class initialized using 'CodeIgniter\Session\Handlers\FileHandler' driver.
INFO - 2021-04-20 08:55:15 --> Session: Class initialized using 'CodeIgniter\Session\Handlers\FileHandler' driver.
CRITICAL - 2021-04-20 08:55:15 --> Call to a member function getQuery() on null
#0 C:\Server\xampp73\htdocs\cashiera\system\Database\BaseConnection.php(985): App\Models\Etc\TestingModel->App\Models\Etc\{closure}(Object(CodeIgniter\Database\MySQLi\Connection))
#1 C:\Server\xampp73\htdocs\cashiera\app\Models\Etc\TestingModel.php(44): CodeIgniter\Database\BaseConnection->prepare(Object(Closure))
#2 C:\Server\xampp73\htdocs\cashiera\app\Controllers\Etc\Testing.php(70): App\Models\Etc\TestingModel->ResultsModel_overall_results(Array)
#3 C:\Server\xampp73\htdocs\cashiera\system\CodeIgniter.php(936): App\Controllers\Etc\Testing->index()
#4 C:\Server\xampp73\htdocs\cashiera\system\CodeIgniter.php(432): CodeIgniter\CodeIgniter->runController(Object(App\Controllers\Etc\Testing))
#5 C:\Server\xampp73\htdocs\cashiera\system\CodeIgniter.php(333): CodeIgniter\CodeIgniter->handleRequest(NULL, Object(Config\Cache), false)
#6 C:\Server\xampp73\htdocs\cashiera\public\index.php(44): CodeIgniter\CodeIgniter->run()
#7 {main}
INFO - 2021-04-20 08:55:26 --> Session: Class initialized using 'CodeIgniter\Session\Handlers\FileHandler' driver.
CRITICAL - 2021-04-20 08:55:27 --> Call to a member function getQuery() on null
#0 C:\Server\xampp73\htdocs\cashiera\system\Database\BaseConnection.php(985): App\Models\Etc\TestingModel->App\Models\Etc\{closure}(Object(CodeIgniter\Database\MySQLi\Connection))
#1 C:\Server\xampp73\htdocs\cashiera\app\Models\Etc\TestingModel.php(44): CodeIgniter\Database\BaseConnection->prepare(Object(Closure))
#2 C:\Server\xampp73\htdocs\cashiera\app\Controllers\Etc\Testing.php(70): App\Models\Etc\TestingModel->ResultsModel_overall_results(Array)
#3 C:\Server\xampp73\htdocs\cashiera\system\CodeIgniter.php(936): App\Controllers\Etc\Testing->index()
#4 C:\Server\xampp73\htdocs\cashiera\system\CodeIgniter.php(432): CodeIgniter\CodeIgniter->runController(Object(App\Controllers\Etc\Testing))
#5 C:\Server\xampp73\htdocs\cashiera\system\CodeIgniter.php(333): CodeIgniter\CodeIgniter->handleRequest(NULL, Object(Config\Cache), false)
#6 C:\Server\xampp73\htdocs\cashiera\public\index.php(44): CodeIgniter\CodeIgniter->run()
#7 {main}
INFO - 2021-04-20 08:55:38 --> Session: Class initialized using 'CodeIgniter\Session\Handlers\FileHandler' driver.
CRITICAL - 2021-04-20 08:55:38 --> Call to undefined method CodeIgniter\Database\MySQLi\PreparedQuery::getQuery()
#0 C:\Server\xampp73\htdocs\cashiera\app\Controllers\Etc\Testing.php(70): App\Models\Etc\TestingModel->ResultsModel_overall_results(Array)
#1 C:\Server\xampp73\htdocs\cashiera\system\CodeIgniter.php(936): App\Controllers\Etc\Testing->index()
#2 C:\Server\xampp73\htdocs\cashiera\system\CodeIgniter.php(432): CodeIgniter\CodeIgniter->runController(Object(App\Controllers\Etc\Testing))
#3 C:\Server\xampp73\htdocs\cashiera\system\CodeIgniter.php(333): CodeIgniter\CodeIgniter->handleRequest(NULL, Object(Config\Cache), false)
#4 C:\Server\xampp73\htdocs\cashiera\public\index.php(44): CodeIgniter\CodeIgniter->run()
#5 {main}
INFO - 2021-04-20 08:56:19 --> Session: Class initialized using 'CodeIgniter\Session\Handlers\FileHandler' driver.
CRITICAL - 2021-04-20 08:56:19 --> Call to undefined method CodeIgniter\Database\MySQLi\PreparedQuery::getOriginalQuery()
#0 C:\Server\xampp73\htdocs\cashiera\app\Controllers\Etc\Testing.php(70): App\Models\Etc\TestingModel->ResultsModel_overall_results(Array)
#1 C:\Server\xampp73\htdocs\cashiera\system\CodeIgniter.php(936): App\Controllers\Etc\Testing->index()
#2 C:\Server\xampp73\htdocs\cashiera\system\CodeIgniter.php(432): CodeIgniter\CodeIgniter->runController(Object(App\Controllers\Etc\Testing))
#3 C:\Server\xampp73\htdocs\cashiera\system\CodeIgniter.php(333): CodeIgniter\CodeIgniter->handleRequest(NULL, Object(Config\Cache), false)
#4 C:\Server\xampp73\htdocs\cashiera\public\index.php(44): CodeIgniter\CodeIgniter->run()
#5 {main}
INFO - 2021-04-20 08:57:11 --> Session: Class initialized using 'CodeIgniter\Session\Handlers\FileHandler' driver.
CRITICAL - 2021-04-20 08:57:11 --> Call to undefined method CodeIgniter\Database\MySQLi\PreparedQuery::getOriginalQuery()
#0 C:\Server\xampp73\htdocs\cashiera\app\Controllers\Etc\Testing.php(70): App\Models\Etc\TestingModel->ResultsModel_overall_results(Array)
#1 C:\Server\xampp73\htdocs\cashiera\system\CodeIgniter.php(936): App\Controllers\Etc\Testing->index()
#2 C:\Server\xampp73\htdocs\cashiera\system\CodeIgniter.php(432): CodeIgniter\CodeIgniter->runController(Object(App\Controllers\Etc\Testing))
#3 C:\Server\xampp73\htdocs\cashiera\system\CodeIgniter.php(333): CodeIgniter\CodeIgniter->handleRequest(NULL, Object(Config\Cache), false)
#4 C:\Server\xampp73\htdocs\cashiera\public\index.php(44): CodeIgniter\CodeIgniter->run()
#5 {main}
INFO - 2021-04-20 08:57:17 --> Session: Class initialized using 'CodeIgniter\Session\Handlers\FileHandler' driver.
INFO - 2021-04-20 08:58:54 --> Session: Class initialized using 'CodeIgniter\Session\Handlers\FileHandler' driver.
INFO - 2021-04-20 08:59:20 --> Session: Class initialized using 'CodeIgniter\Session\Handlers\FileHandler' driver.
INFO - 2021-04-20 08:59:38 --> Session: Class initialized using 'CodeIgniter\Session\Handlers\FileHandler' driver.
INFO - 2021-04-20 09:00:29 --> Session: Class initialized using 'CodeIgniter\Session\Handlers\FileHandler' driver.
INFO - 2021-04-20 09:00:32 --> Session: Class initialized using 'CodeIgniter\Session\Handlers\FileHandler' driver.
INFO - 2021-04-20 09:01:46 --> Session: Class initialized using 'CodeIgniter\Session\Handlers\FileHandler' driver.
INFO - 2021-04-20 09:01:49 --> Session: Class initialized using 'CodeIgniter\Session\Handlers\FileHandler' driver.
INFO - 2021-04-20 09:02:09 --> Session: Class initialized using 'CodeIgniter\Session\Handlers\FileHandler' driver.
INFO - 2021-04-20 09:02:26 --> Session: Class initialized using 'CodeIgniter\Session\Handlers\FileHandler' driver.
INFO - 2021-04-20 09:04:30 --> Session: Class initialized using 'CodeIgniter\Session\Handlers\FileHandler' driver.
INFO - 2021-04-20 09:04:40 --> Session: Class initialized using 'CodeIgniter\Session\Handlers\FileHandler' driver.
INFO - 2021-04-20 09:05:31 --> Session: Class initialized using 'CodeIgniter\Session\Handlers\FileHandler' driver.
INFO - 2021-04-20 09:05:38 --> Session: Class initialized using 'CodeIgniter\Session\Handlers\FileHandler' driver.
INFO - 2021-04-20 09:06:59 --> Session: Class initialized using 'CodeIgniter\Session\Handlers\FileHandler' driver.
CRITICAL - 2021-04-20 09:06:59 --> mysqli_stmt::bind_param(): Number of variables doesn't match number of parameters in prepared statement
#0 [internal function]: CodeIgniter\Debug\Exceptions->errorHandler(2, 'mysqli_stmt::bi...', 'C:\\Server\\xampp...', 86, Array)
#1 C:\Server\xampp73\htdocs\cashiera\system\Database\MySQLi\PreparedQuery.php(86): mysqli_stmt->bind_param('ssddd', NULL, NULL, '1', '1', '1')
#2 C:\Server\xampp73\htdocs\cashiera\system\Database\BasePreparedQuery.php(136): CodeIgniter\Database\MySQLi\PreparedQuery->_execute(Array)
#3 C:\Server\xampp73\htdocs\cashiera\app\Models\Etc\TestingModel.php(54): CodeIgniter\Database\BasePreparedQuery->execute(NULL, NULL, '1', '1', '1')
#4 C:\Server\xampp73\htdocs\cashiera\app\Controllers\Etc\Testing.php(70): App\Models\Etc\TestingModel->ResultsModel_overall_results(Array)
#5 C:\Server\xampp73\htdocs\cashiera\system\CodeIgniter.php(936): App\Controllers\Etc\Testing->index()
#6 C:\Server\xampp73\htdocs\cashiera\system\CodeIgniter.php(432): CodeIgniter\CodeIgniter->runController(Object(App\Controllers\Etc\Testing))
#7 C:\Server\xampp73\htdocs\cashiera\system\CodeIgniter.php(333): CodeIgniter\CodeIgniter->handleRequest(NULL, Object(Config\Cache), false)
#8 C:\Server\xampp73\htdocs\cashiera\public\index.php(44): CodeIgniter\CodeIgniter->run()
#9 {main}
INFO - 2021-04-20 09:07:33 --> Session: Class initialized using 'CodeIgniter\Session\Handlers\FileHandler' driver.
CRITICAL - 2021-04-20 09:07:33 --> Return value of CodeIgniter\Database\BasePreparedQuery::getErrorMessage() must be of the type string, null returned
#0 C:\Server\xampp73\htdocs\cashiera\app\Models\Etc\TestingModel.php(62): CodeIgniter\Database\BasePreparedQuery->getErrorMessage()
#1 C:\Server\xampp73\htdocs\cashiera\app\Controllers\Etc\Testing.php(70): App\Models\Etc\TestingModel->ResultsModel_overall_results(Array)
#2 C:\Server\xampp73\htdocs\cashiera\system\CodeIgniter.php(936): App\Controllers\Etc\Testing->index()
#3 C:\Server\xampp73\htdocs\cashiera\system\CodeIgniter.php(432): CodeIgniter\CodeIgniter->runController(Object(App\Controllers\Etc\Testing))
#4 C:\Server\xampp73\htdocs\cashiera\system\CodeIgniter.php(333): CodeIgniter\CodeIgniter->handleRequest(NULL, Object(Config\Cache), false)
#5 C:\Server\xampp73\htdocs\cashiera\public\index.php(44): CodeIgniter\CodeIgniter->run()
#6 {main}
INFO - 2021-04-20 09:07:55 --> Session: Class initialized using 'CodeIgniter\Session\Handlers\FileHandler' driver.
CRITICAL - 2021-04-20 09:07:56 --> You have an error in your SQL syntax; check the manual that corresponds to your MariaDB server version for the right syntax to use near '1 DAY)) AND pl.store_id = ? AND p.category = ? AND p.type = ?' at line 1
#0 C:\Server\xampp73\htdocs\cashiera\system\Database\MySQLi\PreparedQuery.php(41): mysqli->prepare('SELECT COUNT(*)...')
#1 C:\Server\xampp73\htdocs\cashiera\system\Database\BasePreparedQuery.php(106): CodeIgniter\Database\MySQLi\PreparedQuery->_prepare('SELECT COUNT(*)...', Array)
#2 C:\Server\xampp73\htdocs\cashiera\system\Database\BaseConnection.php(1001): CodeIgniter\Database\BasePreparedQuery->prepare('SELECT COUNT(*)...', Array)
#3 C:\Server\xampp73\htdocs\cashiera\app\Models\Etc\TestingModel.php(52): CodeIgniter\Database\BaseConnection->prepare(Object(Closure))
#4 C:\Server\xampp73\htdocs\cashiera\app\Controllers\Etc\Testing.php(70): App\Models\Etc\TestingModel->ResultsModel_overall_results(Array)
#5 C:\Server\xampp73\htdocs\cashiera\system\CodeIgniter.php(936): App\Controllers\Etc\Testing->index()
#6 C:\Server\xampp73\htdocs\cashiera\system\CodeIgniter.php(432): CodeIgniter\CodeIgniter->runController(Object(App\Controllers\Etc\Testing))
#7 C:\Server\xampp73\htdocs\cashiera\system\CodeIgniter.php(333): CodeIgniter\CodeIgniter->handleRequest(NULL, Object(Config\Cache), false)
#8 C:\Server\xampp73\htdocs\cashiera\public\index.php(44): CodeIgniter\CodeIgniter->run()
#9 {main}
INFO - 2021-04-20 09:08:21 --> Session: Class initialized using 'CodeIgniter\Session\Handlers\FileHandler' driver.
INFO - 2021-04-20 09:10:45 --> Session: Class initialized using 'CodeIgniter\Session\Handlers\FileHandler' driver.
INFO - 2021-04-20 09:11:05 --> Session: Class initialized using 'CodeIgniter\Session\Handlers\FileHandler' driver.
CRITICAL - 2021-04-20 09:11:05 --> Unknown column 'selling_history.id' in 'field list'
#0 C:\Server\xampp73\htdocs\cashiera\system\Database\MySQLi\PreparedQuery.php(41): mysqli->prepare('SELECT selling_...')
#1 C:\Server\xampp73\htdocs\cashiera\system\Database\BasePreparedQuery.php(106): CodeIgniter\Database\MySQLi\PreparedQuery->_prepare('SELECT selling_...', Array)
#2 C:\Server\xampp73\htdocs\cashiera\system\Database\BaseConnection.php(1001): CodeIgniter\Database\BasePreparedQuery->prepare('SELECT selling_...', Array)
#3 C:\Server\xampp73\htdocs\cashiera\app\Models\Etc\TestingModel.php(52): CodeIgniter\Database\BaseConnection->prepare(Object(Closure))
#4 C:\Server\xampp73\htdocs\cashiera\app\Controllers\Etc\Testing.php(70): App\Models\Etc\TestingModel->ResultsModel_overall_results(Array)
#5 C:\Server\xampp73\htdocs\cashiera\system\CodeIgniter.php(936): App\Controllers\Etc\Testing->index()
#6 C:\Server\xampp73\htdocs\cashiera\system\CodeIgniter.php(432): CodeIgniter\CodeIgniter->runController(Object(App\Controllers\Etc\Testing))
#7 C:\Server\xampp73\htdocs\cashiera\system\CodeIgniter.php(333): CodeIgniter\CodeIgniter->handleRequest(NULL, Object(Config\Cache), false)
#8 C:\Server\xampp73\htdocs\cashiera\public\index.php(44): CodeIgniter\CodeIgniter->run()
#9 {main}
INFO - 2021-04-20 09:13:50 --> Session: Class initialized using 'CodeIgniter\Session\Handlers\FileHandler' driver.
CRITICAL - 2021-04-20 09:13:50 --> Unknown column 'selling_history.id' in 'field list'
#0 C:\Server\xampp73\htdocs\cashiera\system\Database\MySQLi\PreparedQuery.php(41): mysqli->prepare('SELECT selling_...')
#1 C:\Server\xampp73\htdocs\cashiera\system\Database\BasePreparedQuery.php(106): CodeIgniter\Database\MySQLi\PreparedQuery->_prepare('SELECT selling_...', Array)
#2 C:\Server\xampp73\htdocs\cashiera\system\Database\BaseConnection.php(1001): CodeIgniter\Database\BasePreparedQuery->prepare('SELECT selling_...', Array)
#3 C:\Server\xampp73\htdocs\cashiera\app\Models\Etc\TestingModel.php(52): CodeIgniter\Database\BaseConnection->prepare(Object(Closure))
#4 C:\Server\xampp73\htdocs\cashiera\app\Controllers\Etc\Testing.php(70): App\Models\Etc\TestingModel->ResultsModel_overall_results(Array)
#5 C:\Server\xampp73\htdocs\cashiera\system\CodeIgniter.php(936): App\Controllers\Etc\Testing->index()
#6 C:\Server\xampp73\htdocs\cashiera\system\CodeIgniter.php(432): CodeIgniter\CodeIgniter->runController(Object(App\Controllers\Etc\Testing))
#7 C:\Server\xampp73\htdocs\cashiera\system\CodeIgniter.php(333): CodeIgniter\CodeIgniter->handleRequest(NULL, Object(Config\Cache), false)
#8 C:\Server\xampp73\htdocs\cashiera\public\index.php(44): CodeIgniter\CodeIgniter->run()
#9 {main}
INFO - 2021-04-20 09:14:05 --> Session: Class initialized using 'CodeIgniter\Session\Handlers\FileHandler' driver.
CRITICAL - 2021-04-20 09:14:05 --> Call to undefined method CodeIgniter\Database\MySQLi\Result::getQueryString()
#0 C:\Server\xampp73\htdocs\cashiera\app\Controllers\Etc\Testing.php(70): App\Models\Etc\TestingModel->ResultsModel_overall_results(Array)
#1 C:\Server\xampp73\htdocs\cashiera\system\CodeIgniter.php(936): App\Controllers\Etc\Testing->index()
#2 C:\Server\xampp73\htdocs\cashiera\system\CodeIgniter.php(432): CodeIgniter\CodeIgniter->runController(Object(App\Controllers\Etc\Testing))
#3 C:\Server\xampp73\htdocs\cashiera\system\CodeIgniter.php(333): CodeIgniter\CodeIgniter->handleRequest(NULL, Object(Config\Cache), false)
#4 C:\Server\xampp73\htdocs\cashiera\public\index.php(44): CodeIgniter\CodeIgniter->run()
#5 {main}
INFO - 2021-04-20 09:16:50 --> Session: Class initialized using 'CodeIgniter\Session\Handlers\FileHandler' driver.
CRITICAL - 2021-04-20 09:16:50 --> Call to undefined method CodeIgniter\Database\MySQLi\Result::getQueryString()
#0 C:\Server\xampp73\htdocs\cashiera\app\Controllers\Etc\Testing.php(70): App\Models\Etc\TestingModel->ResultsModel_overall_results(Array)
#1 C:\Server\xampp73\htdocs\cashiera\system\CodeIgniter.php(936): App\Controllers\Etc\Testing->index()
#2 C:\Server\xampp73\htdocs\cashiera\system\CodeIgniter.php(432): CodeIgniter\CodeIgniter->runController(Object(App\Controllers\Etc\Testing))
#3 C:\Server\xampp73\htdocs\cashiera\system\CodeIgniter.php(333): CodeIgniter\CodeIgniter->handleRequest(NULL, Object(Config\Cache), false)
#4 C:\Server\xampp73\htdocs\cashiera\public\index.php(44): CodeIgniter\CodeIgniter->run()
#5 {main}
INFO - 2021-04-20 09:17:02 --> Session: Class initialized using 'CodeIgniter\Session\Handlers\FileHandler' driver.
INFO - 2021-04-20 09:18:51 --> Session: Class initialized using 'CodeIgniter\Session\Handlers\FileHandler' driver.
CRITICAL - 2021-04-20 09:18:51 --> Wrong parameter count for mysqli_stmt::bind_param()
#0 [internal function]: CodeIgniter\Debug\Exceptions->errorHandler(2, 'Wrong parameter...', 'C:\\Server\\xampp...', 86, Array)
#1 C:\Server\xampp73\htdocs\cashiera\system\Database\MySQLi\PreparedQuery.php(86): mysqli_stmt->bind_param('')
#2 C:\Server\xampp73\htdocs\cashiera\system\Database\BasePreparedQuery.php(136): CodeIgniter\Database\MySQLi\PreparedQuery->_execute(Array)
#3 C:\Server\xampp73\htdocs\cashiera\app\Models\Etc\TestingModel.php(46): CodeIgniter\Database\BasePreparedQuery->execute()
#4 C:\Server\xampp73\htdocs\cashiera\app\Controllers\Etc\Testing.php(70): App\Models\Etc\TestingModel->ResultsModel_overall_results(Array)
#5 C:\Server\xampp73\htdocs\cashiera\system\CodeIgniter.php(936): App\Controllers\Etc\Testing->index()
#6 C:\Server\xampp73\htdocs\cashiera\system\CodeIgniter.php(432): CodeIgniter\CodeIgniter->runController(Object(App\Controllers\Etc\Testing))
#7 C:\Server\xampp73\htdocs\cashiera\system\CodeIgniter.php(333): CodeIgniter\CodeIgniter->handleRequest(NULL, Object(Config\Cache), false)
#8 C:\Server\xampp73\htdocs\cashiera\public\index.php(44): CodeIgniter\CodeIgniter->run()
#9 {main}
INFO - 2021-04-20 09:21:16 --> Session: Class initialized using 'CodeIgniter\Session\Handlers\FileHandler' driver.
CRITICAL - 2021-04-20 09:21:16 --> Wrong parameter count for mysqli_stmt::bind_param()
#0 [internal function]: CodeIgniter\Debug\Exceptions->errorHandler(2, 'Wrong parameter...', 'C:\\Server\\xampp...', 86, Array)
#1 C:\Server\xampp73\htdocs\cashiera\system\Database\MySQLi\PreparedQuery.php(86): mysqli_stmt->bind_param('')
#2 C:\Server\xampp73\htdocs\cashiera\system\Database\BasePreparedQuery.php(136): CodeIgniter\Database\MySQLi\PreparedQuery->_execute(Array)
#3 C:\Server\xampp73\htdocs\cashiera\app\Models\Etc\TestingModel.php(46): CodeIgniter\Database\BasePreparedQuery->execute()
#4 C:\Server\xampp73\htdocs\cashiera\app\Controllers\Etc\Testing.php(70): App\Models\Etc\TestingModel->ResultsModel_overall_results(Array)
#5 C:\Server\xampp73\htdocs\cashiera\system\CodeIgniter.php(936): App\Controllers\Etc\Testing->index()
#6 C:\Server\xampp73\htdocs\cashiera\system\CodeIgniter.php(432): CodeIgniter\CodeIgniter->runController(Object(App\Controllers\Etc\Testing))
#7 C:\Server\xampp73\htdocs\cashiera\system\CodeIgniter.php(333): CodeIgniter\CodeIgniter->handleRequest(NULL, Object(Config\Cache), false)
#8 C:\Server\xampp73\htdocs\cashiera\public\index.php(44): CodeIgniter\CodeIgniter->run()
#9 {main}
INFO - 2021-04-20 09:22:43 --> Session: Class initialized using 'CodeIgniter\Session\Handlers\FileHandler' driver.
CRITICAL - 2021-04-20 09:22:43 --> Wrong parameter count for mysqli_stmt::bind_param()
#0 [internal function]: CodeIgniter\Debug\Exceptions->errorHandler(2, 'Wrong parameter...', 'C:\\Server\\xampp...', 86, Array)
#1 C:\Server\xampp73\htdocs\cashiera\system\Database\MySQLi\PreparedQuery.php(86): mysqli_stmt->bind_param('')
#2 C:\Server\xampp73\htdocs\cashiera\system\Database\BasePreparedQuery.php(136): CodeIgniter\Database\MySQLi\PreparedQuery->_execute(Array)
#3 C:\Server\xampp73\htdocs\cashiera\app\Models\Etc\TestingModel.php(46): CodeIgniter\Database\BasePreparedQuery->execute()
#4 C:\Server\xampp73\htdocs\cashiera\app\Controllers\Etc\Testing.php(70): App\Models\Etc\TestingModel->ResultsModel_overall_results(Array)
#5 C:\Server\xampp73\htdocs\cashiera\system\CodeIgniter.php(936): App\Controllers\Etc\Testing->index()
#6 C:\Server\xampp73\htdocs\cashiera\system\CodeIgniter.php(432): CodeIgniter\CodeIgniter->runController(Object(App\Controllers\Etc\Testing))
#7 C:\Server\xampp73\htdocs\cashiera\system\CodeIgniter.php(333): CodeIgniter\CodeIgniter->handleRequest(NULL, Object(Config\Cache), false)
#8 C:\Server\xampp73\htdocs\cashiera\public\index.php(44): CodeIgniter\CodeIgniter->run()
#9 {main}
INFO - 2021-04-20 09:22:58 --> Session: Class initialized using 'CodeIgniter\Session\Handlers\FileHandler' driver.
CRITICAL - 2021-04-20 09:22:58 --> mysqli_stmt::bind_param(): Number of variables doesn't match number of parameters in prepared statement
#0 [internal function]: CodeIgniter\Debug\Exceptions->errorHandler(2, 'mysqli_stmt::bi...', 'C:\\Server\\xampp...', 86, Array)
#1 C:\Server\xampp73\htdocs\cashiera\system\Database\MySQLi\PreparedQuery.php(86): mysqli_stmt->bind_param('s', NULL)
#2 C:\Server\xampp73\htdocs\cashiera\system\Database\BasePreparedQuery.php(136): CodeIgniter\Database\MySQLi\PreparedQuery->_execute(Array)
#3 C:\Server\xampp73\htdocs\cashiera\app\Models\Etc\TestingModel.php(46): CodeIgniter\Database\BasePreparedQuery->execute(NULL)
#4 C:\Server\xampp73\htdocs\cashiera\app\Controllers\Etc\Testing.php(70): App\Models\Etc\TestingModel->ResultsModel_overall_results(Array)
#5 C:\Server\xampp73\htdocs\cashiera\system\CodeIgniter.php(936): App\Controllers\Etc\Testing->index()
#6 C:\Server\xampp73\htdocs\cashiera\system\CodeIgniter.php(432): CodeIgniter\CodeIgniter->runController(Object(App\Controllers\Etc\Testing))
#7 C:\Server\xampp73\htdocs\cashiera\system\CodeIgniter.php(333): CodeIgniter\CodeIgniter->handleRequest(NULL, Object(Config\Cache), false)
#8 C:\Server\xampp73\htdocs\cashiera\public\index.php(44): CodeIgniter\CodeIgniter->run()
#9 {main}
INFO - 2021-04-20 09:23:16 --> Session: Class initialized using 'CodeIgniter\Session\Handlers\FileHandler' driver.
INFO - 2021-04-20 09:23:43 --> Session: Class initialized using 'CodeIgniter\Session\Handlers\FileHandler' driver.
INFO - 2021-04-20 09:24:05 --> Session: Class initialized using 'CodeIgniter\Session\Handlers\FileHandler' driver.
INFO - 2021-04-20 09:24:59 --> Session: Class initialized using 'CodeIgniter\Session\Handlers\FileHandler' driver.
INFO - 2021-04-20 09:25:16 --> Session: Class initialized using 'CodeIgniter\Session\Handlers\FileHandler' driver.
INFO - 2021-04-20 09:25:28 --> Session: Class initialized using 'CodeIgniter\Session\Handlers\FileHandler' driver.
