CRITICAL - 2021-04-06 00:23:49 --> syntax error, unexpected token "}", expecting "," or ";"
#0 C:\Server\xampp\htdocs\cashiera\system\Autoloader\Autoloader.php(265): CodeIgniter\Autoloader\Autoloader->includeFile('C:\\Server\\xampp...')
#1 C:\Server\xampp\htdocs\cashiera\system\Autoloader\Autoloader.php(228): CodeIgniter\Autoloader\Autoloader->loadInNamespace('App\\Controllers...')
#2 [internal function]: CodeIgniter\Autoloader\Autoloader->loadClass('App\\Controllers...')
#3 C:\Server\xampp\htdocs\cashiera\system\CodeIgniter.php(893): class_exists('\\App\\Controller...', true)
#4 C:\Server\xampp\htdocs\cashiera\system\CodeIgniter.php(417): CodeIgniter\CodeIgniter->startController()
#5 C:\Server\xampp\htdocs\cashiera\system\CodeIgniter.php(333): CodeIgniter\CodeIgniter->handleRequest(NULL, Object(Config\Cache), false)
#6 C:\Server\xampp\htdocs\cashiera\public\index.php(44): CodeIgniter\CodeIgniter->run()
#7 {main}
CRITICAL - 2021-04-06 00:25:25 --> syntax error, unexpected token "}", expecting "," or ";"
#0 C:\Server\xampp\htdocs\cashiera\system\Autoloader\Autoloader.php(265): CodeIgniter\Autoloader\Autoloader->includeFile('C:\\Server\\xampp...')
#1 C:\Server\xampp\htdocs\cashiera\system\Autoloader\Autoloader.php(228): CodeIgniter\Autoloader\Autoloader->loadInNamespace('App\\Controllers...')
#2 [internal function]: CodeIgniter\Autoloader\Autoloader->loadClass('App\\Controllers...')
#3 C:\Server\xampp\htdocs\cashiera\system\CodeIgniter.php(893): class_exists('\\App\\Controller...', true)
#4 C:\Server\xampp\htdocs\cashiera\system\CodeIgniter.php(417): CodeIgniter\CodeIgniter->startController()
#5 C:\Server\xampp\htdocs\cashiera\system\CodeIgniter.php(333): CodeIgniter\CodeIgniter->handleRequest(NULL, Object(Config\Cache), false)
#6 C:\Server\xampp\htdocs\cashiera\public\index.php(44): CodeIgniter\CodeIgniter->run()
#7 {main}
CRITICAL - 2021-04-06 07:55:21 --> Class "App\Controllers\BaseController" not found
#0 C:\Server\xampp\htdocs\cashiera\system\Autoloader\Autoloader.php(294): include_once()
#1 C:\Server\xampp\htdocs\cashiera\system\Autoloader\Autoloader.php(265): CodeIgniter\Autoloader\Autoloader->includeFile('C:\\Server\\xampp...')
#2 C:\Server\xampp\htdocs\cashiera\system\Autoloader\Autoloader.php(228): CodeIgniter\Autoloader\Autoloader->loadInNamespace('App\\Controllers...')
#3 [internal function]: CodeIgniter\Autoloader\Autoloader->loadClass('App\\Controllers...')
#4 C:\Server\xampp\htdocs\cashiera\system\CodeIgniter.php(893): class_exists('\\App\\Controller...', true)
#5 C:\Server\xampp\htdocs\cashiera\system\CodeIgniter.php(417): CodeIgniter\CodeIgniter->startController()
#6 C:\Server\xampp\htdocs\cashiera\system\CodeIgniter.php(333): CodeIgniter\CodeIgniter->handleRequest(NULL, Object(Config\Cache), false)
#7 C:\Server\xampp\htdocs\cashiera\public\index.php(44): CodeIgniter\CodeIgniter->run()
#8 C:\Server\xampp\htdocs\cashiera\system\Commands\Server\rewrite.php(45): require_once('C:\\Server\\xampp...')
#9 {main}
CRITICAL - 2021-04-06 07:55:47 --> Class "App\Controllers\BaseController" not found
#0 C:\Server\xampp\htdocs\cashiera\system\Autoloader\Autoloader.php(294): include_once()
#1 C:\Server\xampp\htdocs\cashiera\system\Autoloader\Autoloader.php(265): CodeIgniter\Autoloader\Autoloader->includeFile('C:\\Server\\xampp...')
#2 C:\Server\xampp\htdocs\cashiera\system\Autoloader\Autoloader.php(228): CodeIgniter\Autoloader\Autoloader->loadInNamespace('App\\Controllers...')
#3 [internal function]: CodeIgniter\Autoloader\Autoloader->loadClass('App\\Controllers...')
#4 C:\Server\xampp\htdocs\cashiera\system\CodeIgniter.php(893): class_exists('\\App\\Controller...', true)
#5 C:\Server\xampp\htdocs\cashiera\system\CodeIgniter.php(417): CodeIgniter\CodeIgniter->startController()
#6 C:\Server\xampp\htdocs\cashiera\system\CodeIgniter.php(333): CodeIgniter\CodeIgniter->handleRequest(NULL, Object(Config\Cache), false)
#7 C:\Server\xampp\htdocs\cashiera\public\index.php(44): CodeIgniter\CodeIgniter->run()
#8 C:\Server\xampp\htdocs\cashiera\system\Commands\Server\rewrite.php(45): require_once('C:\\Server\\xampp...')
#9 {main}
CRITICAL - 2021-04-06 07:56:19 --> Class "App\Controllers\Extension\Controller" not found
#0 C:\Server\xampp\htdocs\cashiera\system\Autoloader\Autoloader.php(294): include_once()
#1 C:\Server\xampp\htdocs\cashiera\system\Autoloader\Autoloader.php(265): CodeIgniter\Autoloader\Autoloader->includeFile('C:\\Server\\xampp...')
#2 C:\Server\xampp\htdocs\cashiera\system\Autoloader\Autoloader.php(228): CodeIgniter\Autoloader\Autoloader->loadInNamespace('App\\Controllers...')
#3 [internal function]: CodeIgniter\Autoloader\Autoloader->loadClass('App\\Controllers...')
#4 C:\Server\xampp\htdocs\cashiera\system\CodeIgniter.php(893): class_exists('\\App\\Controller...', true)
#5 C:\Server\xampp\htdocs\cashiera\system\CodeIgniter.php(417): CodeIgniter\CodeIgniter->startController()
#6 C:\Server\xampp\htdocs\cashiera\system\CodeIgniter.php(333): CodeIgniter\CodeIgniter->handleRequest(NULL, Object(Config\Cache), false)
#7 C:\Server\xampp\htdocs\cashiera\public\index.php(44): CodeIgniter\CodeIgniter->run()
#8 C:\Server\xampp\htdocs\cashiera\system\Commands\Server\rewrite.php(45): require_once('C:\\Server\\xampp...')
#9 {main}
CRITICAL - 2021-04-06 07:56:39 --> Class "App\Controllers\Controller" not found
#0 C:\Server\xampp\htdocs\cashiera\system\Autoloader\Autoloader.php(294): include_once()
#1 C:\Server\xampp\htdocs\cashiera\system\Autoloader\Autoloader.php(265): CodeIgniter\Autoloader\Autoloader->includeFile('C:\\Server\\xampp...')
#2 C:\Server\xampp\htdocs\cashiera\system\Autoloader\Autoloader.php(228): CodeIgniter\Autoloader\Autoloader->loadInNamespace('App\\Controllers...')
#3 [internal function]: CodeIgniter\Autoloader\Autoloader->loadClass('App\\Controllers...')
#4 C:\Server\xampp\htdocs\cashiera\system\CodeIgniter.php(893): class_exists('\\App\\Controller...', true)
#5 C:\Server\xampp\htdocs\cashiera\system\CodeIgniter.php(417): CodeIgniter\CodeIgniter->startController()
#6 C:\Server\xampp\htdocs\cashiera\system\CodeIgniter.php(333): CodeIgniter\CodeIgniter->handleRequest(NULL, Object(Config\Cache), false)
#7 C:\Server\xampp\htdocs\cashiera\public\index.php(44): CodeIgniter\CodeIgniter->run()
#8 C:\Server\xampp\htdocs\cashiera\system\Commands\Server\rewrite.php(45): require_once('C:\\Server\\xampp...')
#9 {main}
CRITICAL - 2021-04-06 07:59:56 --> Class "App\Controllers\Controller" not found
#0 C:\Server\xampp\htdocs\cashiera\system\Autoloader\Autoloader.php(294): include_once()
#1 C:\Server\xampp\htdocs\cashiera\system\Autoloader\Autoloader.php(265): CodeIgniter\Autoloader\Autoloader->includeFile('C:\\Server\\xampp...')
#2 C:\Server\xampp\htdocs\cashiera\system\Autoloader\Autoloader.php(228): CodeIgniter\Autoloader\Autoloader->loadInNamespace('App\\Controllers...')
#3 [internal function]: CodeIgniter\Autoloader\Autoloader->loadClass('App\\Controllers...')
#4 C:\Server\xampp\htdocs\cashiera\system\CodeIgniter.php(893): class_exists('\\App\\Controller...', true)
#5 C:\Server\xampp\htdocs\cashiera\system\CodeIgniter.php(417): CodeIgniter\CodeIgniter->startController()
#6 C:\Server\xampp\htdocs\cashiera\system\CodeIgniter.php(333): CodeIgniter\CodeIgniter->handleRequest(NULL, Object(Config\Cache), false)
#7 C:\Server\xampp\htdocs\cashiera\public\index.php(44): CodeIgniter\CodeIgniter->run()
#8 C:\Server\xampp\htdocs\cashiera\system\Commands\Server\rewrite.php(45): require_once('C:\\Server\\xampp...')
#9 {main}
CRITICAL - 2021-04-06 08:01:36 --> Class "App\Controllers\Public\BaseController" not found
#0 C:\Server\xampp\htdocs\cashiera\system\Autoloader\Autoloader.php(294): include_once()
#1 C:\Server\xampp\htdocs\cashiera\system\Autoloader\Autoloader.php(265): CodeIgniter\Autoloader\Autoloader->includeFile('C:\\Server\\xampp...')
#2 C:\Server\xampp\htdocs\cashiera\system\Autoloader\Autoloader.php(228): CodeIgniter\Autoloader\Autoloader->loadInNamespace('App\\Controllers...')
#3 [internal function]: CodeIgniter\Autoloader\Autoloader->loadClass('App\\Controllers...')
#4 C:\Server\xampp\htdocs\cashiera\system\CodeIgniter.php(893): class_exists('\\App\\Controller...', true)
#5 C:\Server\xampp\htdocs\cashiera\system\CodeIgniter.php(417): CodeIgniter\CodeIgniter->startController()
#6 C:\Server\xampp\htdocs\cashiera\system\CodeIgniter.php(333): CodeIgniter\CodeIgniter->handleRequest(NULL, Object(Config\Cache), false)
#7 C:\Server\xampp\htdocs\cashiera\public\index.php(44): CodeIgniter\CodeIgniter->run()
#8 C:\Server\xampp\htdocs\cashiera\system\Commands\Server\rewrite.php(45): require_once('C:\\Server\\xampp...')
#9 {main}
CRITICAL - 2021-04-06 08:01:53 --> syntax error, unexpected token "."
#0 C:\Server\xampp\htdocs\cashiera\system\Autoloader\Autoloader.php(265): CodeIgniter\Autoloader\Autoloader->includeFile('C:\\Server\\xampp...')
#1 C:\Server\xampp\htdocs\cashiera\system\Autoloader\Autoloader.php(228): CodeIgniter\Autoloader\Autoloader->loadInNamespace('App\\Controllers...')
#2 [internal function]: CodeIgniter\Autoloader\Autoloader->loadClass('App\\Controllers...')
#3 C:\Server\xampp\htdocs\cashiera\system\CodeIgniter.php(893): class_exists('\\App\\Controller...', true)
#4 C:\Server\xampp\htdocs\cashiera\system\CodeIgniter.php(417): CodeIgniter\CodeIgniter->startController()
#5 C:\Server\xampp\htdocs\cashiera\system\CodeIgniter.php(333): CodeIgniter\CodeIgniter->handleRequest(NULL, Object(Config\Cache), false)
#6 C:\Server\xampp\htdocs\cashiera\public\index.php(44): CodeIgniter\CodeIgniter->run()
#7 C:\Server\xampp\htdocs\cashiera\system\Commands\Server\rewrite.php(45): require_once('C:\\Server\\xampp...')
#8 {main}
CRITICAL - 2021-04-06 08:02:04 --> Class "App\Controllers\BaseController" not found
#0 C:\Server\xampp\htdocs\cashiera\system\Autoloader\Autoloader.php(294): include_once()
#1 C:\Server\xampp\htdocs\cashiera\system\Autoloader\Autoloader.php(265): CodeIgniter\Autoloader\Autoloader->includeFile('C:\\Server\\xampp...')
#2 C:\Server\xampp\htdocs\cashiera\system\Autoloader\Autoloader.php(228): CodeIgniter\Autoloader\Autoloader->loadInNamespace('App\\Controllers...')
#3 [internal function]: CodeIgniter\Autoloader\Autoloader->loadClass('App\\Controllers...')
#4 C:\Server\xampp\htdocs\cashiera\system\CodeIgniter.php(893): class_exists('\\App\\Controller...', true)
#5 C:\Server\xampp\htdocs\cashiera\system\CodeIgniter.php(417): CodeIgniter\CodeIgniter->startController()
#6 C:\Server\xampp\htdocs\cashiera\system\CodeIgniter.php(333): CodeIgniter\CodeIgniter->handleRequest(NULL, Object(Config\Cache), false)
#7 C:\Server\xampp\htdocs\cashiera\public\index.php(44): CodeIgniter\CodeIgniter->run()
#8 C:\Server\xampp\htdocs\cashiera\system\Commands\Server\rewrite.php(45): require_once('C:\\Server\\xampp...')
#9 {main}
CRITICAL - 2021-04-06 08:02:29 --> Class "App\Controllers\BaseController" not found
#0 C:\Server\xampp\htdocs\cashiera\system\Autoloader\Autoloader.php(294): include_once()
#1 C:\Server\xampp\htdocs\cashiera\system\Autoloader\Autoloader.php(265): CodeIgniter\Autoloader\Autoloader->includeFile('C:\\Server\\xampp...')
#2 C:\Server\xampp\htdocs\cashiera\system\Autoloader\Autoloader.php(228): CodeIgniter\Autoloader\Autoloader->loadInNamespace('App\\Controllers...')
#3 [internal function]: CodeIgniter\Autoloader\Autoloader->loadClass('App\\Controllers...')
#4 C:\Server\xampp\htdocs\cashiera\system\CodeIgniter.php(893): class_exists('\\App\\Controller...', true)
#5 C:\Server\xampp\htdocs\cashiera\system\CodeIgniter.php(417): CodeIgniter\CodeIgniter->startController()
#6 C:\Server\xampp\htdocs\cashiera\system\CodeIgniter.php(333): CodeIgniter\CodeIgniter->handleRequest(NULL, Object(Config\Cache), false)
#7 C:\Server\xampp\htdocs\cashiera\public\index.php(44): CodeIgniter\CodeIgniter->run()
#8 C:\Server\xampp\htdocs\cashiera\system\Commands\Server\rewrite.php(45): require_once('C:\\Server\\xampp...')
#9 {main}
CRITICAL - 2021-04-06 08:08:13 --> Class "App\Controllers\BaseController" not found
#0 C:\Server\xampp\htdocs\cashiera\system\Autoloader\Autoloader.php(294): include_once()
#1 C:\Server\xampp\htdocs\cashiera\system\Autoloader\Autoloader.php(265): CodeIgniter\Autoloader\Autoloader->includeFile('C:\\Server\\xampp...')
#2 C:\Server\xampp\htdocs\cashiera\system\Autoloader\Autoloader.php(228): CodeIgniter\Autoloader\Autoloader->loadInNamespace('App\\Controllers...')
#3 [internal function]: CodeIgniter\Autoloader\Autoloader->loadClass('App\\Controllers...')
#4 C:\Server\xampp\htdocs\cashiera\system\CodeIgniter.php(893): class_exists('\\App\\Controller...', true)
#5 C:\Server\xampp\htdocs\cashiera\system\CodeIgniter.php(417): CodeIgniter\CodeIgniter->startController()
#6 C:\Server\xampp\htdocs\cashiera\system\CodeIgniter.php(333): CodeIgniter\CodeIgniter->handleRequest(NULL, Object(Config\Cache), false)
#7 C:\Server\xampp\htdocs\cashiera\public\index.php(44): CodeIgniter\CodeIgniter->run()
#8 C:\Server\xampp\htdocs\cashiera\system\Commands\Server\rewrite.php(45): require_once('C:\\Server\\xampp...')
#9 {main}
CRITICAL - 2021-04-06 08:10:16 --> Class "App\Controllers\BaseController" not found
#0 C:\Server\xampp\htdocs\cashiera\system\Autoloader\Autoloader.php(294): include_once()
#1 C:\Server\xampp\htdocs\cashiera\system\Autoloader\Autoloader.php(265): CodeIgniter\Autoloader\Autoloader->includeFile('C:\\Server\\xampp...')
#2 C:\Server\xampp\htdocs\cashiera\system\Autoloader\Autoloader.php(228): CodeIgniter\Autoloader\Autoloader->loadInNamespace('App\\Controllers...')
#3 [internal function]: CodeIgniter\Autoloader\Autoloader->loadClass('App\\Controllers...')
#4 C:\Server\xampp\htdocs\cashiera\system\CodeIgniter.php(893): class_exists('\\App\\Controller...', true)
#5 C:\Server\xampp\htdocs\cashiera\system\CodeIgniter.php(417): CodeIgniter\CodeIgniter->startController()
#6 C:\Server\xampp\htdocs\cashiera\system\CodeIgniter.php(333): CodeIgniter\CodeIgniter->handleRequest(NULL, Object(Config\Cache), false)
#7 C:\Server\xampp\htdocs\cashiera\public\index.php(44): CodeIgniter\CodeIgniter->run()
#8 C:\Server\xampp\htdocs\cashiera\system\Commands\Server\rewrite.php(45): require_once('C:\\Server\\xampp...')
#9 {main}
CRITICAL - 2021-04-06 08:10:16 --> Class "App\Controllers\BaseController" not found
#0 C:\Server\xampp\htdocs\cashiera\system\Autoloader\Autoloader.php(294): include_once()
#1 C:\Server\xampp\htdocs\cashiera\system\Autoloader\Autoloader.php(265): CodeIgniter\Autoloader\Autoloader->includeFile('C:\\Server\\xampp...')
#2 C:\Server\xampp\htdocs\cashiera\system\Autoloader\Autoloader.php(228): CodeIgniter\Autoloader\Autoloader->loadInNamespace('App\\Controllers...')
#3 [internal function]: CodeIgniter\Autoloader\Autoloader->loadClass('App\\Controllers...')
#4 C:\Server\xampp\htdocs\cashiera\system\CodeIgniter.php(893): class_exists('\\App\\Controller...', true)
#5 C:\Server\xampp\htdocs\cashiera\system\CodeIgniter.php(417): CodeIgniter\CodeIgniter->startController()
#6 C:\Server\xampp\htdocs\cashiera\system\CodeIgniter.php(333): CodeIgniter\CodeIgniter->handleRequest(NULL, Object(Config\Cache), false)
#7 C:\Server\xampp\htdocs\cashiera\public\index.php(44): CodeIgniter\CodeIgniter->run()
#8 C:\Server\xampp\htdocs\cashiera\system\Commands\Server\rewrite.php(45): require_once('C:\\Server\\xampp...')
#9 {main}
CRITICAL - 2021-04-06 08:10:32 --> Class "App\Controllers\BaseController" not found
#0 C:\Server\xampp\htdocs\cashiera\system\Autoloader\Autoloader.php(294): include_once()
#1 C:\Server\xampp\htdocs\cashiera\system\Autoloader\Autoloader.php(265): CodeIgniter\Autoloader\Autoloader->includeFile('C:\\Server\\xampp...')
#2 C:\Server\xampp\htdocs\cashiera\system\Autoloader\Autoloader.php(228): CodeIgniter\Autoloader\Autoloader->loadInNamespace('App\\Controllers...')
#3 [internal function]: CodeIgniter\Autoloader\Autoloader->loadClass('App\\Controllers...')
#4 C:\Server\xampp\htdocs\cashiera\system\CodeIgniter.php(893): class_exists('\\App\\Controller...', true)
#5 C:\Server\xampp\htdocs\cashiera\system\CodeIgniter.php(417): CodeIgniter\CodeIgniter->startController()
#6 C:\Server\xampp\htdocs\cashiera\system\CodeIgniter.php(333): CodeIgniter\CodeIgniter->handleRequest(NULL, Object(Config\Cache), false)
#7 C:\Server\xampp\htdocs\cashiera\public\index.php(44): CodeIgniter\CodeIgniter->run()
#8 C:\Server\xampp\htdocs\cashiera\system\Commands\Server\rewrite.php(45): require_once('C:\\Server\\xampp...')
#9 {main}
CRITICAL - 2021-04-06 08:10:37 --> Class "App\Controllers\BaseController" not found
#0 C:\Server\xampp\htdocs\cashiera\system\Autoloader\Autoloader.php(294): include_once()
#1 C:\Server\xampp\htdocs\cashiera\system\Autoloader\Autoloader.php(265): CodeIgniter\Autoloader\Autoloader->includeFile('C:\\Server\\xampp...')
#2 C:\Server\xampp\htdocs\cashiera\system\Autoloader\Autoloader.php(228): CodeIgniter\Autoloader\Autoloader->loadInNamespace('App\\Controllers...')
#3 [internal function]: CodeIgniter\Autoloader\Autoloader->loadClass('App\\Controllers...')
#4 C:\Server\xampp\htdocs\cashiera\system\CodeIgniter.php(893): class_exists('\\App\\Controller...', true)
#5 C:\Server\xampp\htdocs\cashiera\system\CodeIgniter.php(417): CodeIgniter\CodeIgniter->startController()
#6 C:\Server\xampp\htdocs\cashiera\system\CodeIgniter.php(333): CodeIgniter\CodeIgniter->handleRequest(NULL, Object(Config\Cache), false)
#7 C:\Server\xampp\htdocs\cashiera\public\index.php(44): CodeIgniter\CodeIgniter->run()
#8 C:\Server\xampp\htdocs\cashiera\system\Commands\Server\rewrite.php(45): require_once('C:\\Server\\xampp...')
#9 {main}
CRITICAL - 2021-04-06 08:10:45 --> Class "App\Controllers\BaseController" not found
#0 C:\Server\xampp\htdocs\cashiera\system\Autoloader\Autoloader.php(294): include_once()
#1 C:\Server\xampp\htdocs\cashiera\system\Autoloader\Autoloader.php(265): CodeIgniter\Autoloader\Autoloader->includeFile('C:\\Server\\xampp...')
#2 C:\Server\xampp\htdocs\cashiera\system\Autoloader\Autoloader.php(228): CodeIgniter\Autoloader\Autoloader->loadInNamespace('App\\Controllers...')
#3 [internal function]: CodeIgniter\Autoloader\Autoloader->loadClass('App\\Controllers...')
#4 C:\Server\xampp\htdocs\cashiera\system\CodeIgniter.php(893): class_exists('\\App\\Controller...', true)
#5 C:\Server\xampp\htdocs\cashiera\system\CodeIgniter.php(417): CodeIgniter\CodeIgniter->startController()
#6 C:\Server\xampp\htdocs\cashiera\system\CodeIgniter.php(333): CodeIgniter\CodeIgniter->handleRequest(NULL, Object(Config\Cache), false)
#7 C:\Server\xampp\htdocs\cashiera\public\index.php(44): CodeIgniter\CodeIgniter->run()
#8 C:\Server\xampp\htdocs\cashiera\system\Commands\Server\rewrite.php(45): require_once('C:\\Server\\xampp...')
#9 {main}
CRITICAL - 2021-04-06 08:13:02 --> Class "App\Controllers\BaseController" not found
#0 C:\Server\xampp\htdocs\cashiera\system\Autoloader\Autoloader.php(294): include_once()
#1 C:\Server\xampp\htdocs\cashiera\system\Autoloader\Autoloader.php(265): CodeIgniter\Autoloader\Autoloader->includeFile('C:\\Server\\xampp...')
#2 C:\Server\xampp\htdocs\cashiera\system\Autoloader\Autoloader.php(228): CodeIgniter\Autoloader\Autoloader->loadInNamespace('App\\Controllers...')
#3 [internal function]: CodeIgniter\Autoloader\Autoloader->loadClass('App\\Controllers...')
#4 C:\Server\xampp\htdocs\cashiera\system\CodeIgniter.php(893): class_exists('\\App\\Controller...', true)
#5 C:\Server\xampp\htdocs\cashiera\system\CodeIgniter.php(417): CodeIgniter\CodeIgniter->startController()
#6 C:\Server\xampp\htdocs\cashiera\system\CodeIgniter.php(333): CodeIgniter\CodeIgniter->handleRequest(NULL, Object(Config\Cache), false)
#7 C:\Server\xampp\htdocs\cashiera\public\index.php(44): CodeIgniter\CodeIgniter->run()
#8 C:\Server\xampp\htdocs\cashiera\system\Commands\Server\rewrite.php(45): require_once('C:\\Server\\xampp...')
#9 {main}
CRITICAL - 2021-04-06 08:14:11 --> Class "App\Controllers\BaseController" not found
#0 C:\Server\xampp\htdocs\cashiera\system\Autoloader\Autoloader.php(294): include_once()
#1 C:\Server\xampp\htdocs\cashiera\system\Autoloader\Autoloader.php(265): CodeIgniter\Autoloader\Autoloader->includeFile('C:\\Server\\xampp...')
#2 C:\Server\xampp\htdocs\cashiera\system\Autoloader\Autoloader.php(228): CodeIgniter\Autoloader\Autoloader->loadInNamespace('App\\Controllers...')
#3 [internal function]: CodeIgniter\Autoloader\Autoloader->loadClass('App\\Controllers...')
#4 C:\Server\xampp\htdocs\cashiera\system\CodeIgniter.php(893): class_exists('\\App\\Controller...', true)
#5 C:\Server\xampp\htdocs\cashiera\system\CodeIgniter.php(417): CodeIgniter\CodeIgniter->startController()
#6 C:\Server\xampp\htdocs\cashiera\system\CodeIgniter.php(333): CodeIgniter\CodeIgniter->handleRequest(NULL, Object(Config\Cache), false)
#7 C:\Server\xampp\htdocs\cashiera\public\index.php(44): CodeIgniter\CodeIgniter->run()
#8 C:\Server\xampp\htdocs\cashiera\system\Commands\Server\rewrite.php(45): require_once('C:\\Server\\xampp...')
#9 {main}
CRITICAL - 2021-04-06 08:14:12 --> Class "App\Controllers\BaseController" not found
#0 C:\Server\xampp\htdocs\cashiera\system\Autoloader\Autoloader.php(294): include_once()
#1 C:\Server\xampp\htdocs\cashiera\system\Autoloader\Autoloader.php(265): CodeIgniter\Autoloader\Autoloader->includeFile('C:\\Server\\xampp...')
#2 C:\Server\xampp\htdocs\cashiera\system\Autoloader\Autoloader.php(228): CodeIgniter\Autoloader\Autoloader->loadInNamespace('App\\Controllers...')
#3 [internal function]: CodeIgniter\Autoloader\Autoloader->loadClass('App\\Controllers...')
#4 C:\Server\xampp\htdocs\cashiera\system\CodeIgniter.php(893): class_exists('\\App\\Controller...', true)
#5 C:\Server\xampp\htdocs\cashiera\system\CodeIgniter.php(417): CodeIgniter\CodeIgniter->startController()
#6 C:\Server\xampp\htdocs\cashiera\system\CodeIgniter.php(333): CodeIgniter\CodeIgniter->handleRequest(NULL, Object(Config\Cache), false)
#7 C:\Server\xampp\htdocs\cashiera\public\index.php(44): CodeIgniter\CodeIgniter->run()
#8 C:\Server\xampp\htdocs\cashiera\system\Commands\Server\rewrite.php(45): require_once('C:\\Server\\xampp...')
#9 {main}
CRITICAL - 2021-04-06 08:14:53 --> Class "App\Controllers\BaseController" not found
#0 C:\Server\xampp\htdocs\cashiera\system\Autoloader\Autoloader.php(294): include_once()
#1 C:\Server\xampp\htdocs\cashiera\system\Autoloader\Autoloader.php(265): CodeIgniter\Autoloader\Autoloader->includeFile('C:\\Server\\xampp...')
#2 C:\Server\xampp\htdocs\cashiera\system\Autoloader\Autoloader.php(228): CodeIgniter\Autoloader\Autoloader->loadInNamespace('App\\Controllers...')
#3 [internal function]: CodeIgniter\Autoloader\Autoloader->loadClass('App\\Controllers...')
#4 C:\Server\xampp\htdocs\cashiera\system\CodeIgniter.php(893): class_exists('\\App\\Controller...', true)
#5 C:\Server\xampp\htdocs\cashiera\system\CodeIgniter.php(417): CodeIgniter\CodeIgniter->startController()
#6 C:\Server\xampp\htdocs\cashiera\system\CodeIgniter.php(333): CodeIgniter\CodeIgniter->handleRequest(NULL, Object(Config\Cache), false)
#7 C:\Server\xampp\htdocs\cashiera\public\index.php(44): CodeIgniter\CodeIgniter->run()
#8 C:\Server\xampp\htdocs\cashiera\system\Commands\Server\rewrite.php(45): require_once('C:\\Server\\xampp...')
#9 {main}
CRITICAL - 2021-04-06 08:14:53 --> Class "App\Controllers\BaseController" not found
#0 C:\Server\xampp\htdocs\cashiera\system\Autoloader\Autoloader.php(294): include_once()
#1 C:\Server\xampp\htdocs\cashiera\system\Autoloader\Autoloader.php(265): CodeIgniter\Autoloader\Autoloader->includeFile('C:\\Server\\xampp...')
#2 C:\Server\xampp\htdocs\cashiera\system\Autoloader\Autoloader.php(228): CodeIgniter\Autoloader\Autoloader->loadInNamespace('App\\Controllers...')
#3 [internal function]: CodeIgniter\Autoloader\Autoloader->loadClass('App\\Controllers...')
#4 C:\Server\xampp\htdocs\cashiera\system\CodeIgniter.php(893): class_exists('\\App\\Controller...', true)
#5 C:\Server\xampp\htdocs\cashiera\system\CodeIgniter.php(417): CodeIgniter\CodeIgniter->startController()
#6 C:\Server\xampp\htdocs\cashiera\system\CodeIgniter.php(333): CodeIgniter\CodeIgniter->handleRequest(NULL, Object(Config\Cache), false)
#7 C:\Server\xampp\htdocs\cashiera\public\index.php(44): CodeIgniter\CodeIgniter->run()
#8 C:\Server\xampp\htdocs\cashiera\system\Commands\Server\rewrite.php(45): require_once('C:\\Server\\xampp...')
#9 {main}
CRITICAL - 2021-04-06 08:15:08 --> Class "App\Controllers\BaseController" not found
#0 C:\Server\xampp\htdocs\cashiera\system\Autoloader\Autoloader.php(294): include_once()
#1 C:\Server\xampp\htdocs\cashiera\system\Autoloader\Autoloader.php(265): CodeIgniter\Autoloader\Autoloader->includeFile('C:\\Server\\xampp...')
#2 C:\Server\xampp\htdocs\cashiera\system\Autoloader\Autoloader.php(228): CodeIgniter\Autoloader\Autoloader->loadInNamespace('App\\Controllers...')
#3 [internal function]: CodeIgniter\Autoloader\Autoloader->loadClass('App\\Controllers...')
#4 C:\Server\xampp\htdocs\cashiera\system\CodeIgniter.php(893): class_exists('\\App\\Controller...', true)
#5 C:\Server\xampp\htdocs\cashiera\system\CodeIgniter.php(417): CodeIgniter\CodeIgniter->startController()
#6 C:\Server\xampp\htdocs\cashiera\system\CodeIgniter.php(333): CodeIgniter\CodeIgniter->handleRequest(NULL, Object(Config\Cache), false)
#7 C:\Server\xampp\htdocs\cashiera\public\index.php(44): CodeIgniter\CodeIgniter->run()
#8 C:\Server\xampp\htdocs\cashiera\system\Commands\Server\rewrite.php(45): require_once('C:\\Server\\xampp...')
#9 {main}
CRITICAL - 2021-04-06 08:16:36 --> Class "App\Controllers\Extension\BaseController" not found
#0 C:\Server\xampp\htdocs\cashiera\system\Autoloader\Autoloader.php(294): include_once()
#1 C:\Server\xampp\htdocs\cashiera\system\Autoloader\Autoloader.php(265): CodeIgniter\Autoloader\Autoloader->includeFile('C:\\Server\\xampp...')
#2 C:\Server\xampp\htdocs\cashiera\system\Autoloader\Autoloader.php(228): CodeIgniter\Autoloader\Autoloader->loadInNamespace('App\\Controllers...')
#3 [internal function]: CodeIgniter\Autoloader\Autoloader->loadClass('App\\Controllers...')
#4 C:\Server\xampp\htdocs\cashiera\system\CodeIgniter.php(893): class_exists('\\App\\Controller...', true)
#5 C:\Server\xampp\htdocs\cashiera\system\CodeIgniter.php(417): CodeIgniter\CodeIgniter->startController()
#6 C:\Server\xampp\htdocs\cashiera\system\CodeIgniter.php(333): CodeIgniter\CodeIgniter->handleRequest(NULL, Object(Config\Cache), false)
#7 C:\Server\xampp\htdocs\cashiera\public\index.php(44): CodeIgniter\CodeIgniter->run()
#8 C:\Server\xampp\htdocs\cashiera\system\Commands\Server\rewrite.php(45): require_once('C:\\Server\\xampp...')
#9 {main}
CRITICAL - 2021-04-06 08:18:03 --> Class "App\Controllers\Extension\BaseController" not found
#0 C:\Server\xampp\htdocs\cashiera\system\Autoloader\Autoloader.php(294): include_once()
#1 C:\Server\xampp\htdocs\cashiera\system\Autoloader\Autoloader.php(265): CodeIgniter\Autoloader\Autoloader->includeFile('C:\\Server\\xampp...')
#2 C:\Server\xampp\htdocs\cashiera\system\Autoloader\Autoloader.php(228): CodeIgniter\Autoloader\Autoloader->loadInNamespace('App\\Controllers...')
#3 [internal function]: CodeIgniter\Autoloader\Autoloader->loadClass('App\\Controllers...')
#4 C:\Server\xampp\htdocs\cashiera\system\CodeIgniter.php(893): class_exists('\\App\\Controller...', true)
#5 C:\Server\xampp\htdocs\cashiera\system\CodeIgniter.php(417): CodeIgniter\CodeIgniter->startController()
#6 C:\Server\xampp\htdocs\cashiera\system\CodeIgniter.php(333): CodeIgniter\CodeIgniter->handleRequest(NULL, Object(Config\Cache), false)
#7 C:\Server\xampp\htdocs\cashiera\public\index.php(44): CodeIgniter\CodeIgniter->run()
#8 C:\Server\xampp\htdocs\cashiera\system\Commands\Server\rewrite.php(45): require_once('C:\\Server\\xampp...')
#9 {main}
CRITICAL - 2021-04-06 08:19:03 --> Class "App\Controllers\Extension\BaseController" not found
#0 C:\Server\xampp\htdocs\cashiera\system\Autoloader\Autoloader.php(294): include_once()
#1 C:\Server\xampp\htdocs\cashiera\system\Autoloader\Autoloader.php(265): CodeIgniter\Autoloader\Autoloader->includeFile('C:\\Server\\xampp...')
#2 C:\Server\xampp\htdocs\cashiera\system\Autoloader\Autoloader.php(228): CodeIgniter\Autoloader\Autoloader->loadInNamespace('App\\Controllers...')
#3 [internal function]: CodeIgniter\Autoloader\Autoloader->loadClass('App\\Controllers...')
#4 C:\Server\xampp\htdocs\cashiera\system\CodeIgniter.php(893): class_exists('\\App\\Controller...', true)
#5 C:\Server\xampp\htdocs\cashiera\system\CodeIgniter.php(417): CodeIgniter\CodeIgniter->startController()
#6 C:\Server\xampp\htdocs\cashiera\system\CodeIgniter.php(333): CodeIgniter\CodeIgniter->handleRequest(NULL, Object(Config\Cache), false)
#7 C:\Server\xampp\htdocs\cashiera\public\index.php(44): CodeIgniter\CodeIgniter->run()
#8 C:\Server\xampp\htdocs\cashiera\system\Commands\Server\rewrite.php(45): require_once('C:\\Server\\xampp...')
#9 {main}
CRITICAL - 2021-04-06 08:19:25 --> Class "App\Controllers\Extension\BaseController" not found
#0 C:\Server\xampp\htdocs\cashiera\system\Autoloader\Autoloader.php(294): include_once()
#1 C:\Server\xampp\htdocs\cashiera\system\Autoloader\Autoloader.php(265): CodeIgniter\Autoloader\Autoloader->includeFile('C:\\Server\\xampp...')
#2 C:\Server\xampp\htdocs\cashiera\system\Autoloader\Autoloader.php(228): CodeIgniter\Autoloader\Autoloader->loadInNamespace('App\\Controllers...')
#3 [internal function]: CodeIgniter\Autoloader\Autoloader->loadClass('App\\Controllers...')
#4 C:\Server\xampp\htdocs\cashiera\system\CodeIgniter.php(893): class_exists('\\App\\Controller...', true)
#5 C:\Server\xampp\htdocs\cashiera\system\CodeIgniter.php(417): CodeIgniter\CodeIgniter->startController()
#6 C:\Server\xampp\htdocs\cashiera\system\CodeIgniter.php(333): CodeIgniter\CodeIgniter->handleRequest(NULL, Object(Config\Cache), false)
#7 C:\Server\xampp\htdocs\cashiera\public\index.php(44): CodeIgniter\CodeIgniter->run()
#8 C:\Server\xampp\htdocs\cashiera\system\Commands\Server\rewrite.php(45): require_once('C:\\Server\\xampp...')
#9 {main}
CRITICAL - 2021-04-06 08:21:07 --> Class "App\Controllers\Public\Extension\BaseController" not found
#0 C:\Server\xampp\htdocs\cashiera\system\Autoloader\Autoloader.php(294): include_once()
#1 C:\Server\xampp\htdocs\cashiera\system\Autoloader\Autoloader.php(265): CodeIgniter\Autoloader\Autoloader->includeFile('C:\\Server\\xampp...')
#2 C:\Server\xampp\htdocs\cashiera\system\Autoloader\Autoloader.php(228): CodeIgniter\Autoloader\Autoloader->loadInNamespace('App\\Controllers...')
#3 [internal function]: CodeIgniter\Autoloader\Autoloader->loadClass('App\\Controllers...')
#4 C:\Server\xampp\htdocs\cashiera\system\CodeIgniter.php(893): class_exists('\\App\\Controller...', true)
#5 C:\Server\xampp\htdocs\cashiera\system\CodeIgniter.php(417): CodeIgniter\CodeIgniter->startController()
#6 C:\Server\xampp\htdocs\cashiera\system\CodeIgniter.php(333): CodeIgniter\CodeIgniter->handleRequest(NULL, Object(Config\Cache), false)
#7 C:\Server\xampp\htdocs\cashiera\public\index.php(44): CodeIgniter\CodeIgniter->run()
#8 C:\Server\xampp\htdocs\cashiera\system\Commands\Server\rewrite.php(45): require_once('C:\\Server\\xampp...')
#9 {main}
CRITICAL - 2021-04-06 08:30:06 --> Class "App\Controllers\Extension\BaseController" not found
#0 C:\Server\xampp\htdocs\cashiera\system\Autoloader\Autoloader.php(294): include_once()
#1 C:\Server\xampp\htdocs\cashiera\system\Autoloader\Autoloader.php(265): CodeIgniter\Autoloader\Autoloader->includeFile('C:\\Server\\xampp...')
#2 C:\Server\xampp\htdocs\cashiera\system\Autoloader\Autoloader.php(228): CodeIgniter\Autoloader\Autoloader->loadInNamespace('App\\Controllers...')
#3 [internal function]: CodeIgniter\Autoloader\Autoloader->loadClass('App\\Controllers...')
#4 C:\Server\xampp\htdocs\cashiera\system\CodeIgniter.php(893): class_exists('\\App\\Controller...', true)
#5 C:\Server\xampp\htdocs\cashiera\system\CodeIgniter.php(417): CodeIgniter\CodeIgniter->startController()
#6 C:\Server\xampp\htdocs\cashiera\system\CodeIgniter.php(333): CodeIgniter\CodeIgniter->handleRequest(NULL, Object(Config\Cache), false)
#7 C:\Server\xampp\htdocs\cashiera\public\index.php(44): CodeIgniter\CodeIgniter->run()
#8 C:\Server\xampp\htdocs\cashiera\system\Commands\Server\rewrite.php(45): require_once('C:\\Server\\xampp...')
#9 {main}
CRITICAL - 2021-04-06 08:30:12 --> Class "App\Controllers\Extension\BaseController" not found
#0 C:\Server\xampp\htdocs\cashiera\system\Autoloader\Autoloader.php(294): include_once()
#1 C:\Server\xampp\htdocs\cashiera\system\Autoloader\Autoloader.php(265): CodeIgniter\Autoloader\Autoloader->includeFile('C:\\Server\\xampp...')
#2 C:\Server\xampp\htdocs\cashiera\system\Autoloader\Autoloader.php(228): CodeIgniter\Autoloader\Autoloader->loadInNamespace('App\\Controllers...')
#3 [internal function]: CodeIgniter\Autoloader\Autoloader->loadClass('App\\Controllers...')
#4 C:\Server\xampp\htdocs\cashiera\system\CodeIgniter.php(893): class_exists('\\App\\Controller...', true)
#5 C:\Server\xampp\htdocs\cashiera\system\CodeIgniter.php(417): CodeIgniter\CodeIgniter->startController()
#6 C:\Server\xampp\htdocs\cashiera\system\CodeIgniter.php(333): CodeIgniter\CodeIgniter->handleRequest(NULL, Object(Config\Cache), false)
#7 C:\Server\xampp\htdocs\cashiera\public\index.php(44): CodeIgniter\CodeIgniter->run()
#8 C:\Server\xampp\htdocs\cashiera\system\Commands\Server\rewrite.php(45): require_once('C:\\Server\\xampp...')
#9 {main}
CRITICAL - 2021-04-06 08:37:46 --> Invalid file: public/extension/init.php
#0 C:\Server\xampp\htdocs\cashiera\system\View\View.php(203): CodeIgniter\Exceptions\FrameworkException::forInvalidFile('public/extensio...')
#1 C:\Server\xampp\htdocs\cashiera\system\Common.php(1217): CodeIgniter\View\View->render('public/extensio...', Array, true)
#2 C:\Server\xampp\htdocs\cashiera\app\Controllers\Extension\Home.php(11): view('public/extensio...')
#3 C:\Server\xampp\htdocs\cashiera\system\CodeIgniter.php(936): App\Controllers\Extension\Home->index()
#4 C:\Server\xampp\htdocs\cashiera\system\CodeIgniter.php(432): CodeIgniter\CodeIgniter->runController(Object(App\Controllers\Extension\Home))
#5 C:\Server\xampp\htdocs\cashiera\system\CodeIgniter.php(333): CodeIgniter\CodeIgniter->handleRequest(NULL, Object(Config\Cache), false)
#6 C:\Server\xampp\htdocs\cashiera\public\index.php(44): CodeIgniter\CodeIgniter->run()
#7 C:\Server\xampp\htdocs\cashiera\system\Commands\Server\rewrite.php(45): require_once('C:\\Server\\xampp...')
#8 {main}
CRITICAL - 2021-04-06 08:37:48 --> Invalid file: public/extension/init.php
#0 C:\Server\xampp\htdocs\cashiera\system\View\View.php(203): CodeIgniter\Exceptions\FrameworkException::forInvalidFile('public/extensio...')
#1 C:\Server\xampp\htdocs\cashiera\system\Common.php(1217): CodeIgniter\View\View->render('public/extensio...', Array, true)
#2 C:\Server\xampp\htdocs\cashiera\app\Controllers\Extension\Home.php(11): view('public/extensio...')
#3 C:\Server\xampp\htdocs\cashiera\system\CodeIgniter.php(936): App\Controllers\Extension\Home->index()
#4 C:\Server\xampp\htdocs\cashiera\system\CodeIgniter.php(432): CodeIgniter\CodeIgniter->runController(Object(App\Controllers\Extension\Home))
#5 C:\Server\xampp\htdocs\cashiera\system\CodeIgniter.php(333): CodeIgniter\CodeIgniter->handleRequest(NULL, Object(Config\Cache), false)
#6 C:\Server\xampp\htdocs\cashiera\public\index.php(44): CodeIgniter\CodeIgniter->run()
#7 C:\Server\xampp\htdocs\cashiera\system\Commands\Server\rewrite.php(45): require_once('C:\\Server\\xampp...')
#8 {main}
CRITICAL - 2021-04-06 08:39:08 --> Invalid file: public/extension/init.php
#0 C:\Server\xampp\htdocs\cashiera\system\View\View.php(203): CodeIgniter\Exceptions\FrameworkException::forInvalidFile('public/extensio...')
#1 C:\Server\xampp\htdocs\cashiera\system\Common.php(1217): CodeIgniter\View\View->render('public/extensio...', Array, true)
#2 C:\Server\xampp\htdocs\cashiera\app\Controllers\Extension\Home.php(11): view('public/extensio...')
#3 C:\Server\xampp\htdocs\cashiera\system\CodeIgniter.php(936): App\Controllers\Extension\Home->index()
#4 C:\Server\xampp\htdocs\cashiera\system\CodeIgniter.php(432): CodeIgniter\CodeIgniter->runController(Object(App\Controllers\Extension\Home))
#5 C:\Server\xampp\htdocs\cashiera\system\CodeIgniter.php(333): CodeIgniter\CodeIgniter->handleRequest(NULL, Object(Config\Cache), false)
#6 C:\Server\xampp\htdocs\cashiera\public\index.php(44): CodeIgniter\CodeIgniter->run()
#7 C:\Server\xampp\htdocs\cashiera\system\Commands\Server\rewrite.php(45): require_once('C:\\Server\\xampp...')
#8 {main}
CRITICAL - 2021-04-06 08:39:10 --> Invalid file: public/extension/init.php
#0 C:\Server\xampp\htdocs\cashiera\system\View\View.php(203): CodeIgniter\Exceptions\FrameworkException::forInvalidFile('public/extensio...')
#1 C:\Server\xampp\htdocs\cashiera\system\Common.php(1217): CodeIgniter\View\View->render('public/extensio...', Array, true)
#2 C:\Server\xampp\htdocs\cashiera\app\Controllers\Extension\Home.php(11): view('public/extensio...')
#3 C:\Server\xampp\htdocs\cashiera\system\CodeIgniter.php(936): App\Controllers\Extension\Home->index()
#4 C:\Server\xampp\htdocs\cashiera\system\CodeIgniter.php(432): CodeIgniter\CodeIgniter->runController(Object(App\Controllers\Extension\Home))
#5 C:\Server\xampp\htdocs\cashiera\system\CodeIgniter.php(333): CodeIgniter\CodeIgniter->handleRequest(NULL, Object(Config\Cache), false)
#6 C:\Server\xampp\htdocs\cashiera\public\index.php(44): CodeIgniter\CodeIgniter->run()
#7 C:\Server\xampp\htdocs\cashiera\system\Commands\Server\rewrite.php(45): require_once('C:\\Server\\xampp...')
#8 {main}
CRITICAL - 2021-04-06 08:40:46 --> Invalid file: public/extension/init.php
#0 C:\Server\xampp\htdocs\cashiera\system\View\View.php(203): CodeIgniter\Exceptions\FrameworkException::forInvalidFile('public/extensio...')
#1 C:\Server\xampp\htdocs\cashiera\system\Common.php(1217): CodeIgniter\View\View->render('public/extensio...', Array, true)
#2 C:\Server\xampp\htdocs\cashiera\app\Controllers\Home.php(10): view('public/extensio...')
#3 C:\Server\xampp\htdocs\cashiera\system\CodeIgniter.php(936): App\Controllers\Home->index()
#4 C:\Server\xampp\htdocs\cashiera\system\CodeIgniter.php(432): CodeIgniter\CodeIgniter->runController(Object(App\Controllers\Home))
#5 C:\Server\xampp\htdocs\cashiera\system\CodeIgniter.php(333): CodeIgniter\CodeIgniter->handleRequest(NULL, Object(Config\Cache), false)
#6 C:\Server\xampp\htdocs\cashiera\public\index.php(44): CodeIgniter\CodeIgniter->run()
#7 C:\Server\xampp\htdocs\cashiera\system\Commands\Server\rewrite.php(45): require_once('C:\\Server\\xampp...')
#8 {main}
CRITICAL - 2021-04-06 08:40:48 --> Invalid file: public/extension/init.php
#0 C:\Server\xampp\htdocs\cashiera\system\View\View.php(203): CodeIgniter\Exceptions\FrameworkException::forInvalidFile('public/extensio...')
#1 C:\Server\xampp\htdocs\cashiera\system\Common.php(1217): CodeIgniter\View\View->render('public/extensio...', Array, true)
#2 C:\Server\xampp\htdocs\cashiera\app\Controllers\Home.php(10): view('public/extensio...')
#3 C:\Server\xampp\htdocs\cashiera\system\CodeIgniter.php(936): App\Controllers\Home->index()
#4 C:\Server\xampp\htdocs\cashiera\system\CodeIgniter.php(432): CodeIgniter\CodeIgniter->runController(Object(App\Controllers\Home))
#5 C:\Server\xampp\htdocs\cashiera\system\CodeIgniter.php(333): CodeIgniter\CodeIgniter->handleRequest(NULL, Object(Config\Cache), false)
#6 C:\Server\xampp\htdocs\cashiera\public\index.php(44): CodeIgniter\CodeIgniter->run()
#7 C:\Server\xampp\htdocs\cashiera\system\Commands\Server\rewrite.php(45): require_once('C:\\Server\\xampp...')
#8 {main}
CRITICAL - 2021-04-06 08:41:09 --> Invalid file: public/extension/init.php
#0 C:\Server\xampp\htdocs\cashiera\system\View\View.php(203): CodeIgniter\Exceptions\FrameworkException::forInvalidFile('public/extensio...')
#1 C:\Server\xampp\htdocs\cashiera\system\Common.php(1217): CodeIgniter\View\View->render('public/extensio...', Array, true)
#2 C:\Server\xampp\htdocs\cashiera\app\Controllers\Home.php(10): view('public/extensio...')
#3 C:\Server\xampp\htdocs\cashiera\system\CodeIgniter.php(936): App\Controllers\Home->index()
#4 C:\Server\xampp\htdocs\cashiera\system\CodeIgniter.php(432): CodeIgniter\CodeIgniter->runController(Object(App\Controllers\Home))
#5 C:\Server\xampp\htdocs\cashiera\system\CodeIgniter.php(333): CodeIgniter\CodeIgniter->handleRequest(NULL, Object(Config\Cache), false)
#6 C:\Server\xampp\htdocs\cashiera\public\index.php(44): CodeIgniter\CodeIgniter->run()
#7 C:\Server\xampp\htdocs\cashiera\system\Commands\Server\rewrite.php(45): require_once('C:\\Server\\xampp...')
#8 {main}
CRITICAL - 2021-04-06 08:41:10 --> Invalid file: public/extension/init.php
#0 C:\Server\xampp\htdocs\cashiera\system\View\View.php(203): CodeIgniter\Exceptions\FrameworkException::forInvalidFile('public/extensio...')
#1 C:\Server\xampp\htdocs\cashiera\system\Common.php(1217): CodeIgniter\View\View->render('public/extensio...', Array, true)
#2 C:\Server\xampp\htdocs\cashiera\app\Controllers\Home.php(10): view('public/extensio...')
#3 C:\Server\xampp\htdocs\cashiera\system\CodeIgniter.php(936): App\Controllers\Home->index()
#4 C:\Server\xampp\htdocs\cashiera\system\CodeIgniter.php(432): CodeIgniter\CodeIgniter->runController(Object(App\Controllers\Home))
#5 C:\Server\xampp\htdocs\cashiera\system\CodeIgniter.php(333): CodeIgniter\CodeIgniter->handleRequest(NULL, Object(Config\Cache), false)
#6 C:\Server\xampp\htdocs\cashiera\public\index.php(44): CodeIgniter\CodeIgniter->run()
#7 C:\Server\xampp\htdocs\cashiera\system\Commands\Server\rewrite.php(45): require_once('C:\\Server\\xampp...')
#8 {main}
CRITICAL - 2021-04-06 08:41:13 --> Invalid file: public/extension/init.php
#0 C:\Server\xampp\htdocs\cashiera\system\View\View.php(203): CodeIgniter\Exceptions\FrameworkException::forInvalidFile('public/extensio...')
#1 C:\Server\xampp\htdocs\cashiera\system\Common.php(1217): CodeIgniter\View\View->render('public/extensio...', Array, true)
#2 C:\Server\xampp\htdocs\cashiera\app\Controllers\Home.php(10): view('public/extensio...')
#3 C:\Server\xampp\htdocs\cashiera\system\CodeIgniter.php(936): App\Controllers\Home->index()
#4 C:\Server\xampp\htdocs\cashiera\system\CodeIgniter.php(432): CodeIgniter\CodeIgniter->runController(Object(App\Controllers\Home))
#5 C:\Server\xampp\htdocs\cashiera\system\CodeIgniter.php(333): CodeIgniter\CodeIgniter->handleRequest(NULL, Object(Config\Cache), false)
#6 C:\Server\xampp\htdocs\cashiera\public\index.php(44): CodeIgniter\CodeIgniter->run()
#7 C:\Server\xampp\htdocs\cashiera\system\Commands\Server\rewrite.php(45): require_once('C:\\Server\\xampp...')
#8 {main}
CRITICAL - 2021-04-06 08:41:23 --> Invalid file: public/extension/init.php
#0 C:\Server\xampp\htdocs\cashiera\system\View\View.php(203): CodeIgniter\Exceptions\FrameworkException::forInvalidFile('public/extensio...')
#1 C:\Server\xampp\htdocs\cashiera\system\Common.php(1217): CodeIgniter\View\View->render('public/extensio...', Array, true)
#2 C:\Server\xampp\htdocs\cashiera\app\Controllers\Home.php(10): view('public/extensio...')
#3 C:\Server\xampp\htdocs\cashiera\system\CodeIgniter.php(936): App\Controllers\Home->index()
#4 C:\Server\xampp\htdocs\cashiera\system\CodeIgniter.php(432): CodeIgniter\CodeIgniter->runController(Object(App\Controllers\Home))
#5 C:\Server\xampp\htdocs\cashiera\system\CodeIgniter.php(333): CodeIgniter\CodeIgniter->handleRequest(NULL, Object(Config\Cache), false)
#6 C:\Server\xampp\htdocs\cashiera\public\index.php(44): CodeIgniter\CodeIgniter->run()
#7 C:\Server\xampp\htdocs\cashiera\system\Commands\Server\rewrite.php(45): require_once('C:\\Server\\xampp...')
#8 {main}
CRITICAL - 2021-04-06 08:41:49 --> Invalid file: public/extension/init.php
#0 C:\Server\xampp\htdocs\cashiera\system\View\View.php(203): CodeIgniter\Exceptions\FrameworkException::forInvalidFile('public/extensio...')
#1 C:\Server\xampp\htdocs\cashiera\system\Common.php(1217): CodeIgniter\View\View->render('public/extensio...', Array, true)
#2 C:\Server\xampp\htdocs\cashiera\app\Controllers\Home.php(10): view('public/extensio...')
#3 C:\Server\xampp\htdocs\cashiera\system\CodeIgniter.php(936): App\Controllers\Home->index()
#4 C:\Server\xampp\htdocs\cashiera\system\CodeIgniter.php(432): CodeIgniter\CodeIgniter->runController(Object(App\Controllers\Home))
#5 C:\Server\xampp\htdocs\cashiera\system\CodeIgniter.php(333): CodeIgniter\CodeIgniter->handleRequest(NULL, Object(Config\Cache), false)
#6 C:\Server\xampp\htdocs\cashiera\public\index.php(44): CodeIgniter\CodeIgniter->run()
#7 C:\Server\xampp\htdocs\cashiera\system\Commands\Server\rewrite.php(45): require_once('C:\\Server\\xampp...')
#8 {main}
CRITICAL - 2021-04-06 08:41:59 --> Invalid file: public/extension/header.php
#0 C:\Server\xampp\htdocs\cashiera\system\View\View.php(203): CodeIgniter\Exceptions\FrameworkException::forInvalidFile('public/extensio...')
#1 C:\Server\xampp\htdocs\cashiera\system\Common.php(1217): CodeIgniter\View\View->render('public/extensio...', Array, true)
#2 C:\Server\xampp\htdocs\cashiera\app\Controllers\Home.php(10): view('public/extensio...')
#3 C:\Server\xampp\htdocs\cashiera\system\CodeIgniter.php(936): App\Controllers\Home->index()
#4 C:\Server\xampp\htdocs\cashiera\system\CodeIgniter.php(432): CodeIgniter\CodeIgniter->runController(Object(App\Controllers\Home))
#5 C:\Server\xampp\htdocs\cashiera\system\CodeIgniter.php(333): CodeIgniter\CodeIgniter->handleRequest(NULL, Object(Config\Cache), false)
#6 C:\Server\xampp\htdocs\cashiera\public\index.php(44): CodeIgniter\CodeIgniter->run()
#7 C:\Server\xampp\htdocs\cashiera\system\Commands\Server\rewrite.php(45): require_once('C:\\Server\\xampp...')
#8 {main}
CRITICAL - 2021-04-06 08:42:01 --> Invalid file: public/extension/header.php
#0 C:\Server\xampp\htdocs\cashiera\system\View\View.php(203): CodeIgniter\Exceptions\FrameworkException::forInvalidFile('public/extensio...')
#1 C:\Server\xampp\htdocs\cashiera\system\Common.php(1217): CodeIgniter\View\View->render('public/extensio...', Array, true)
#2 C:\Server\xampp\htdocs\cashiera\app\Controllers\Home.php(10): view('public/extensio...')
#3 C:\Server\xampp\htdocs\cashiera\system\CodeIgniter.php(936): App\Controllers\Home->index()
#4 C:\Server\xampp\htdocs\cashiera\system\CodeIgniter.php(432): CodeIgniter\CodeIgniter->runController(Object(App\Controllers\Home))
#5 C:\Server\xampp\htdocs\cashiera\system\CodeIgniter.php(333): CodeIgniter\CodeIgniter->handleRequest(NULL, Object(Config\Cache), false)
#6 C:\Server\xampp\htdocs\cashiera\public\index.php(44): CodeIgniter\CodeIgniter->run()
#7 C:\Server\xampp\htdocs\cashiera\system\Commands\Server\rewrite.php(45): require_once('C:\\Server\\xampp...')
#8 {main}
CRITICAL - 2021-04-06 08:42:19 --> Invalid file: public/extension/header.php
#0 C:\Server\xampp\htdocs\cashiera\system\View\View.php(203): CodeIgniter\Exceptions\FrameworkException::forInvalidFile('public/extensio...')
#1 C:\Server\xampp\htdocs\cashiera\system\Common.php(1217): CodeIgniter\View\View->render('public/extensio...', Array, true)
#2 C:\Server\xampp\htdocs\cashiera\app\Controllers\Home.php(10): view('public/extensio...')
#3 C:\Server\xampp\htdocs\cashiera\system\CodeIgniter.php(936): App\Controllers\Home->index()
#4 C:\Server\xampp\htdocs\cashiera\system\CodeIgniter.php(432): CodeIgniter\CodeIgniter->runController(Object(App\Controllers\Home))
#5 C:\Server\xampp\htdocs\cashiera\system\CodeIgniter.php(333): CodeIgniter\CodeIgniter->handleRequest(NULL, Object(Config\Cache), false)
#6 C:\Server\xampp\htdocs\cashiera\public\index.php(44): CodeIgniter\CodeIgniter->run()
#7 C:\Server\xampp\htdocs\cashiera\system\Commands\Server\rewrite.php(45): require_once('C:\\Server\\xampp...')
#8 {main}
