INFO - 2021-06-03 05:12:05 --> Session: Class initialized using 'CodeIgniter\Session\Handlers\FileHandler' driver.
INFO - 2021-06-03 05:13:32 --> Session: Class initialized using 'CodeIgniter\Session\Handlers\FileHandler' driver.
INFO - 2021-06-03 05:13:41 --> Session: Class initialized using 'CodeIgniter\Session\Handlers\FileHandler' driver.
INFO - 2021-06-03 05:13:45 --> Session: Class initialized using 'CodeIgniter\Session\Handlers\FileHandler' driver.
INFO - 2021-06-03 05:37:33 --> Session: Class initialized using 'CodeIgniter\Session\Handlers\FileHandler' driver.
INFO - 2021-06-03 06:03:29 --> Session: Class initialized using 'CodeIgniter\Session\Handlers\FileHandler' driver.
INFO - 2021-06-03 06:05:31 --> Session: Class initialized using 'CodeIgniter\Session\Handlers\FileHandler' driver.
INFO - 2021-06-03 06:06:49 --> Session: Class initialized using 'CodeIgniter\Session\Handlers\FileHandler' driver.
INFO - 2021-06-03 06:07:16 --> Session: Class initialized using 'CodeIgniter\Session\Handlers\FileHandler' driver.
INFO - 2021-06-03 06:08:30 --> Session: Class initialized using 'CodeIgniter\Session\Handlers\FileHandler' driver.
INFO - 2021-06-03 06:09:21 --> Session: Class initialized using 'CodeIgniter\Session\Handlers\FileHandler' driver.
INFO - 2021-06-03 06:14:37 --> Session: Class initialized using 'CodeIgniter\Session\Handlers\FileHandler' driver.
INFO - 2021-06-03 06:15:53 --> Session: Class initialized using 'CodeIgniter\Session\Handlers\FileHandler' driver.
INFO - 2021-06-03 06:18:52 --> Session: Class initialized using 'CodeIgniter\Session\Handlers\FileHandler' driver.
INFO - 2021-06-03 06:22:15 --> Session: Class initialized using 'CodeIgniter\Session\Handlers\FileHandler' driver.
INFO - 2021-06-03 23:23:36 --> Session: Class initialized using 'CodeIgniter\Session\Handlers\FileHandler' driver.
INFO - 2021-06-03 23:23:45 --> Session: Class initialized using 'CodeIgniter\Session\Handlers\FileHandler' driver.
INFO - 2021-06-03 23:23:47 --> Session: Class initialized using 'CodeIgniter\Session\Handlers\FileHandler' driver.
INFO - 2021-06-03 23:23:50 --> Session: Class initialized using 'CodeIgniter\Session\Handlers\FileHandler' driver.
INFO - 2021-06-03 23:23:51 --> Session: Class initialized using 'CodeIgniter\Session\Handlers\FileHandler' driver.
INFO - 2021-06-03 23:23:51 --> Session: Class initialized using 'CodeIgniter\Session\Handlers\FileHandler' driver.
INFO - 2021-06-03 23:23:51 --> Session: Class initialized using 'CodeIgniter\Session\Handlers\FileHandler' driver.
INFO - 2021-06-03 23:23:54 --> Session: Class initialized using 'CodeIgniter\Session\Handlers\FileHandler' driver.
INFO - 2021-06-03 23:23:56 --> Session: Class initialized using 'CodeIgniter\Session\Handlers\FileHandler' driver.
INFO - 2021-06-03 23:23:56 --> Session: Class initialized using 'CodeIgniter\Session\Handlers\FileHandler' driver.
INFO - 2021-06-03 23:23:57 --> Session: Class initialized using 'CodeIgniter\Session\Handlers\FileHandler' driver.
INFO - 2021-06-03 23:23:57 --> Session: Class initialized using 'CodeIgniter\Session\Handlers\FileHandler' driver.
INFO - 2021-06-03 23:24:49 --> Session: Class initialized using 'CodeIgniter\Session\Handlers\FileHandler' driver.
INFO - 2021-06-03 23:24:50 --> Session: Class initialized using 'CodeIgniter\Session\Handlers\FileHandler' driver.
INFO - 2021-06-03 23:27:36 --> Session: Class initialized using 'CodeIgniter\Session\Handlers\FileHandler' driver.
INFO - 2021-06-03 23:27:40 --> Session: Class initialized using 'CodeIgniter\Session\Handlers\FileHandler' driver.
INFO - 2021-06-03 23:28:33 --> Session: Class initialized using 'CodeIgniter\Session\Handlers\FileHandler' driver.
INFO - 2021-06-03 23:28:36 --> Session: Class initialized using 'CodeIgniter\Session\Handlers\FileHandler' driver.
INFO - 2021-06-03 23:28:39 --> Session: Class initialized using 'CodeIgniter\Session\Handlers\FileHandler' driver.
CRITICAL - 2021-06-03 23:28:39 --> Call to a member function getResult() on null
#0 C:\Server\xampp73\htdocs\cashiera\app\Controllers\Etc\Testing.php(51): App\Models\Etc\TestingModel->alltest(Array)
#1 C:\Server\xampp73\htdocs\cashiera\system\CodeIgniter.php(936): App\Controllers\Etc\Testing->index()
#2 C:\Server\xampp73\htdocs\cashiera\system\CodeIgniter.php(432): CodeIgniter\CodeIgniter->runController(Object(App\Controllers\Etc\Testing))
#3 C:\Server\xampp73\htdocs\cashiera\system\CodeIgniter.php(333): CodeIgniter\CodeIgniter->handleRequest(NULL, Object(Config\Cache), false)
#4 C:\Server\xampp73\htdocs\cashiera\public\index.php(44): CodeIgniter\CodeIgniter->run()
#5 {main}
INFO - 2021-06-03 23:28:51 --> Session: Class initialized using 'CodeIgniter\Session\Handlers\FileHandler' driver.
INFO - 2021-06-03 23:30:10 --> Session: Class initialized using 'CodeIgniter\Session\Handlers\FileHandler' driver.
INFO - 2021-06-03 23:30:15 --> Session: Class initialized using 'CodeIgniter\Session\Handlers\FileHandler' driver.
INFO - 2021-06-03 23:30:27 --> Session: Class initialized using 'CodeIgniter\Session\Handlers\FileHandler' driver.
INFO - 2021-06-03 23:55:15 --> Session: Class initialized using 'CodeIgniter\Session\Handlers\FileHandler' driver.
INFO - 2021-06-03 23:55:19 --> Session: Class initialized using 'CodeIgniter\Session\Handlers\FileHandler' driver.
INFO - 2021-06-03 23:55:28 --> Session: Class initialized using 'CodeIgniter\Session\Handlers\FileHandler' driver.
CRITICAL - 2021-06-03 23:55:28 --> Unknown column 'ids.name' in 'field list'
#0 C:\Server\xampp73\htdocs\cashiera\system\Database\MySQLi\PreparedQuery.php(41): mysqli->prepare('SELECT u.id as ...')
#1 C:\Server\xampp73\htdocs\cashiera\system\Database\BasePreparedQuery.php(106): CodeIgniter\Database\MySQLi\PreparedQuery->_prepare('SELECT u.id as ...', Array)
#2 C:\Server\xampp73\htdocs\cashiera\system\Database\BaseConnection.php(1001): CodeIgniter\Database\BasePreparedQuery->prepare('SELECT u.id as ...', Array)
#3 C:\Server\xampp73\htdocs\cashiera\app\Helpers\dynamicdb_helper.php(434): CodeIgniter\Database\BaseConnection->prepare(Object(Closure), Array)
#4 C:\Server\xampp73\htdocs\cashiera\app\Models\Homepage\AuthModel.php(75): db_read_builder('SELECT', Array, 'FROM `users` u', Array, '', Array, Array, Object(CodeIgniter\Database\MySQLi\Connection))
#5 C:\Server\xampp73\htdocs\cashiera\app\Controllers\Homepage\Home.php(40): App\Models\Homepage\AuthModel->login(Array)
#6 C:\Server\xampp73\htdocs\cashiera\system\CodeIgniter.php(936): App\Controllers\Homepage\Home->index()
#7 C:\Server\xampp73\htdocs\cashiera\system\CodeIgniter.php(432): CodeIgniter\CodeIgniter->runController(Object(App\Controllers\Homepage\Home))
#8 C:\Server\xampp73\htdocs\cashiera\system\CodeIgniter.php(333): CodeIgniter\CodeIgniter->handleRequest(NULL, Object(Config\Cache), false)
#9 C:\Server\xampp73\htdocs\cashiera\public\index.php(44): CodeIgniter\CodeIgniter->run()
#10 {main}
INFO - 2021-06-03 23:57:46 --> Session: Class initialized using 'CodeIgniter\Session\Handlers\FileHandler' driver.
INFO - 2021-06-03 23:57:50 --> Session: Class initialized using 'CodeIgniter\Session\Handlers\FileHandler' driver.
ERROR - 2021-06-03 23:57:51 --> mysqli_sql_exception: Unknown column 'ids.name' in 'field list' in C:\Server\xampp73\htdocs\cashiera\system\Database\MySQLi\Connection.php:314
Stack trace:
#0 C:\Server\xampp73\htdocs\cashiera\system\Database\MySQLi\Connection.php(314): mysqli->query('SELECT u.id as ...')
#1 C:\Server\xampp73\htdocs\cashiera\system\Database\BaseConnection.php(713): CodeIgniter\Database\MySQLi\Connection->execute('SELECT u.id as ...')
#2 C:\Server\xampp73\htdocs\cashiera\system\Database\BaseConnection.php(641): CodeIgniter\Database\BaseConnection->simpleQuery('SELECT u.id as ...')
#3 C:\Server\xampp73\htdocs\cashiera\app\Helpers\dynamicdb_helper.php(430): CodeIgniter\Database\BaseConnection->query('SELECT u.id as ...')
#4 C:\Server\xampp73\htdocs\cashiera\app\Models\Etc\TestingModel.php(75): db_read_builder('SELECT', Array, 'FROM `users` u', Array, '', Array, Array, Object(CodeIgniter\Database\MySQLi\Connection))
#5 C:\Server\xampp73\htdocs\cashiera\app\Controllers\Etc\Testing.php(44): App\Models\Etc\TestingModel->uploadtest(Array, Array)
#6 C:\Server\xampp73\htdocs\cashiera\system\CodeIgniter.php(936): App\Controllers\Etc\Testing->index()
#7 C:\Server\xampp73\htdocs\cashiera\system\CodeIgniter.php(432): CodeIgniter\CodeIgniter->runController(Object(App\Controllers\Etc\Testing))
#8 C:\Server\xampp73\htdocs\cashiera\system\CodeIgniter.php(333): CodeIgniter\CodeIgniter->handleRequest(NULL, Object(Config\Cache), false)
#9 C:\Server\xampp73\htdocs\cashiera\public\index.php(44): CodeIgniter\CodeIgniter->run()
#10 {main}
CRITICAL - 2021-06-03 23:57:51 --> Unknown column 'ids.name' in 'field list'
#0 C:\Server\xampp73\htdocs\cashiera\system\Database\MySQLi\Connection.php(314): mysqli->query('SELECT u.id as ...')
#1 C:\Server\xampp73\htdocs\cashiera\system\Database\BaseConnection.php(713): CodeIgniter\Database\MySQLi\Connection->execute('SELECT u.id as ...')
#2 C:\Server\xampp73\htdocs\cashiera\system\Database\BaseConnection.php(641): CodeIgniter\Database\BaseConnection->simpleQuery('SELECT u.id as ...')
#3 C:\Server\xampp73\htdocs\cashiera\app\Helpers\dynamicdb_helper.php(430): CodeIgniter\Database\BaseConnection->query('SELECT u.id as ...')
#4 C:\Server\xampp73\htdocs\cashiera\app\Models\Etc\TestingModel.php(75): db_read_builder('SELECT', Array, 'FROM `users` u', Array, '', Array, Array, Object(CodeIgniter\Database\MySQLi\Connection))
#5 C:\Server\xampp73\htdocs\cashiera\app\Controllers\Etc\Testing.php(44): App\Models\Etc\TestingModel->uploadtest(Array, Array)
#6 C:\Server\xampp73\htdocs\cashiera\system\CodeIgniter.php(936): App\Controllers\Etc\Testing->index()
#7 C:\Server\xampp73\htdocs\cashiera\system\CodeIgniter.php(432): CodeIgniter\CodeIgniter->runController(Object(App\Controllers\Etc\Testing))
#8 C:\Server\xampp73\htdocs\cashiera\system\CodeIgniter.php(333): CodeIgniter\CodeIgniter->handleRequest(NULL, Object(Config\Cache), false)
#9 C:\Server\xampp73\htdocs\cashiera\public\index.php(44): CodeIgniter\CodeIgniter->run()
#10 {main}
INFO - 2021-06-03 23:58:35 --> Session: Class initialized using 'CodeIgniter\Session\Handlers\FileHandler' driver.
INFO - 2021-06-03 23:59:03 --> Session: Class initialized using 'CodeIgniter\Session\Handlers\FileHandler' driver.
INFO - 2021-06-03 23:59:11 --> Session: Class initialized using 'CodeIgniter\Session\Handlers\FileHandler' driver.
INFO - 2021-06-03 23:59:48 --> Session: Class initialized using 'CodeIgniter\Session\Handlers\FileHandler' driver.
INFO - 2021-06-03 23:59:52 --> Session: Class initialized using 'CodeIgniter\Session\Handlers\FileHandler' driver.
