CRITICAL - 2021-04-08 08:01:36 --> The framework needs the following extension(s) installed and loaded: {0}.
#0 C:\Server\xampp73\htdocs\cashiera\system\CodeIgniter.php(224): CodeIgniter\Exceptions\FrameworkException::forMissingExtension('intl')
#1 C:\Server\xampp73\htdocs\cashiera\system\CodeIgniter.php(172): CodeIgniter\CodeIgniter->resolvePlatformExtensions()
#2 C:\Server\xampp73\htdocs\cashiera\system\bootstrap.php(159): CodeIgniter\CodeIgniter->initialize()
#3 C:\Server\xampp73\htdocs\cashiera\public\index.php(35): require('C:\\Server\\xampp...')
#4 {main}
CRITICAL - 2021-04-08 08:01:38 --> The framework needs the following extension(s) installed and loaded: {0}.
#0 C:\Server\xampp73\htdocs\cashiera\system\CodeIgniter.php(224): CodeIgniter\Exceptions\FrameworkException::forMissingExtension('intl')
#1 C:\Server\xampp73\htdocs\cashiera\system\CodeIgniter.php(172): CodeIgniter\CodeIgniter->resolvePlatformExtensions()
#2 C:\Server\xampp73\htdocs\cashiera\system\bootstrap.php(159): CodeIgniter\CodeIgniter->initialize()
#3 C:\Server\xampp73\htdocs\cashiera\public\index.php(35): require('C:\\Server\\xampp...')
#4 {main}
CRITICAL - 2021-04-08 08:01:42 --> The framework needs the following extension(s) installed and loaded: {0}.
#0 C:\Server\xampp73\htdocs\cashiera\system\CodeIgniter.php(224): CodeIgniter\Exceptions\FrameworkException::forMissingExtension('intl')
#1 C:\Server\xampp73\htdocs\cashiera\system\CodeIgniter.php(172): CodeIgniter\CodeIgniter->resolvePlatformExtensions()
#2 C:\Server\xampp73\htdocs\cashiera\system\bootstrap.php(159): CodeIgniter\CodeIgniter->initialize()
#3 C:\Server\xampp73\htdocs\cashiera\public\index.php(35): require('C:\\Server\\xampp...')
#4 {main}
CRITICAL - 2021-04-08 08:01:57 --> The framework needs the following extension(s) installed and loaded: {0}.
#0 C:\Server\xampp73\htdocs\cashiera\system\CodeIgniter.php(224): CodeIgniter\Exceptions\FrameworkException::forMissingExtension('intl')
#1 C:\Server\xampp73\htdocs\cashiera\system\CodeIgniter.php(172): CodeIgniter\CodeIgniter->resolvePlatformExtensions()
#2 C:\Server\xampp73\htdocs\cashiera\system\bootstrap.php(159): CodeIgniter\CodeIgniter->initialize()
#3 C:\Server\xampp73\htdocs\cashiera\public\index.php(35): require('C:\\Server\\xampp...')
#4 {main}
CRITICAL - 2021-04-08 09:25:37 --> Class 'App\Models\AuthModel' not found
#0 C:\Server\xampp73\htdocs\cashiera\system\CodeIgniter.php(936): App\Controllers\Homepage\Home->index()
#1 C:\Server\xampp73\htdocs\cashiera\system\CodeIgniter.php(432): CodeIgniter\CodeIgniter->runController(Object(App\Controllers\Homepage\Home))
#2 C:\Server\xampp73\htdocs\cashiera\system\CodeIgniter.php(333): CodeIgniter\CodeIgniter->handleRequest(NULL, Object(Config\Cache), false)
#3 C:\Server\xampp73\htdocs\cashiera\public\index.php(44): CodeIgniter\CodeIgniter->run()
#4 C:\Server\xampp73\htdocs\cashiera\system\Commands\Server\rewrite.php(45): require_once('C:\\Server\\xampp...')
#5 {main}
CRITICAL - 2021-04-08 09:26:06 --> Class 'App\Models\AuthModel' not found
#0 C:\Server\xampp73\htdocs\cashiera\system\CodeIgniter.php(936): App\Controllers\Homepage\Home->index()
#1 C:\Server\xampp73\htdocs\cashiera\system\CodeIgniter.php(432): CodeIgniter\CodeIgniter->runController(Object(App\Controllers\Homepage\Home))
#2 C:\Server\xampp73\htdocs\cashiera\system\CodeIgniter.php(333): CodeIgniter\CodeIgniter->handleRequest(NULL, Object(Config\Cache), false)
#3 C:\Server\xampp73\htdocs\cashiera\public\index.php(44): CodeIgniter\CodeIgniter->run()
#4 C:\Server\xampp73\htdocs\cashiera\system\Commands\Server\rewrite.php(45): require_once('C:\\Server\\xampp...')
#5 {main}
CRITICAL - 2021-04-08 09:26:38 --> Class 'App\Models\AuthModel' not found
#0 C:\Server\xampp73\htdocs\cashiera\system\CodeIgniter.php(936): App\Controllers\Homepage\Home->index()
#1 C:\Server\xampp73\htdocs\cashiera\system\CodeIgniter.php(432): CodeIgniter\CodeIgniter->runController(Object(App\Controllers\Homepage\Home))
#2 C:\Server\xampp73\htdocs\cashiera\system\CodeIgniter.php(333): CodeIgniter\CodeIgniter->handleRequest(NULL, Object(Config\Cache), false)
#3 C:\Server\xampp73\htdocs\cashiera\public\index.php(44): CodeIgniter\CodeIgniter->run()
#4 C:\Server\xampp73\htdocs\cashiera\system\Commands\Server\rewrite.php(45): require_once('C:\\Server\\xampp...')
#5 {main}
CRITICAL - 2021-04-08 09:27:26 --> Class 'App\Models\AuthModel' not found
#0 C:\Server\xampp73\htdocs\cashiera\system\CodeIgniter.php(936): App\Controllers\Homepage\Home->index()
#1 C:\Server\xampp73\htdocs\cashiera\system\CodeIgniter.php(432): CodeIgniter\CodeIgniter->runController(Object(App\Controllers\Homepage\Home))
#2 C:\Server\xampp73\htdocs\cashiera\system\CodeIgniter.php(333): CodeIgniter\CodeIgniter->handleRequest(NULL, Object(Config\Cache), false)
#3 C:\Server\xampp73\htdocs\cashiera\public\index.php(44): CodeIgniter\CodeIgniter->run()
#4 C:\Server\xampp73\htdocs\cashiera\system\Commands\Server\rewrite.php(45): require_once('C:\\Server\\xampp...')
#5 {main}
CRITICAL - 2021-04-08 09:29:09 --> Class 'App\Models\AuthModel' not found
#0 C:\Server\xampp73\htdocs\cashiera\system\CodeIgniter.php(936): App\Controllers\Homepage\Home->index()
#1 C:\Server\xampp73\htdocs\cashiera\system\CodeIgniter.php(432): CodeIgniter\CodeIgniter->runController(Object(App\Controllers\Homepage\Home))
#2 C:\Server\xampp73\htdocs\cashiera\system\CodeIgniter.php(333): CodeIgniter\CodeIgniter->handleRequest(NULL, Object(Config\Cache), false)
#3 C:\Server\xampp73\htdocs\cashiera\public\index.php(44): CodeIgniter\CodeIgniter->run()
#4 C:\Server\xampp73\htdocs\cashiera\system\Commands\Server\rewrite.php(45): require_once('C:\\Server\\xampp...')
#5 {main}
CRITICAL - 2021-04-08 09:31:00 --> Class 'App\Models\AuthModel' not found
#0 C:\Server\xampp73\htdocs\cashiera\system\CodeIgniter.php(936): App\Controllers\Homepage\Home->index()
#1 C:\Server\xampp73\htdocs\cashiera\system\CodeIgniter.php(432): CodeIgniter\CodeIgniter->runController(Object(App\Controllers\Homepage\Home))
#2 C:\Server\xampp73\htdocs\cashiera\system\CodeIgniter.php(333): CodeIgniter\CodeIgniter->handleRequest(NULL, Object(Config\Cache), false)
#3 C:\Server\xampp73\htdocs\cashiera\public\index.php(44): CodeIgniter\CodeIgniter->run()
#4 C:\Server\xampp73\htdocs\cashiera\system\Commands\Server\rewrite.php(45): require_once('C:\\Server\\xampp...')
#5 {main}
CRITICAL - 2021-04-08 09:32:38 --> Class 'App\Models\AuthModel' not found
#0 C:\Server\xampp73\htdocs\cashiera\system\CodeIgniter.php(936): App\Controllers\Homepage\Home->index()
#1 C:\Server\xampp73\htdocs\cashiera\system\CodeIgniter.php(432): CodeIgniter\CodeIgniter->runController(Object(App\Controllers\Homepage\Home))
#2 C:\Server\xampp73\htdocs\cashiera\system\CodeIgniter.php(333): CodeIgniter\CodeIgniter->handleRequest(NULL, Object(Config\Cache), false)
#3 C:\Server\xampp73\htdocs\cashiera\public\index.php(44): CodeIgniter\CodeIgniter->run()
#4 C:\Server\xampp73\htdocs\cashiera\system\Commands\Server\rewrite.php(45): require_once('C:\\Server\\xampp...')
#5 {main}
CRITICAL - 2021-04-08 09:32:41 --> Class 'App\Models\AuthModel' not found
#0 C:\Server\xampp73\htdocs\cashiera\system\CodeIgniter.php(936): App\Controllers\Homepage\Home->index()
#1 C:\Server\xampp73\htdocs\cashiera\system\CodeIgniter.php(432): CodeIgniter\CodeIgniter->runController(Object(App\Controllers\Homepage\Home))
#2 C:\Server\xampp73\htdocs\cashiera\system\CodeIgniter.php(333): CodeIgniter\CodeIgniter->handleRequest(NULL, Object(Config\Cache), false)
#3 C:\Server\xampp73\htdocs\cashiera\public\index.php(44): CodeIgniter\CodeIgniter->run()
#4 C:\Server\xampp73\htdocs\cashiera\system\Commands\Server\rewrite.php(45): require_once('C:\\Server\\xampp...')
#5 {main}
CRITICAL - 2021-04-08 09:33:03 --> Class 'App\Models\AuthModel' not found
#0 C:\Server\xampp73\htdocs\cashiera\system\CodeIgniter.php(936): App\Controllers\Homepage\Home->index()
#1 C:\Server\xampp73\htdocs\cashiera\system\CodeIgniter.php(432): CodeIgniter\CodeIgniter->runController(Object(App\Controllers\Homepage\Home))
#2 C:\Server\xampp73\htdocs\cashiera\system\CodeIgniter.php(333): CodeIgniter\CodeIgniter->handleRequest(NULL, Object(Config\Cache), false)
#3 C:\Server\xampp73\htdocs\cashiera\public\index.php(44): CodeIgniter\CodeIgniter->run()
#4 C:\Server\xampp73\htdocs\cashiera\system\Commands\Server\rewrite.php(45): require_once('C:\\Server\\xampp...')
#5 {main}
CRITICAL - 2021-04-08 09:33:59 --> Class 'App\Models\AuthModel' not found
#0 C:\Server\xampp73\htdocs\cashiera\system\CodeIgniter.php(936): App\Controllers\Homepage\Home->index()
#1 C:\Server\xampp73\htdocs\cashiera\system\CodeIgniter.php(432): CodeIgniter\CodeIgniter->runController(Object(App\Controllers\Homepage\Home))
#2 C:\Server\xampp73\htdocs\cashiera\system\CodeIgniter.php(333): CodeIgniter\CodeIgniter->handleRequest(NULL, Object(Config\Cache), false)
#3 C:\Server\xampp73\htdocs\cashiera\public\index.php(44): CodeIgniter\CodeIgniter->run()
#4 C:\Server\xampp73\htdocs\cashiera\system\Commands\Server\rewrite.php(45): require_once('C:\\Server\\xampp...')
#5 {main}
CRITICAL - 2021-04-08 09:34:39 --> Class 'App\Models\AuthModel' not found
#0 C:\Server\xampp73\htdocs\cashiera\system\CodeIgniter.php(936): App\Controllers\Homepage\Home->index()
#1 C:\Server\xampp73\htdocs\cashiera\system\CodeIgniter.php(432): CodeIgniter\CodeIgniter->runController(Object(App\Controllers\Homepage\Home))
#2 C:\Server\xampp73\htdocs\cashiera\system\CodeIgniter.php(333): CodeIgniter\CodeIgniter->handleRequest(NULL, Object(Config\Cache), false)
#3 C:\Server\xampp73\htdocs\cashiera\public\index.php(44): CodeIgniter\CodeIgniter->run()
#4 C:\Server\xampp73\htdocs\cashiera\system\Commands\Server\rewrite.php(45): require_once('C:\\Server\\xampp...')
#5 {main}
CRITICAL - 2021-04-08 09:34:46 --> Class 'App\Models\AuthModel' not found
#0 C:\Server\xampp73\htdocs\cashiera\system\CodeIgniter.php(936): App\Controllers\Homepage\Home->index()
#1 C:\Server\xampp73\htdocs\cashiera\system\CodeIgniter.php(432): CodeIgniter\CodeIgniter->runController(Object(App\Controllers\Homepage\Home))
#2 C:\Server\xampp73\htdocs\cashiera\system\CodeIgniter.php(333): CodeIgniter\CodeIgniter->handleRequest(NULL, Object(Config\Cache), false)
#3 C:\Server\xampp73\htdocs\cashiera\public\index.php(44): CodeIgniter\CodeIgniter->run()
#4 C:\Server\xampp73\htdocs\cashiera\system\Commands\Server\rewrite.php(45): require_once('C:\\Server\\xampp...')
#5 {main}
CRITICAL - 2021-04-08 09:34:52 --> Some message goes here
#0 C:\Server\xampp73\htdocs\cashiera\system\CodeIgniter.php(936): App\Controllers\Homepage\Home->index()
#1 C:\Server\xampp73\htdocs\cashiera\system\CodeIgniter.php(432): CodeIgniter\CodeIgniter->runController(Object(App\Controllers\Homepage\Home))
#2 C:\Server\xampp73\htdocs\cashiera\system\CodeIgniter.php(333): CodeIgniter\CodeIgniter->handleRequest(NULL, Object(Config\Cache), false)
#3 C:\Server\xampp73\htdocs\cashiera\public\index.php(44): CodeIgniter\CodeIgniter->run()
#4 C:\Server\xampp73\htdocs\cashiera\system\Commands\Server\rewrite.php(45): require_once('C:\\Server\\xampp...')
#5 {main}
CRITICAL - 2021-04-08 09:35:06 --> Some message goes here
#0 C:\Server\xampp73\htdocs\cashiera\system\CodeIgniter.php(936): App\Controllers\Homepage\Home->index()
#1 C:\Server\xampp73\htdocs\cashiera\system\CodeIgniter.php(432): CodeIgniter\CodeIgniter->runController(Object(App\Controllers\Homepage\Home))
#2 C:\Server\xampp73\htdocs\cashiera\system\CodeIgniter.php(333): CodeIgniter\CodeIgniter->handleRequest(NULL, Object(Config\Cache), false)
#3 C:\Server\xampp73\htdocs\cashiera\public\index.php(44): CodeIgniter\CodeIgniter->run()
#4 C:\Server\xampp73\htdocs\cashiera\system\Commands\Server\rewrite.php(45): require_once('C:\\Server\\xampp...')
#5 {main}
CRITICAL - 2021-04-08 09:36:11 --> Class 'App\Models\AuthModel' not found
#0 C:\Server\xampp73\htdocs\cashiera\system\CodeIgniter.php(936): App\Controllers\Homepage\Home->index()
#1 C:\Server\xampp73\htdocs\cashiera\system\CodeIgniter.php(432): CodeIgniter\CodeIgniter->runController(Object(App\Controllers\Homepage\Home))
#2 C:\Server\xampp73\htdocs\cashiera\system\CodeIgniter.php(333): CodeIgniter\CodeIgniter->handleRequest(NULL, Object(Config\Cache), false)
#3 C:\Server\xampp73\htdocs\cashiera\public\index.php(44): CodeIgniter\CodeIgniter->run()
#4 C:\Server\xampp73\htdocs\cashiera\system\Commands\Server\rewrite.php(45): require_once('C:\\Server\\xampp...')
#5 {main}
CRITICAL - 2021-04-08 09:36:19 --> Class 'App\Models\AuthModel' not found
#0 C:\Server\xampp73\htdocs\cashiera\system\CodeIgniter.php(936): App\Controllers\Homepage\Home->index()
#1 C:\Server\xampp73\htdocs\cashiera\system\CodeIgniter.php(432): CodeIgniter\CodeIgniter->runController(Object(App\Controllers\Homepage\Home))
#2 C:\Server\xampp73\htdocs\cashiera\system\CodeIgniter.php(333): CodeIgniter\CodeIgniter->handleRequest(NULL, Object(Config\Cache), false)
#3 C:\Server\xampp73\htdocs\cashiera\public\index.php(44): CodeIgniter\CodeIgniter->run()
#4 C:\Server\xampp73\htdocs\cashiera\system\Commands\Server\rewrite.php(45): require_once('C:\\Server\\xampp...')
#5 {main}
CRITICAL - 2021-04-08 09:37:10 --> Class 'App\Models\AuthModel' not found
#0 C:\Server\xampp73\htdocs\cashiera\system\CodeIgniter.php(936): App\Controllers\Homepage\Home->index()
#1 C:\Server\xampp73\htdocs\cashiera\system\CodeIgniter.php(432): CodeIgniter\CodeIgniter->runController(Object(App\Controllers\Homepage\Home))
#2 C:\Server\xampp73\htdocs\cashiera\system\CodeIgniter.php(333): CodeIgniter\CodeIgniter->handleRequest(NULL, Object(Config\Cache), false)
#3 C:\Server\xampp73\htdocs\cashiera\public\index.php(44): CodeIgniter\CodeIgniter->run()
#4 C:\Server\xampp73\htdocs\cashiera\system\Commands\Server\rewrite.php(45): require_once('C:\\Server\\xampp...')
#5 {main}
CRITICAL - 2021-04-08 09:37:25 --> Some message goes here
#0 C:\Server\xampp73\htdocs\cashiera\system\CodeIgniter.php(936): App\Controllers\Homepage\Home->index()
#1 C:\Server\xampp73\htdocs\cashiera\system\CodeIgniter.php(432): CodeIgniter\CodeIgniter->runController(Object(App\Controllers\Homepage\Home))
#2 C:\Server\xampp73\htdocs\cashiera\system\CodeIgniter.php(333): CodeIgniter\CodeIgniter->handleRequest(NULL, Object(Config\Cache), false)
#3 C:\Server\xampp73\htdocs\cashiera\public\index.php(44): CodeIgniter\CodeIgniter->run()
#4 C:\Server\xampp73\htdocs\cashiera\system\Commands\Server\rewrite.php(45): require_once('C:\\Server\\xampp...')
#5 {main}
CRITICAL - 2021-04-08 09:40:43 --> Class 'App\Models\AuthModel' not found
#0 C:\Server\xampp73\htdocs\cashiera\system\CodeIgniter.php(936): App\Controllers\Homepage\Home->index()
#1 C:\Server\xampp73\htdocs\cashiera\system\CodeIgniter.php(432): CodeIgniter\CodeIgniter->runController(Object(App\Controllers\Homepage\Home))
#2 C:\Server\xampp73\htdocs\cashiera\system\CodeIgniter.php(333): CodeIgniter\CodeIgniter->handleRequest(NULL, Object(Config\Cache), false)
#3 C:\Server\xampp73\htdocs\cashiera\public\index.php(44): CodeIgniter\CodeIgniter->run()
#4 C:\Server\xampp73\htdocs\cashiera\system\Commands\Server\rewrite.php(45): require_once('C:\\Server\\xampp...')
#5 {main}
CRITICAL - 2021-04-08 09:41:39 --> Class 'App\Models\Homepage\AuthModel' not found
#0 C:\Server\xampp73\htdocs\cashiera\system\CodeIgniter.php(936): App\Controllers\Homepage\Home->index()
#1 C:\Server\xampp73\htdocs\cashiera\system\CodeIgniter.php(432): CodeIgniter\CodeIgniter->runController(Object(App\Controllers\Homepage\Home))
#2 C:\Server\xampp73\htdocs\cashiera\system\CodeIgniter.php(333): CodeIgniter\CodeIgniter->handleRequest(NULL, Object(Config\Cache), false)
#3 C:\Server\xampp73\htdocs\cashiera\public\index.php(44): CodeIgniter\CodeIgniter->run()
#4 C:\Server\xampp73\htdocs\cashiera\system\Commands\Server\rewrite.php(45): require_once('C:\\Server\\xampp...')
#5 {main}
CRITICAL - 2021-04-08 09:42:15 --> Class 'App\Models\Homepage\AuthModel' not found
#0 C:\Server\xampp73\htdocs\cashiera\system\CodeIgniter.php(936): App\Controllers\Homepage\Home->index()
#1 C:\Server\xampp73\htdocs\cashiera\system\CodeIgniter.php(432): CodeIgniter\CodeIgniter->runController(Object(App\Controllers\Homepage\Home))
#2 C:\Server\xampp73\htdocs\cashiera\system\CodeIgniter.php(333): CodeIgniter\CodeIgniter->handleRequest(NULL, Object(Config\Cache), false)
#3 C:\Server\xampp73\htdocs\cashiera\public\index.php(44): CodeIgniter\CodeIgniter->run()
#4 C:\Server\xampp73\htdocs\cashiera\system\Commands\Server\rewrite.php(45): require_once('C:\\Server\\xampp...')
#5 {main}
CRITICAL - 2021-04-08 09:43:30 --> Class 'App\Models\Homepage\AuthModel' not found
#0 C:\Server\xampp73\htdocs\cashiera\system\CodeIgniter.php(936): App\Controllers\Homepage\Home->index()
#1 C:\Server\xampp73\htdocs\cashiera\system\CodeIgniter.php(432): CodeIgniter\CodeIgniter->runController(Object(App\Controllers\Homepage\Home))
#2 C:\Server\xampp73\htdocs\cashiera\system\CodeIgniter.php(333): CodeIgniter\CodeIgniter->handleRequest(NULL, Object(Config\Cache), false)
#3 C:\Server\xampp73\htdocs\cashiera\public\index.php(44): CodeIgniter\CodeIgniter->run()
#4 C:\Server\xampp73\htdocs\cashiera\system\Commands\Server\rewrite.php(45): require_once('C:\\Server\\xampp...')
#5 {main}
CRITICAL - 2021-04-08 09:48:22 --> Class 'App\Models\Homepage\AuthModel' not found
#0 C:\Server\xampp73\htdocs\cashiera\system\CodeIgniter.php(936): App\Controllers\Homepage\Home->index()
#1 C:\Server\xampp73\htdocs\cashiera\system\CodeIgniter.php(432): CodeIgniter\CodeIgniter->runController(Object(App\Controllers\Homepage\Home))
#2 C:\Server\xampp73\htdocs\cashiera\system\CodeIgniter.php(333): CodeIgniter\CodeIgniter->handleRequest(NULL, Object(Config\Cache), false)
#3 C:\Server\xampp73\htdocs\cashiera\public\index.php(44): CodeIgniter\CodeIgniter->run()
#4 C:\Server\xampp73\htdocs\cashiera\system\Commands\Server\rewrite.php(45): require_once('C:\\Server\\xampp...')
#5 {main}
CRITICAL - 2021-04-08 09:48:41 --> Class 'App\Models\Homepage\AuthModel' not found
#0 C:\Server\xampp73\htdocs\cashiera\system\CodeIgniter.php(936): App\Controllers\Homepage\Home->index()
#1 C:\Server\xampp73\htdocs\cashiera\system\CodeIgniter.php(432): CodeIgniter\CodeIgniter->runController(Object(App\Controllers\Homepage\Home))
#2 C:\Server\xampp73\htdocs\cashiera\system\CodeIgniter.php(333): CodeIgniter\CodeIgniter->handleRequest(NULL, Object(Config\Cache), false)
#3 C:\Server\xampp73\htdocs\cashiera\public\index.php(44): CodeIgniter\CodeIgniter->run()
#4 C:\Server\xampp73\htdocs\cashiera\system\Commands\Server\rewrite.php(45): require_once('C:\\Server\\xampp...')
#5 {main}
CRITICAL - 2021-04-08 09:49:07 --> Class 'App\Models\Homepage\AuthModel' not found
#0 C:\Server\xampp73\htdocs\cashiera\system\CodeIgniter.php(936): App\Controllers\Homepage\Home->index()
#1 C:\Server\xampp73\htdocs\cashiera\system\CodeIgniter.php(432): CodeIgniter\CodeIgniter->runController(Object(App\Controllers\Homepage\Home))
#2 C:\Server\xampp73\htdocs\cashiera\system\CodeIgniter.php(333): CodeIgniter\CodeIgniter->handleRequest(NULL, Object(Config\Cache), false)
#3 C:\Server\xampp73\htdocs\cashiera\public\index.php(44): CodeIgniter\CodeIgniter->run()
#4 C:\Server\xampp73\htdocs\cashiera\system\Commands\Server\rewrite.php(45): require_once('C:\\Server\\xampp...')
#5 {main}
CRITICAL - 2021-04-08 09:51:57 --> Class 'App\Models\Homepage\AuthModel' not found
#0 C:\Server\xampp73\htdocs\cashiera\system\CodeIgniter.php(936): App\Controllers\Homepage\Home->index()
#1 C:\Server\xampp73\htdocs\cashiera\system\CodeIgniter.php(432): CodeIgniter\CodeIgniter->runController(Object(App\Controllers\Homepage\Home))
#2 C:\Server\xampp73\htdocs\cashiera\system\CodeIgniter.php(333): CodeIgniter\CodeIgniter->handleRequest(NULL, Object(Config\Cache), false)
#3 C:\Server\xampp73\htdocs\cashiera\public\index.php(44): CodeIgniter\CodeIgniter->run()
#4 C:\Server\xampp73\htdocs\cashiera\system\Commands\Server\rewrite.php(45): require_once('C:\\Server\\xampp...')
#5 {main}
CRITICAL - 2021-04-08 18:06:52 --> Class 'App\Models\Homepage\AuthModel' not found
#0 C:\Server\xampp73\htdocs\cashiera\system\CodeIgniter.php(936): App\Controllers\Homepage\Home->index()
#1 C:\Server\xampp73\htdocs\cashiera\system\CodeIgniter.php(432): CodeIgniter\CodeIgniter->runController(Object(App\Controllers\Homepage\Home))
#2 C:\Server\xampp73\htdocs\cashiera\system\CodeIgniter.php(333): CodeIgniter\CodeIgniter->handleRequest(NULL, Object(Config\Cache), false)
#3 C:\Server\xampp73\htdocs\cashiera\public\index.php(44): CodeIgniter\CodeIgniter->run()
#4 {main}
CRITICAL - 2021-04-08 19:50:40 --> Function name must be a string
#0 C:\Server\xampp73\htdocs\cashiera\app\Controllers\Homepage\Home.php(30): App\Models\Homepage\AuthModel->login(Array)
#1 C:\Server\xampp73\htdocs\cashiera\system\CodeIgniter.php(936): App\Controllers\Homepage\Home->index()
#2 C:\Server\xampp73\htdocs\cashiera\system\CodeIgniter.php(432): CodeIgniter\CodeIgniter->runController(Object(App\Controllers\Homepage\Home))
#3 C:\Server\xampp73\htdocs\cashiera\system\CodeIgniter.php(333): CodeIgniter\CodeIgniter->handleRequest(NULL, Object(Config\Cache), false)
#4 C:\Server\xampp73\htdocs\cashiera\public\index.php(44): CodeIgniter\CodeIgniter->run()
#5 {main}
CRITICAL - 2021-04-08 19:57:58 --> Call to a member function getRow() on null
#0 C:\Server\xampp73\htdocs\cashiera\app\Controllers\Homepage\Home.php(30): App\Models\Homepage\AuthModel->login(Array)
#1 C:\Server\xampp73\htdocs\cashiera\system\CodeIgniter.php(936): App\Controllers\Homepage\Home->index()
#2 C:\Server\xampp73\htdocs\cashiera\system\CodeIgniter.php(432): CodeIgniter\CodeIgniter->runController(Object(App\Controllers\Homepage\Home))
#3 C:\Server\xampp73\htdocs\cashiera\system\CodeIgniter.php(333): CodeIgniter\CodeIgniter->handleRequest(NULL, Object(Config\Cache), false)
#4 C:\Server\xampp73\htdocs\cashiera\public\index.php(44): CodeIgniter\CodeIgniter->run()
#5 {main}
CRITICAL - 2021-04-08 19:58:22 --> Call to a member function getRow() on null
#0 C:\Server\xampp73\htdocs\cashiera\app\Controllers\Homepage\Home.php(30): App\Models\Homepage\AuthModel->login(Array)
#1 C:\Server\xampp73\htdocs\cashiera\system\CodeIgniter.php(936): App\Controllers\Homepage\Home->index()
#2 C:\Server\xampp73\htdocs\cashiera\system\CodeIgniter.php(432): CodeIgniter\CodeIgniter->runController(Object(App\Controllers\Homepage\Home))
#3 C:\Server\xampp73\htdocs\cashiera\system\CodeIgniter.php(333): CodeIgniter\CodeIgniter->handleRequest(NULL, Object(Config\Cache), false)
#4 C:\Server\xampp73\htdocs\cashiera\public\index.php(44): CodeIgniter\CodeIgniter->run()
#5 {main}
CRITICAL - 2021-04-08 19:58:46 --> Call to a member function getRow() on null
#0 C:\Server\xampp73\htdocs\cashiera\app\Controllers\Homepage\Home.php(30): App\Models\Homepage\AuthModel->login(Array)
#1 C:\Server\xampp73\htdocs\cashiera\system\CodeIgniter.php(936): App\Controllers\Homepage\Home->index()
#2 C:\Server\xampp73\htdocs\cashiera\system\CodeIgniter.php(432): CodeIgniter\CodeIgniter->runController(Object(App\Controllers\Homepage\Home))
#3 C:\Server\xampp73\htdocs\cashiera\system\CodeIgniter.php(333): CodeIgniter\CodeIgniter->handleRequest(NULL, Object(Config\Cache), false)
#4 C:\Server\xampp73\htdocs\cashiera\public\index.php(44): CodeIgniter\CodeIgniter->run()
#5 {main}
CRITICAL - 2021-04-08 20:01:03 --> Call to a member function getRow() on null
#0 C:\Server\xampp73\htdocs\cashiera\system\CodeIgniter.php(936): App\Controllers\Homepage\Home->index()
#1 C:\Server\xampp73\htdocs\cashiera\system\CodeIgniter.php(432): CodeIgniter\CodeIgniter->runController(Object(App\Controllers\Homepage\Home))
#2 C:\Server\xampp73\htdocs\cashiera\system\CodeIgniter.php(333): CodeIgniter\CodeIgniter->handleRequest(NULL, Object(Config\Cache), false)
#3 C:\Server\xampp73\htdocs\cashiera\public\index.php(44): CodeIgniter\CodeIgniter->run()
#4 {main}
CRITICAL - 2021-04-08 20:01:14 --> Call to a member function getRow() on null
#0 C:\Server\xampp73\htdocs\cashiera\system\CodeIgniter.php(936): App\Controllers\Homepage\Home->index()
#1 C:\Server\xampp73\htdocs\cashiera\system\CodeIgniter.php(432): CodeIgniter\CodeIgniter->runController(Object(App\Controllers\Homepage\Home))
#2 C:\Server\xampp73\htdocs\cashiera\system\CodeIgniter.php(333): CodeIgniter\CodeIgniter->handleRequest(NULL, Object(Config\Cache), false)
#3 C:\Server\xampp73\htdocs\cashiera\public\index.php(44): CodeIgniter\CodeIgniter->run()
#4 {main}
CRITICAL - 2021-04-08 20:01:25 --> Call to a member function getRow() on null
#0 C:\Server\xampp73\htdocs\cashiera\system\CodeIgniter.php(936): App\Controllers\Homepage\Home->index()
#1 C:\Server\xampp73\htdocs\cashiera\system\CodeIgniter.php(432): CodeIgniter\CodeIgniter->runController(Object(App\Controllers\Homepage\Home))
#2 C:\Server\xampp73\htdocs\cashiera\system\CodeIgniter.php(333): CodeIgniter\CodeIgniter->handleRequest(NULL, Object(Config\Cache), false)
#3 C:\Server\xampp73\htdocs\cashiera\public\index.php(44): CodeIgniter\CodeIgniter->run()
#4 {main}
CRITICAL - 2021-04-08 20:01:37 --> Call to a member function getRow() on null
#0 C:\Server\xampp73\htdocs\cashiera\system\CodeIgniter.php(936): App\Controllers\Homepage\Home->index()
#1 C:\Server\xampp73\htdocs\cashiera\system\CodeIgniter.php(432): CodeIgniter\CodeIgniter->runController(Object(App\Controllers\Homepage\Home))
#2 C:\Server\xampp73\htdocs\cashiera\system\CodeIgniter.php(333): CodeIgniter\CodeIgniter->handleRequest(NULL, Object(Config\Cache), false)
#3 C:\Server\xampp73\htdocs\cashiera\public\index.php(44): CodeIgniter\CodeIgniter->run()
#4 {main}
CRITICAL - 2021-04-08 20:02:41 --> Call to a member function getRow() on null
#0 C:\Server\xampp73\htdocs\cashiera\system\CodeIgniter.php(936): App\Controllers\Homepage\Home->index()
#1 C:\Server\xampp73\htdocs\cashiera\system\CodeIgniter.php(432): CodeIgniter\CodeIgniter->runController(Object(App\Controllers\Homepage\Home))
#2 C:\Server\xampp73\htdocs\cashiera\system\CodeIgniter.php(333): CodeIgniter\CodeIgniter->handleRequest(NULL, Object(Config\Cache), false)
#3 C:\Server\xampp73\htdocs\cashiera\public\index.php(44): CodeIgniter\CodeIgniter->run()
#4 {main}
CRITICAL - 2021-04-08 20:13:53 --> Table 'server.user' doesn't exist
#0 C:\Server\xampp73\htdocs\cashiera\system\Database\MySQLi\PreparedQuery.php(41): mysqli->prepare('INSERT INTO use...')
#1 C:\Server\xampp73\htdocs\cashiera\system\Database\BasePreparedQuery.php(106): CodeIgniter\Database\MySQLi\PreparedQuery->_prepare('INSERT INTO use...', Array)
#2 C:\Server\xampp73\htdocs\cashiera\system\Database\BaseConnection.php(1001): CodeIgniter\Database\BasePreparedQuery->prepare('INSERT INTO use...', Array)
#3 C:\Server\xampp73\htdocs\cashiera\app\Controllers\Homepage\Home.php(41): CodeIgniter\Database\BaseConnection->prepare(Object(Closure))
#4 C:\Server\xampp73\htdocs\cashiera\system\CodeIgniter.php(936): App\Controllers\Homepage\Home->index()
#5 C:\Server\xampp73\htdocs\cashiera\system\CodeIgniter.php(432): CodeIgniter\CodeIgniter->runController(Object(App\Controllers\Homepage\Home))
#6 C:\Server\xampp73\htdocs\cashiera\system\CodeIgniter.php(333): CodeIgniter\CodeIgniter->handleRequest(NULL, Object(Config\Cache), false)
#7 C:\Server\xampp73\htdocs\cashiera\public\index.php(44): CodeIgniter\CodeIgniter->run()
#8 {main}
CRITICAL - 2021-04-08 20:15:05 --> Table 'server.user' doesn't exist
#0 C:\Server\xampp73\htdocs\cashiera\system\Database\MySQLi\PreparedQuery.php(41): mysqli->prepare('INSERT INTO use...')
#1 C:\Server\xampp73\htdocs\cashiera\system\Database\BasePreparedQuery.php(106): CodeIgniter\Database\MySQLi\PreparedQuery->_prepare('INSERT INTO use...', Array)
#2 C:\Server\xampp73\htdocs\cashiera\system\Database\BaseConnection.php(1001): CodeIgniter\Database\BasePreparedQuery->prepare('INSERT INTO use...', Array)
#3 C:\Server\xampp73\htdocs\cashiera\app\Controllers\Homepage\Home.php(42): CodeIgniter\Database\BaseConnection->prepare(Object(Closure))
#4 C:\Server\xampp73\htdocs\cashiera\system\CodeIgniter.php(936): App\Controllers\Homepage\Home->index()
#5 C:\Server\xampp73\htdocs\cashiera\system\CodeIgniter.php(432): CodeIgniter\CodeIgniter->runController(Object(App\Controllers\Homepage\Home))
#6 C:\Server\xampp73\htdocs\cashiera\system\CodeIgniter.php(333): CodeIgniter\CodeIgniter->handleRequest(NULL, Object(Config\Cache), false)
#7 C:\Server\xampp73\htdocs\cashiera\public\index.php(44): CodeIgniter\CodeIgniter->run()
#8 {main}
CRITICAL - 2021-04-08 20:15:26 --> Table 'server.user' doesn't exist
#0 C:\Server\xampp73\htdocs\cashiera\system\Database\MySQLi\PreparedQuery.php(41): mysqli->prepare('INSERT INTO use...')
#1 C:\Server\xampp73\htdocs\cashiera\system\Database\BasePreparedQuery.php(106): CodeIgniter\Database\MySQLi\PreparedQuery->_prepare('INSERT INTO use...', Array)
#2 C:\Server\xampp73\htdocs\cashiera\system\Database\BaseConnection.php(1001): CodeIgniter\Database\BasePreparedQuery->prepare('INSERT INTO use...', Array)
#3 C:\Server\xampp73\htdocs\cashiera\app\Controllers\Homepage\Home.php(42): CodeIgniter\Database\BaseConnection->prepare(Object(Closure))
#4 C:\Server\xampp73\htdocs\cashiera\system\CodeIgniter.php(936): App\Controllers\Homepage\Home->index()
#5 C:\Server\xampp73\htdocs\cashiera\system\CodeIgniter.php(432): CodeIgniter\CodeIgniter->runController(Object(App\Controllers\Homepage\Home))
#6 C:\Server\xampp73\htdocs\cashiera\system\CodeIgniter.php(333): CodeIgniter\CodeIgniter->handleRequest(NULL, Object(Config\Cache), false)
#7 C:\Server\xampp73\htdocs\cashiera\public\index.php(44): CodeIgniter\CodeIgniter->run()
#8 {main}
CRITICAL - 2021-04-08 20:16:03 --> Undefined variable: post
#0 C:\Server\xampp73\htdocs\cashiera\app\Controllers\Homepage\Home.php(33): CodeIgniter\Debug\Exceptions->errorHandler(8, 'Undefined varia...', 'C:\\Server\\xampp...', 33, Array)
#1 C:\Server\xampp73\htdocs\cashiera\system\CodeIgniter.php(936): App\Controllers\Homepage\Home->index()
#2 C:\Server\xampp73\htdocs\cashiera\system\CodeIgniter.php(432): CodeIgniter\CodeIgniter->runController(Object(App\Controllers\Homepage\Home))
#3 C:\Server\xampp73\htdocs\cashiera\system\CodeIgniter.php(333): CodeIgniter\CodeIgniter->handleRequest(NULL, Object(Config\Cache), false)
#4 C:\Server\xampp73\htdocs\cashiera\public\index.php(44): CodeIgniter\CodeIgniter->run()
#5 {main}
CRITICAL - 2021-04-08 20:20:50 --> Unknown column 'username' in 'where clause'
#0 C:\Server\xampp73\htdocs\cashiera\system\Database\MySQLi\PreparedQuery.php(41): mysqli->prepare('SELECT * FROM i...')
#1 C:\Server\xampp73\htdocs\cashiera\system\Database\BasePreparedQuery.php(106): CodeIgniter\Database\MySQLi\PreparedQuery->_prepare('SELECT * FROM i...', Array)
#2 C:\Server\xampp73\htdocs\cashiera\system\Database\BaseConnection.php(1001): CodeIgniter\Database\BasePreparedQuery->prepare('SELECT * FROM i...', Array)
#3 C:\Server\xampp73\htdocs\cashiera\app\Controllers\Homepage\Home.php(41): CodeIgniter\Database\BaseConnection->prepare(Object(Closure))
#4 C:\Server\xampp73\htdocs\cashiera\system\CodeIgniter.php(936): App\Controllers\Homepage\Home->index()
#5 C:\Server\xampp73\htdocs\cashiera\system\CodeIgniter.php(432): CodeIgniter\CodeIgniter->runController(Object(App\Controllers\Homepage\Home))
#6 C:\Server\xampp73\htdocs\cashiera\system\CodeIgniter.php(333): CodeIgniter\CodeIgniter->handleRequest(NULL, Object(Config\Cache), false)
#7 C:\Server\xampp73\htdocs\cashiera\public\index.php(44): CodeIgniter\CodeIgniter->run()
#8 {main}
CRITICAL - 2021-04-08 20:21:26 --> Unknown column 'username' in 'where clause'
#0 C:\Server\xampp73\htdocs\cashiera\system\Database\MySQLi\PreparedQuery.php(41): mysqli->prepare('SELECT * FROM i...')
#1 C:\Server\xampp73\htdocs\cashiera\system\Database\BasePreparedQuery.php(106): CodeIgniter\Database\MySQLi\PreparedQuery->_prepare('SELECT * FROM i...', Array)
#2 C:\Server\xampp73\htdocs\cashiera\system\Database\BaseConnection.php(1001): CodeIgniter\Database\BasePreparedQuery->prepare('SELECT * FROM i...', Array)
#3 C:\Server\xampp73\htdocs\cashiera\app\Controllers\Homepage\Home.php(41): CodeIgniter\Database\BaseConnection->prepare(Object(Closure))
#4 C:\Server\xampp73\htdocs\cashiera\system\CodeIgniter.php(936): App\Controllers\Homepage\Home->index()
#5 C:\Server\xampp73\htdocs\cashiera\system\CodeIgniter.php(432): CodeIgniter\CodeIgniter->runController(Object(App\Controllers\Homepage\Home))
#6 C:\Server\xampp73\htdocs\cashiera\system\CodeIgniter.php(333): CodeIgniter\CodeIgniter->handleRequest(NULL, Object(Config\Cache), false)
#7 C:\Server\xampp73\htdocs\cashiera\public\index.php(44): CodeIgniter\CodeIgniter->run()
#8 {main}
CRITICAL - 2021-04-08 20:22:30 --> Unknown column 'username' in 'where clause'
#0 C:\Server\xampp73\htdocs\cashiera\system\Database\MySQLi\PreparedQuery.php(41): mysqli->prepare('SELECT * FROM i...')
#1 C:\Server\xampp73\htdocs\cashiera\system\Database\BasePreparedQuery.php(106): CodeIgniter\Database\MySQLi\PreparedQuery->_prepare('SELECT * FROM i...', Array)
#2 C:\Server\xampp73\htdocs\cashiera\system\Database\BaseConnection.php(1001): CodeIgniter\Database\BasePreparedQuery->prepare('SELECT * FROM i...', Array)
#3 C:\Server\xampp73\htdocs\cashiera\app\Controllers\Homepage\Home.php(38): CodeIgniter\Database\BaseConnection->prepare(Object(Closure))
#4 C:\Server\xampp73\htdocs\cashiera\system\CodeIgniter.php(936): App\Controllers\Homepage\Home->index()
#5 C:\Server\xampp73\htdocs\cashiera\system\CodeIgniter.php(432): CodeIgniter\CodeIgniter->runController(Object(App\Controllers\Homepage\Home))
#6 C:\Server\xampp73\htdocs\cashiera\system\CodeIgniter.php(333): CodeIgniter\CodeIgniter->handleRequest(NULL, Object(Config\Cache), false)
#7 C:\Server\xampp73\htdocs\cashiera\public\index.php(44): CodeIgniter\CodeIgniter->run()
#8 {main}
CRITICAL - 2021-04-08 20:23:54 --> Unknown column 'username' in 'where clause'
#0 C:\Server\xampp73\htdocs\cashiera\system\Database\MySQLi\PreparedQuery.php(41): mysqli->prepare('SELECT * FROM i...')
#1 C:\Server\xampp73\htdocs\cashiera\system\Database\BasePreparedQuery.php(106): CodeIgniter\Database\MySQLi\PreparedQuery->_prepare('SELECT * FROM i...', Array)
#2 C:\Server\xampp73\htdocs\cashiera\system\Database\BaseConnection.php(1001): CodeIgniter\Database\BasePreparedQuery->prepare('SELECT * FROM i...', Array)
#3 C:\Server\xampp73\htdocs\cashiera\app\Controllers\Homepage\Home.php(38): CodeIgniter\Database\BaseConnection->prepare(Object(Closure))
#4 C:\Server\xampp73\htdocs\cashiera\system\CodeIgniter.php(936): App\Controllers\Homepage\Home->index()
#5 C:\Server\xampp73\htdocs\cashiera\system\CodeIgniter.php(432): CodeIgniter\CodeIgniter->runController(Object(App\Controllers\Homepage\Home))
#6 C:\Server\xampp73\htdocs\cashiera\system\CodeIgniter.php(333): CodeIgniter\CodeIgniter->handleRequest(NULL, Object(Config\Cache), false)
#7 C:\Server\xampp73\htdocs\cashiera\public\index.php(44): CodeIgniter\CodeIgniter->run()
#8 {main}
CRITICAL - 2021-04-08 20:41:14 --> You have an error in your SQL syntax; check the manual that corresponds to your MariaDB server version for the right syntax to use near 'key = ?' at line 1
#0 C:\Server\xampp73\htdocs\cashiera\system\Database\MySQLi\PreparedQuery.php(41): mysqli->prepare('SELECT id FROM ...')
#1 C:\Server\xampp73\htdocs\cashiera\system\Database\BasePreparedQuery.php(106): CodeIgniter\Database\MySQLi\PreparedQuery->_prepare('SELECT id FROM ...', Array)
#2 C:\Server\xampp73\htdocs\cashiera\system\Database\BaseConnection.php(1001): CodeIgniter\Database\BasePreparedQuery->prepare('SELECT id FROM ...', Array)
#3 C:\Server\xampp73\htdocs\cashiera\app\Controllers\Homepage\Home.php(39): CodeIgniter\Database\BaseConnection->prepare(Object(Closure))
#4 C:\Server\xampp73\htdocs\cashiera\system\CodeIgniter.php(936): App\Controllers\Homepage\Home->index()
#5 C:\Server\xampp73\htdocs\cashiera\system\CodeIgniter.php(432): CodeIgniter\CodeIgniter->runController(Object(App\Controllers\Homepage\Home))
#6 C:\Server\xampp73\htdocs\cashiera\system\CodeIgniter.php(333): CodeIgniter\CodeIgniter->handleRequest(NULL, Object(Config\Cache), false)
#7 C:\Server\xampp73\htdocs\cashiera\public\index.php(44): CodeIgniter\CodeIgniter->run()
#8 {main}
CRITICAL - 2021-04-08 20:45:50 --> mysqli_stmt::bind_param(): Number of variables doesn't match number of parameters in prepared statement
#0 [internal function]: CodeIgniter\Debug\Exceptions->errorHandler(2, 'mysqli_stmt::bi...', 'C:\\Server\\xampp...', 86, Array)
#1 C:\Server\xampp73\htdocs\cashiera\system\Database\MySQLi\PreparedQuery.php(86): mysqli_stmt->bind_param('s', 'admin')
#2 C:\Server\xampp73\htdocs\cashiera\system\Database\BasePreparedQuery.php(136): CodeIgniter\Database\MySQLi\PreparedQuery->_execute(Array)
#3 C:\Server\xampp73\htdocs\cashiera\app\Controllers\Homepage\Home.php(41): CodeIgniter\Database\BasePreparedQuery->execute('admin')
#4 C:\Server\xampp73\htdocs\cashiera\system\CodeIgniter.php(936): App\Controllers\Homepage\Home->index()
#5 C:\Server\xampp73\htdocs\cashiera\system\CodeIgniter.php(432): CodeIgniter\CodeIgniter->runController(Object(App\Controllers\Homepage\Home))
#6 C:\Server\xampp73\htdocs\cashiera\system\CodeIgniter.php(333): CodeIgniter\CodeIgniter->handleRequest(NULL, Object(Config\Cache), false)
#7 C:\Server\xampp73\htdocs\cashiera\public\index.php(44): CodeIgniter\CodeIgniter->run()
#8 {main}
CRITICAL - 2021-04-08 20:47:32 --> mysqli_stmt::bind_param(): Number of variables doesn't match number of parameters in prepared statement
#0 [internal function]: CodeIgniter\Debug\Exceptions->errorHandler(2, 'mysqli_stmt::bi...', 'C:\\Server\\xampp...', 86, Array)
#1 C:\Server\xampp73\htdocs\cashiera\system\Database\MySQLi\PreparedQuery.php(86): mysqli_stmt->bind_param('s', 'admin')
#2 C:\Server\xampp73\htdocs\cashiera\system\Database\BasePreparedQuery.php(136): CodeIgniter\Database\MySQLi\PreparedQuery->_execute(Array)
#3 C:\Server\xampp73\htdocs\cashiera\app\Controllers\Homepage\Home.php(41): CodeIgniter\Database\BasePreparedQuery->execute('admin')
#4 C:\Server\xampp73\htdocs\cashiera\system\CodeIgniter.php(936): App\Controllers\Homepage\Home->index()
#5 C:\Server\xampp73\htdocs\cashiera\system\CodeIgniter.php(432): CodeIgniter\CodeIgniter->runController(Object(App\Controllers\Homepage\Home))
#6 C:\Server\xampp73\htdocs\cashiera\system\CodeIgniter.php(333): CodeIgniter\CodeIgniter->handleRequest(NULL, Object(Config\Cache), false)
#7 C:\Server\xampp73\htdocs\cashiera\public\index.php(44): CodeIgniter\CodeIgniter->run()
#8 {main}
CRITICAL - 2021-04-08 20:47:53 --> mysqli_stmt::bind_param(): Number of variables doesn't match number of parameters in prepared statement
#0 [internal function]: CodeIgniter\Debug\Exceptions->errorHandler(2, 'mysqli_stmt::bi...', 'C:\\Server\\xampp...', 86, Array)
#1 C:\Server\xampp73\htdocs\cashiera\system\Database\MySQLi\PreparedQuery.php(86): mysqli_stmt->bind_param('s', 'asd')
#2 C:\Server\xampp73\htdocs\cashiera\system\Database\BasePreparedQuery.php(136): CodeIgniter\Database\MySQLi\PreparedQuery->_execute(Array)
#3 C:\Server\xampp73\htdocs\cashiera\app\Controllers\Homepage\Home.php(41): CodeIgniter\Database\BasePreparedQuery->execute('asd')
#4 C:\Server\xampp73\htdocs\cashiera\system\CodeIgniter.php(936): App\Controllers\Homepage\Home->index()
#5 C:\Server\xampp73\htdocs\cashiera\system\CodeIgniter.php(432): CodeIgniter\CodeIgniter->runController(Object(App\Controllers\Homepage\Home))
#6 C:\Server\xampp73\htdocs\cashiera\system\CodeIgniter.php(333): CodeIgniter\CodeIgniter->handleRequest(NULL, Object(Config\Cache), false)
#7 C:\Server\xampp73\htdocs\cashiera\public\index.php(44): CodeIgniter\CodeIgniter->run()
#8 {main}
CRITICAL - 2021-04-08 20:48:24 --> mysqli_stmt::bind_param(): Number of variables doesn't match number of parameters in prepared statement
#0 [internal function]: CodeIgniter\Debug\Exceptions->errorHandler(2, 'mysqli_stmt::bi...', 'C:\\Server\\xampp...', 86, Array)
#1 C:\Server\xampp73\htdocs\cashiera\system\Database\MySQLi\PreparedQuery.php(86): mysqli_stmt->bind_param('d', '1111')
#2 C:\Server\xampp73\htdocs\cashiera\system\Database\BasePreparedQuery.php(136): CodeIgniter\Database\MySQLi\PreparedQuery->_execute(Array)
#3 C:\Server\xampp73\htdocs\cashiera\app\Controllers\Homepage\Home.php(41): CodeIgniter\Database\BasePreparedQuery->execute('1111')
#4 C:\Server\xampp73\htdocs\cashiera\system\CodeIgniter.php(936): App\Controllers\Homepage\Home->index()
#5 C:\Server\xampp73\htdocs\cashiera\system\CodeIgniter.php(432): CodeIgniter\CodeIgniter->runController(Object(App\Controllers\Homepage\Home))
#6 C:\Server\xampp73\htdocs\cashiera\system\CodeIgniter.php(333): CodeIgniter\CodeIgniter->handleRequest(NULL, Object(Config\Cache), false)
#7 C:\Server\xampp73\htdocs\cashiera\public\index.php(44): CodeIgniter\CodeIgniter->run()
#8 {main}
CRITICAL - 2021-04-08 20:48:43 --> mysqli_stmt::bind_param(): Number of variables doesn't match number of parameters in prepared statement
#0 [internal function]: CodeIgniter\Debug\Exceptions->errorHandler(2, 'mysqli_stmt::bi...', 'C:\\Server\\xampp...', 86, Array)
#1 C:\Server\xampp73\htdocs\cashiera\system\Database\MySQLi\PreparedQuery.php(86): mysqli_stmt->bind_param('d', '1111')
#2 C:\Server\xampp73\htdocs\cashiera\system\Database\BasePreparedQuery.php(136): CodeIgniter\Database\MySQLi\PreparedQuery->_execute(Array)
#3 C:\Server\xampp73\htdocs\cashiera\app\Controllers\Homepage\Home.php(41): CodeIgniter\Database\BasePreparedQuery->execute('1111')
#4 C:\Server\xampp73\htdocs\cashiera\system\CodeIgniter.php(936): App\Controllers\Homepage\Home->index()
#5 C:\Server\xampp73\htdocs\cashiera\system\CodeIgniter.php(432): CodeIgniter\CodeIgniter->runController(Object(App\Controllers\Homepage\Home))
#6 C:\Server\xampp73\htdocs\cashiera\system\CodeIgniter.php(333): CodeIgniter\CodeIgniter->handleRequest(NULL, Object(Config\Cache), false)
#7 C:\Server\xampp73\htdocs\cashiera\public\index.php(44): CodeIgniter\CodeIgniter->run()
#8 {main}
CRITICAL - 2021-04-08 21:20:04 --> Call to undefined function App\Controllers\Homepage\db_switch()
#0 C:\Server\xampp73\htdocs\cashiera\system\CodeIgniter.php(936): App\Controllers\Homepage\Home->index()
#1 C:\Server\xampp73\htdocs\cashiera\system\CodeIgniter.php(432): CodeIgniter\CodeIgniter->runController(Object(App\Controllers\Homepage\Home))
#2 C:\Server\xampp73\htdocs\cashiera\system\CodeIgniter.php(333): CodeIgniter\CodeIgniter->handleRequest(NULL, Object(Config\Cache), false)
#3 C:\Server\xampp73\htdocs\cashiera\public\index.php(44): CodeIgniter\CodeIgniter->run()
#4 {main}
CRITICAL - 2021-04-08 21:22:07 --> Call to undefined function App\Controllers\Homepage\db_switch()
#0 C:\Server\xampp73\htdocs\cashiera\system\CodeIgniter.php(936): App\Controllers\Homepage\Home->index()
#1 C:\Server\xampp73\htdocs\cashiera\system\CodeIgniter.php(432): CodeIgniter\CodeIgniter->runController(Object(App\Controllers\Homepage\Home))
#2 C:\Server\xampp73\htdocs\cashiera\system\CodeIgniter.php(333): CodeIgniter\CodeIgniter->handleRequest(NULL, Object(Config\Cache), false)
#3 C:\Server\xampp73\htdocs\cashiera\public\index.php(44): CodeIgniter\CodeIgniter->run()
#4 {main}
CRITICAL - 2021-04-08 21:23:20 --> Call to undefined function App\Controllers\Homepage\db_switch()
#0 C:\Server\xampp73\htdocs\cashiera\system\CodeIgniter.php(936): App\Controllers\Homepage\Home->index()
#1 C:\Server\xampp73\htdocs\cashiera\system\CodeIgniter.php(432): CodeIgniter\CodeIgniter->runController(Object(App\Controllers\Homepage\Home))
#2 C:\Server\xampp73\htdocs\cashiera\system\CodeIgniter.php(333): CodeIgniter\CodeIgniter->handleRequest(NULL, Object(Config\Cache), false)
#3 C:\Server\xampp73\htdocs\cashiera\public\index.php(44): CodeIgniter\CodeIgniter->run()
#4 {main}
CRITICAL - 2021-04-08 21:24:32 --> Call to undefined function App\Controllers\Homepage\db_switch()
#0 C:\Server\xampp73\htdocs\cashiera\system\CodeIgniter.php(936): App\Controllers\Homepage\Home->index()
#1 C:\Server\xampp73\htdocs\cashiera\system\CodeIgniter.php(432): CodeIgniter\CodeIgniter->runController(Object(App\Controllers\Homepage\Home))
#2 C:\Server\xampp73\htdocs\cashiera\system\CodeIgniter.php(333): CodeIgniter\CodeIgniter->handleRequest(NULL, Object(Config\Cache), false)
#3 C:\Server\xampp73\htdocs\cashiera\public\index.php(44): CodeIgniter\CodeIgniter->run()
#4 {main}
CRITICAL - 2021-04-08 21:24:51 --> Call to undefined function App\Controllers\Homepage\db_switch()
#0 C:\Server\xampp73\htdocs\cashiera\system\CodeIgniter.php(936): App\Controllers\Homepage\Home->index()
#1 C:\Server\xampp73\htdocs\cashiera\system\CodeIgniter.php(432): CodeIgniter\CodeIgniter->runController(Object(App\Controllers\Homepage\Home))
#2 C:\Server\xampp73\htdocs\cashiera\system\CodeIgniter.php(333): CodeIgniter\CodeIgniter->handleRequest(NULL, Object(Config\Cache), false)
#3 C:\Server\xampp73\htdocs\cashiera\public\index.php(44): CodeIgniter\CodeIgniter->run()
#4 {main}
CRITICAL - 2021-04-08 21:26:09 --> Call to undefined function App\Controllers\Homepage\db_switch()
#0 C:\Server\xampp73\htdocs\cashiera\system\CodeIgniter.php(936): App\Controllers\Homepage\Home->index()
#1 C:\Server\xampp73\htdocs\cashiera\system\CodeIgniter.php(432): CodeIgniter\CodeIgniter->runController(Object(App\Controllers\Homepage\Home))
#2 C:\Server\xampp73\htdocs\cashiera\system\CodeIgniter.php(333): CodeIgniter\CodeIgniter->handleRequest(NULL, Object(Config\Cache), false)
#3 C:\Server\xampp73\htdocs\cashiera\public\index.php(44): CodeIgniter\CodeIgniter->run()
#4 {main}
CRITICAL - 2021-04-08 21:28:09 --> Call to undefined function App\Controllers\Homepage\db_switch()
#0 C:\Server\xampp73\htdocs\cashiera\system\CodeIgniter.php(936): App\Controllers\Homepage\Home->index()
#1 C:\Server\xampp73\htdocs\cashiera\system\CodeIgniter.php(432): CodeIgniter\CodeIgniter->runController(Object(App\Controllers\Homepage\Home))
#2 C:\Server\xampp73\htdocs\cashiera\system\CodeIgniter.php(333): CodeIgniter\CodeIgniter->handleRequest(NULL, Object(Config\Cache), false)
#3 C:\Server\xampp73\htdocs\cashiera\public\index.php(44): CodeIgniter\CodeIgniter->run()
#4 {main}
CRITICAL - 2021-04-08 21:29:39 --> Call to undefined function App\Controllers\Homepage\db_switch()
#0 C:\Server\xampp73\htdocs\cashiera\system\CodeIgniter.php(936): App\Controllers\Homepage\Home->index()
#1 C:\Server\xampp73\htdocs\cashiera\system\CodeIgniter.php(432): CodeIgniter\CodeIgniter->runController(Object(App\Controllers\Homepage\Home))
#2 C:\Server\xampp73\htdocs\cashiera\system\CodeIgniter.php(333): CodeIgniter\CodeIgniter->handleRequest(NULL, Object(Config\Cache), false)
#3 C:\Server\xampp73\htdocs\cashiera\public\index.php(44): CodeIgniter\CodeIgniter->run()
#4 {main}
CRITICAL - 2021-04-08 21:30:22 --> Call to undefined function App\Controllers\Homepage\db_switch()
#0 C:\Server\xampp73\htdocs\cashiera\system\CodeIgniter.php(936): App\Controllers\Homepage\Home->index()
#1 C:\Server\xampp73\htdocs\cashiera\system\CodeIgniter.php(432): CodeIgniter\CodeIgniter->runController(Object(App\Controllers\Homepage\Home))
#2 C:\Server\xampp73\htdocs\cashiera\system\CodeIgniter.php(333): CodeIgniter\CodeIgniter->handleRequest(NULL, Object(Config\Cache), false)
#3 C:\Server\xampp73\htdocs\cashiera\public\index.php(44): CodeIgniter\CodeIgniter->run()
#4 {main}
CRITICAL - 2021-04-08 21:31:41 --> Call to undefined function App\Controllers\Homepage\db_switch()
#0 C:\Server\xampp73\htdocs\cashiera\system\CodeIgniter.php(936): App\Controllers\Homepage\Home->index()
#1 C:\Server\xampp73\htdocs\cashiera\system\CodeIgniter.php(432): CodeIgniter\CodeIgniter->runController(Object(App\Controllers\Homepage\Home))
#2 C:\Server\xampp73\htdocs\cashiera\system\CodeIgniter.php(333): CodeIgniter\CodeIgniter->handleRequest(NULL, Object(Config\Cache), false)
#3 C:\Server\xampp73\htdocs\cashiera\public\index.php(44): CodeIgniter\CodeIgniter->run()
#4 {main}
CRITICAL - 2021-04-08 21:32:00 --> Call to undefined function App\Controllers\Homepage\db_switch()
#0 C:\Server\xampp73\htdocs\cashiera\system\CodeIgniter.php(936): App\Controllers\Homepage\Home->index()
#1 C:\Server\xampp73\htdocs\cashiera\system\CodeIgniter.php(432): CodeIgniter\CodeIgniter->runController(Object(App\Controllers\Homepage\Home))
#2 C:\Server\xampp73\htdocs\cashiera\system\CodeIgniter.php(333): CodeIgniter\CodeIgniter->handleRequest(NULL, Object(Config\Cache), false)
#3 C:\Server\xampp73\htdocs\cashiera\public\index.php(44): CodeIgniter\CodeIgniter->run()
#4 {main}
CRITICAL - 2021-04-08 21:32:05 --> Call to undefined function App\Controllers\Homepage\db_switch()
#0 C:\Server\xampp73\htdocs\cashiera\system\CodeIgniter.php(936): App\Controllers\Homepage\Home->index()
#1 C:\Server\xampp73\htdocs\cashiera\system\CodeIgniter.php(432): CodeIgniter\CodeIgniter->runController(Object(App\Controllers\Homepage\Home))
#2 C:\Server\xampp73\htdocs\cashiera\system\CodeIgniter.php(333): CodeIgniter\CodeIgniter->handleRequest(NULL, Object(Config\Cache), false)
#3 C:\Server\xampp73\htdocs\cashiera\public\index.php(44): CodeIgniter\CodeIgniter->run()
#4 {main}
CRITICAL - 2021-04-08 21:35:01 --> Call to undefined function App\Controllers\Homepage\db_switch()
#0 C:\Server\xampp73\htdocs\cashiera\system\CodeIgniter.php(936): App\Controllers\Homepage\Home->index()
#1 C:\Server\xampp73\htdocs\cashiera\system\CodeIgniter.php(432): CodeIgniter\CodeIgniter->runController(Object(App\Controllers\Homepage\Home))
#2 C:\Server\xampp73\htdocs\cashiera\system\CodeIgniter.php(333): CodeIgniter\CodeIgniter->handleRequest(NULL, Object(Config\Cache), false)
#3 C:\Server\xampp73\htdocs\cashiera\public\index.php(44): CodeIgniter\CodeIgniter->run()
#4 {main}
CRITICAL - 2021-04-08 21:39:07 --> Call to undefined function App\Controllers\Homepage\db_switch()
#0 C:\Server\xampp73\htdocs\cashiera\system\CodeIgniter.php(936): App\Controllers\Homepage\Home->index()
#1 C:\Server\xampp73\htdocs\cashiera\system\CodeIgniter.php(432): CodeIgniter\CodeIgniter->runController(Object(App\Controllers\Homepage\Home))
#2 C:\Server\xampp73\htdocs\cashiera\system\CodeIgniter.php(333): CodeIgniter\CodeIgniter->handleRequest(NULL, Object(Config\Cache), false)
#3 C:\Server\xampp73\htdocs\cashiera\public\index.php(44): CodeIgniter\CodeIgniter->run()
#4 {main}
CRITICAL - 2021-04-08 21:39:41 --> Call to undefined function App\Controllers\Homepage\db_switch()
#0 C:\Server\xampp73\htdocs\cashiera\system\CodeIgniter.php(936): App\Controllers\Homepage\Home->index()
#1 C:\Server\xampp73\htdocs\cashiera\system\CodeIgniter.php(432): CodeIgniter\CodeIgniter->runController(Object(App\Controllers\Homepage\Home))
#2 C:\Server\xampp73\htdocs\cashiera\system\CodeIgniter.php(333): CodeIgniter\CodeIgniter->handleRequest(NULL, Object(Config\Cache), false)
#3 C:\Server\xampp73\htdocs\cashiera\public\index.php(44): CodeIgniter\CodeIgniter->run()
#4 {main}
CRITICAL - 2021-04-08 21:41:45 --> CodeIgniter\Autoloader\Autoloader::main(): Failed opening required 'FirePHPCore/fb.php' (include_path='C:\Server\xampp73\php\PEAR')
#0 [internal function]: CodeIgniter\Debug\Exceptions->shutdownHandler()
#1 {main}
CRITICAL - 2021-04-08 21:43:11 --> CodeIgniter\Autoloader\Autoloader::main(): Failed opening required 'FirePHPCore/fb.php' (include_path='C:\Server\xampp73\php\PEAR')
#0 [internal function]: CodeIgniter\Debug\Exceptions->shutdownHandler()
#1 {main}
CRITICAL - 2021-04-08 21:43:36 --> Call to undefined function App\Controllers\Homepage\db_switch()
#0 C:\Server\xampp73\htdocs\cashiera\system\CodeIgniter.php(936): App\Controllers\Homepage\Home->index()
#1 C:\Server\xampp73\htdocs\cashiera\system\CodeIgniter.php(432): CodeIgniter\CodeIgniter->runController(Object(App\Controllers\Homepage\Home))
#2 C:\Server\xampp73\htdocs\cashiera\system\CodeIgniter.php(333): CodeIgniter\CodeIgniter->handleRequest(NULL, Object(Config\Cache), false)
#3 C:\Server\xampp73\htdocs\cashiera\public\index.php(44): CodeIgniter\CodeIgniter->run()
#4 {main}
