INFO - 2021-05-27 01:49:42 --> Session: Class initialized using 'CodeIgniter\Session\Handlers\FileHandler' driver.
INFO - 2021-05-27 01:49:43 --> Session: Class initialized using 'CodeIgniter\Session\Handlers\FileHandler' driver.
INFO - 2021-05-27 01:49:51 --> Session: Class initialized using 'CodeIgniter\Session\Handlers\FileHandler' driver.
INFO - 2021-05-27 01:49:58 --> Session: Class initialized using 'CodeIgniter\Session\Handlers\FileHandler' driver.
INFO - 2021-05-27 01:50:08 --> Session: Class initialized using 'CodeIgniter\Session\Handlers\FileHandler' driver.
INFO - 2021-05-27 01:50:13 --> Session: Class initialized using 'CodeIgniter\Session\Handlers\FileHandler' driver.
INFO - 2021-05-27 01:50:18 --> Session: Class initialized using 'CodeIgniter\Session\Handlers\FileHandler' driver.
INFO - 2021-05-27 01:51:07 --> Session: Class initialized using 'CodeIgniter\Session\Handlers\FileHandler' driver.
INFO - 2021-05-27 01:51:08 --> Session: Class initialized using 'CodeIgniter\Session\Handlers\FileHandler' driver.
INFO - 2021-05-27 01:51:11 --> Session: Class initialized using 'CodeIgniter\Session\Handlers\FileHandler' driver.
INFO - 2021-05-27 01:51:12 --> Session: Class initialized using 'CodeIgniter\Session\Handlers\FileHandler' driver.
INFO - 2021-05-27 01:51:12 --> Session: Class initialized using 'CodeIgniter\Session\Handlers\FileHandler' driver.
INFO - 2021-05-27 01:51:12 --> Session: Class initialized using 'CodeIgniter\Session\Handlers\FileHandler' driver.
INFO - 2021-05-27 01:51:16 --> Session: Class initialized using 'CodeIgniter\Session\Handlers\FileHandler' driver.
INFO - 2021-05-27 01:51:19 --> Session: Class initialized using 'CodeIgniter\Session\Handlers\FileHandler' driver.
INFO - 2021-05-27 01:51:20 --> Session: Class initialized using 'CodeIgniter\Session\Handlers\FileHandler' driver.
INFO - 2021-05-27 01:51:20 --> Session: Class initialized using 'CodeIgniter\Session\Handlers\FileHandler' driver.
INFO - 2021-05-27 01:57:22 --> Session: Class initialized using 'CodeIgniter\Session\Handlers\FileHandler' driver.
INFO - 2021-05-27 01:57:25 --> Session: Class initialized using 'CodeIgniter\Session\Handlers\FileHandler' driver.
INFO - 2021-05-27 01:57:25 --> Session: Class initialized using 'CodeIgniter\Session\Handlers\FileHandler' driver.
INFO - 2021-05-27 01:57:26 --> Session: Class initialized using 'CodeIgniter\Session\Handlers\FileHandler' driver.
INFO - 2021-05-27 01:57:50 --> Session: Class initialized using 'CodeIgniter\Session\Handlers\FileHandler' driver.
INFO - 2021-05-27 01:57:52 --> Session: Class initialized using 'CodeIgniter\Session\Handlers\FileHandler' driver.
INFO - 2021-05-27 01:58:12 --> Session: Class initialized using 'CodeIgniter\Session\Handlers\FileHandler' driver.
INFO - 2021-05-27 01:58:13 --> Session: Class initialized using 'CodeIgniter\Session\Handlers\FileHandler' driver.
INFO - 2021-05-27 02:09:00 --> Session: Class initialized using 'CodeIgniter\Session\Handlers\FileHandler' driver.
INFO - 2021-05-27 02:09:03 --> Session: Class initialized using 'CodeIgniter\Session\Handlers\FileHandler' driver.
INFO - 2021-05-27 02:09:04 --> Session: Class initialized using 'CodeIgniter\Session\Handlers\FileHandler' driver.
INFO - 2021-05-27 02:09:04 --> Session: Class initialized using 'CodeIgniter\Session\Handlers\FileHandler' driver.
INFO - 2021-05-27 02:09:34 --> Session: Class initialized using 'CodeIgniter\Session\Handlers\FileHandler' driver.
INFO - 2021-05-27 02:09:37 --> Session: Class initialized using 'CodeIgniter\Session\Handlers\FileHandler' driver.
INFO - 2021-05-27 02:09:37 --> Session: Class initialized using 'CodeIgniter\Session\Handlers\FileHandler' driver.
INFO - 2021-05-27 02:09:37 --> Session: Class initialized using 'CodeIgniter\Session\Handlers\FileHandler' driver.
INFO - 2021-05-27 02:10:09 --> Session: Class initialized using 'CodeIgniter\Session\Handlers\FileHandler' driver.
INFO - 2021-05-27 02:10:13 --> Session: Class initialized using 'CodeIgniter\Session\Handlers\FileHandler' driver.
INFO - 2021-05-27 02:10:13 --> Session: Class initialized using 'CodeIgniter\Session\Handlers\FileHandler' driver.
INFO - 2021-05-27 02:10:13 --> Session: Class initialized using 'CodeIgniter\Session\Handlers\FileHandler' driver.
INFO - 2021-05-27 02:10:24 --> Session: Class initialized using 'CodeIgniter\Session\Handlers\FileHandler' driver.
INFO - 2021-05-27 02:10:27 --> Session: Class initialized using 'CodeIgniter\Session\Handlers\FileHandler' driver.
INFO - 2021-05-27 02:10:27 --> Session: Class initialized using 'CodeIgniter\Session\Handlers\FileHandler' driver.
INFO - 2021-05-27 02:10:27 --> Session: Class initialized using 'CodeIgniter\Session\Handlers\FileHandler' driver.
INFO - 2021-05-27 02:13:16 --> Session: Class initialized using 'CodeIgniter\Session\Handlers\FileHandler' driver.
INFO - 2021-05-27 02:13:19 --> Session: Class initialized using 'CodeIgniter\Session\Handlers\FileHandler' driver.
INFO - 2021-05-27 02:13:19 --> Session: Class initialized using 'CodeIgniter\Session\Handlers\FileHandler' driver.
INFO - 2021-05-27 02:13:20 --> Session: Class initialized using 'CodeIgniter\Session\Handlers\FileHandler' driver.
INFO - 2021-05-27 02:49:09 --> Session: Class initialized using 'CodeIgniter\Session\Handlers\FileHandler' driver.
INFO - 2021-05-27 02:49:09 --> Session: Class initialized using 'CodeIgniter\Session\Handlers\FileHandler' driver.
INFO - 2021-05-27 02:49:10 --> Session: Class initialized using 'CodeIgniter\Session\Handlers\FileHandler' driver.
ERROR - 2021-05-27 02:49:10 --> Error connecting to the database: Unknown database 'tenant_1111'
CRITICAL - 2021-05-27 02:49:10 --> Unable to connect to the database.
#0 C:\Server\xampp73\htdocs\cashiera\system\Database\BaseConnection.php(980): CodeIgniter\Database\BaseConnection->initialize()
#1 C:\Server\xampp73\htdocs\cashiera\app\Helpers\dynamicdb_helper.php(434): CodeIgniter\Database\BaseConnection->prepare(Object(Closure), Array)
#2 C:\Server\xampp73\htdocs\cashiera\app\Models\Admin\ReadModel.php(71): db_read_builder('SELECT', Array, 'FROM `users` u ...', Array, '', Array, Array, Object(CodeIgniter\Database\MySQLi\Connection))
#3 C:\Server\xampp73\htdocs\cashiera\app\Controllers\Admin\PengaturanAkun.php(64): App\Models\Admin\ReadModel->read_user_login(Array)
#4 C:\Server\xampp73\htdocs\cashiera\system\CodeIgniter.php(936): App\Controllers\Admin\PengaturanAkun->index()
#5 C:\Server\xampp73\htdocs\cashiera\system\CodeIgniter.php(432): CodeIgniter\CodeIgniter->runController(Object(App\Controllers\Admin\PengaturanAkun))
#6 C:\Server\xampp73\htdocs\cashiera\system\CodeIgniter.php(333): CodeIgniter\CodeIgniter->handleRequest(NULL, Object(Config\Cache), false)
#7 C:\Server\xampp73\htdocs\cashiera\public\index.php(44): CodeIgniter\CodeIgniter->run()
#8 {main}
INFO - 2021-05-27 02:49:10 --> Session: Class initialized using 'CodeIgniter\Session\Handlers\FileHandler' driver.
ERROR - 2021-05-27 02:49:10 --> Error connecting to the database: Unknown database 'tenant_1111'
CRITICAL - 2021-05-27 02:49:11 --> Unable to connect to the database.
#0 C:\Server\xampp73\htdocs\cashiera\system\Database\BaseConnection.php(980): CodeIgniter\Database\BaseConnection->initialize()
#1 C:\Server\xampp73\htdocs\cashiera\app\Helpers\dynamicdb_helper.php(434): CodeIgniter\Database\BaseConnection->prepare(Object(Closure), Array)
#2 C:\Server\xampp73\htdocs\cashiera\app\Models\Admin\ReadModel.php(71): db_read_builder('SELECT', Array, 'FROM `users` u ...', Array, '', Array, Array, Object(CodeIgniter\Database\MySQLi\Connection))
#3 C:\Server\xampp73\htdocs\cashiera\app\Controllers\Admin\PengaturanAkun.php(64): App\Models\Admin\ReadModel->read_user_login(Array)
#4 C:\Server\xampp73\htdocs\cashiera\system\CodeIgniter.php(936): App\Controllers\Admin\PengaturanAkun->index()
#5 C:\Server\xampp73\htdocs\cashiera\system\CodeIgniter.php(432): CodeIgniter\CodeIgniter->runController(Object(App\Controllers\Admin\PengaturanAkun))
#6 C:\Server\xampp73\htdocs\cashiera\system\CodeIgniter.php(333): CodeIgniter\CodeIgniter->handleRequest(NULL, Object(Config\Cache), false)
#7 C:\Server\xampp73\htdocs\cashiera\public\index.php(44): CodeIgniter\CodeIgniter->run()
#8 {main}
INFO - 2021-05-27 02:50:16 --> Session: Class initialized using 'CodeIgniter\Session\Handlers\FileHandler' driver.
INFO - 2021-05-27 02:50:20 --> Session: Class initialized using 'CodeIgniter\Session\Handlers\FileHandler' driver.
INFO - 2021-05-27 02:50:49 --> Session: Class initialized using 'CodeIgniter\Session\Handlers\FileHandler' driver.
INFO - 2021-05-27 02:50:51 --> Session: Class initialized using 'CodeIgniter\Session\Handlers\FileHandler' driver.
INFO - 2021-05-27 02:50:52 --> Session: Class initialized using 'CodeIgniter\Session\Handlers\FileHandler' driver.
INFO - 2021-05-27 02:51:01 --> Session: Class initialized using 'CodeIgniter\Session\Handlers\FileHandler' driver.
INFO - 2021-05-27 02:51:02 --> Session: Class initialized using 'CodeIgniter\Session\Handlers\FileHandler' driver.
INFO - 2021-05-27 02:51:05 --> Session: Class initialized using 'CodeIgniter\Session\Handlers\FileHandler' driver.
INFO - 2021-05-27 02:51:05 --> Session: Class initialized using 'CodeIgniter\Session\Handlers\FileHandler' driver.
INFO - 2021-05-27 02:51:06 --> Session: Class initialized using 'CodeIgniter\Session\Handlers\FileHandler' driver.
INFO - 2021-05-27 02:51:06 --> Session: Class initialized using 'CodeIgniter\Session\Handlers\FileHandler' driver.
ERROR - 2021-05-27 02:51:06 --> mysqli_sql_exception: Unknown column 'sh.capital' in 'field list' in C:\Server\xampp73\htdocs\cashiera\system\Database\MySQLi\Connection.php:314
Stack trace:
#0 C:\Server\xampp73\htdocs\cashiera\system\Database\MySQLi\Connection.php(314): mysqli->query('SELECT COUNT(*)...')
#1 C:\Server\xampp73\htdocs\cashiera\system\Database\BaseConnection.php(713): CodeIgniter\Database\MySQLi\Connection->execute('SELECT COUNT(*)...')
#2 C:\Server\xampp73\htdocs\cashiera\system\Database\BaseConnection.php(641): CodeIgniter\Database\BaseConnection->simpleQuery('SELECT COUNT(*)...')
#3 C:\Server\xampp73\htdocs\cashiera\app\Helpers\dynamicdb_helper.php(430): CodeIgniter\Database\BaseConnection->query('SELECT COUNT(*)...')
#4 C:\Server\xampp73\htdocs\cashiera\app\Models\Admin\ReadModel.php(606): db_read_builder('SELECT', Array, 'FROM selling_hi...', Array, '', Array, Array, Object(CodeIgniter\Database\MySQLi\Connection))
#5 C:\Server\xampp73\htdocs\cashiera\app\Controllers\Admin\LaporanKeseluruhan.php(32): App\Models\Admin\ReadModel->read_overall_result(Array)
#6 C:\Server\xampp73\htdocs\cashiera\system\CodeIgniter.php(936): App\Controllers\Admin\LaporanKeseluruhan->index()
#7 C:\Server\xampp73\htdocs\cashiera\system\CodeIgniter.php(432): CodeIgniter\CodeIgniter->runController(Object(App\Controllers\Admin\LaporanKeseluruhan))
#8 C:\Server\xampp73\htdocs\cashiera\system\CodeIgniter.php(333): CodeIgniter\CodeIgniter->handleRequest(NULL, Object(Config\Cache), false)
#9 C:\Server\xampp73\htdocs\cashiera\public\index.php(44): CodeIgniter\CodeIgniter->run()
#10 {main}
CRITICAL - 2021-05-27 02:51:06 --> Unknown column 'sh.capital' in 'field list'
#0 C:\Server\xampp73\htdocs\cashiera\system\Database\MySQLi\Connection.php(314): mysqli->query('SELECT COUNT(*)...')
#1 C:\Server\xampp73\htdocs\cashiera\system\Database\BaseConnection.php(713): CodeIgniter\Database\MySQLi\Connection->execute('SELECT COUNT(*)...')
#2 C:\Server\xampp73\htdocs\cashiera\system\Database\BaseConnection.php(641): CodeIgniter\Database\BaseConnection->simpleQuery('SELECT COUNT(*)...')
#3 C:\Server\xampp73\htdocs\cashiera\app\Helpers\dynamicdb_helper.php(430): CodeIgniter\Database\BaseConnection->query('SELECT COUNT(*)...')
#4 C:\Server\xampp73\htdocs\cashiera\app\Models\Admin\ReadModel.php(606): db_read_builder('SELECT', Array, 'FROM selling_hi...', Array, '', Array, Array, Object(CodeIgniter\Database\MySQLi\Connection))
#5 C:\Server\xampp73\htdocs\cashiera\app\Controllers\Admin\LaporanKeseluruhan.php(32): App\Models\Admin\ReadModel->read_overall_result(Array)
#6 C:\Server\xampp73\htdocs\cashiera\system\CodeIgniter.php(936): App\Controllers\Admin\LaporanKeseluruhan->index()
#7 C:\Server\xampp73\htdocs\cashiera\system\CodeIgniter.php(432): CodeIgniter\CodeIgniter->runController(Object(App\Controllers\Admin\LaporanKeseluruhan))
#8 C:\Server\xampp73\htdocs\cashiera\system\CodeIgniter.php(333): CodeIgniter\CodeIgniter->handleRequest(NULL, Object(Config\Cache), false)
#9 C:\Server\xampp73\htdocs\cashiera\public\index.php(44): CodeIgniter\CodeIgniter->run()
#10 {main}
INFO - 2021-05-27 02:51:53 --> Session: Class initialized using 'CodeIgniter\Session\Handlers\FileHandler' driver.
INFO - 2021-05-27 02:53:04 --> Session: Class initialized using 'CodeIgniter\Session\Handlers\FileHandler' driver.
INFO - 2021-05-27 02:53:07 --> Session: Class initialized using 'CodeIgniter\Session\Handlers\FileHandler' driver.
INFO - 2021-05-27 02:53:07 --> Session: Class initialized using 'CodeIgniter\Session\Handlers\FileHandler' driver.
INFO - 2021-05-27 02:53:07 --> Session: Class initialized using 'CodeIgniter\Session\Handlers\FileHandler' driver.
INFO - 2021-05-27 02:53:08 --> Session: Class initialized using 'CodeIgniter\Session\Handlers\FileHandler' driver.
ERROR - 2021-05-27 02:53:08 --> mysqli_sql_exception: Unknown column 'p.id_store' in 'on clause' in C:\Server\xampp73\htdocs\cashiera\system\Database\MySQLi\Connection.php:314
Stack trace:
#0 C:\Server\xampp73\htdocs\cashiera\system\Database\MySQLi\Connection.php(314): mysqli->query('SELECT COUNT(*)...')
#1 C:\Server\xampp73\htdocs\cashiera\system\Database\BaseConnection.php(713): CodeIgniter\Database\MySQLi\Connection->execute('SELECT COUNT(*)...')
#2 C:\Server\xampp73\htdocs\cashiera\system\Database\BaseConnection.php(641): CodeIgniter\Database\BaseConnection->simpleQuery('SELECT COUNT(*)...')
#3 C:\Server\xampp73\htdocs\cashiera\app\Helpers\dynamicdb_helper.php(430): CodeIgniter\Database\BaseConnection->query('SELECT COUNT(*)...')
#4 C:\Server\xampp73\htdocs\cashiera\app\Models\Admin\ReadModel.php(328): db_read_builder('SELECT', Array, 'FROM product p ...', Array, 'GROUP BY p.name...', Array, Array, Object(CodeIgniter\Database\MySQLi\Connection))
#5 C:\Server\xampp73\htdocs\cashiera\app\Controllers\Admin\Produk.php(55): App\Models\Admin\ReadModel->read_product(Array)
#6 C:\Server\xampp73\htdocs\cashiera\system\CodeIgniter.php(936): App\Controllers\Admin\Produk->index()
#7 C:\Server\xampp73\htdocs\cashiera\system\CodeIgniter.php(432): CodeIgniter\CodeIgniter->runController(Object(App\Controllers\Admin\Produk))
#8 C:\Server\xampp73\htdocs\cashiera\system\CodeIgniter.php(333): CodeIgniter\CodeIgniter->handleRequest(NULL, Object(Config\Cache), false)
#9 C:\Server\xampp73\htdocs\cashiera\public\index.php(44): CodeIgniter\CodeIgniter->run()
#10 {main}
CRITICAL - 2021-05-27 02:53:08 --> Unknown column 'p.id_store' in 'on clause'
#0 C:\Server\xampp73\htdocs\cashiera\system\Database\MySQLi\Connection.php(314): mysqli->query('SELECT COUNT(*)...')
#1 C:\Server\xampp73\htdocs\cashiera\system\Database\BaseConnection.php(713): CodeIgniter\Database\MySQLi\Connection->execute('SELECT COUNT(*)...')
#2 C:\Server\xampp73\htdocs\cashiera\system\Database\BaseConnection.php(641): CodeIgniter\Database\BaseConnection->simpleQuery('SELECT COUNT(*)...')
#3 C:\Server\xampp73\htdocs\cashiera\app\Helpers\dynamicdb_helper.php(430): CodeIgniter\Database\BaseConnection->query('SELECT COUNT(*)...')
#4 C:\Server\xampp73\htdocs\cashiera\app\Models\Admin\ReadModel.php(328): db_read_builder('SELECT', Array, 'FROM product p ...', Array, 'GROUP BY p.name...', Array, Array, Object(CodeIgniter\Database\MySQLi\Connection))
#5 C:\Server\xampp73\htdocs\cashiera\app\Controllers\Admin\Produk.php(55): App\Models\Admin\ReadModel->read_product(Array)
#6 C:\Server\xampp73\htdocs\cashiera\system\CodeIgniter.php(936): App\Controllers\Admin\Produk->index()
#7 C:\Server\xampp73\htdocs\cashiera\system\CodeIgniter.php(432): CodeIgniter\CodeIgniter->runController(Object(App\Controllers\Admin\Produk))
#8 C:\Server\xampp73\htdocs\cashiera\system\CodeIgniter.php(333): CodeIgniter\CodeIgniter->handleRequest(NULL, Object(Config\Cache), false)
#9 C:\Server\xampp73\htdocs\cashiera\public\index.php(44): CodeIgniter\CodeIgniter->run()
#10 {main}
INFO - 2021-05-27 02:53:57 --> Session: Class initialized using 'CodeIgniter\Session\Handlers\FileHandler' driver.
INFO - 2021-05-27 02:54:02 --> Session: Class initialized using 'CodeIgniter\Session\Handlers\FileHandler' driver.
INFO - 2021-05-27 02:54:05 --> Session: Class initialized using 'CodeIgniter\Session\Handlers\FileHandler' driver.
INFO - 2021-05-27 02:54:05 --> Session: Class initialized using 'CodeIgniter\Session\Handlers\FileHandler' driver.
INFO - 2021-05-27 02:54:05 --> Session: Class initialized using 'CodeIgniter\Session\Handlers\FileHandler' driver.
INFO - 2021-05-27 02:54:06 --> Session: Class initialized using 'CodeIgniter\Session\Handlers\FileHandler' driver.
ERROR - 2021-05-27 02:54:06 --> mysqli_sql_exception: Unknown column 'p.id_store' in 'on clause' in C:\Server\xampp73\htdocs\cashiera\system\Database\MySQLi\Connection.php:314
Stack trace:
#0 C:\Server\xampp73\htdocs\cashiera\system\Database\MySQLi\Connection.php(314): mysqli->query('SELECT COUNT(*)...')
#1 C:\Server\xampp73\htdocs\cashiera\system\Database\BaseConnection.php(713): CodeIgniter\Database\MySQLi\Connection->execute('SELECT COUNT(*)...')
#2 C:\Server\xampp73\htdocs\cashiera\system\Database\BaseConnection.php(641): CodeIgniter\Database\BaseConnection->simpleQuery('SELECT COUNT(*)...')
#3 C:\Server\xampp73\htdocs\cashiera\app\Helpers\dynamicdb_helper.php(430): CodeIgniter\Database\BaseConnection->query('SELECT COUNT(*)...')
#4 C:\Server\xampp73\htdocs\cashiera\app\Models\Admin\ReadModel.php(328): db_read_builder('SELECT', Array, 'FROM product p ...', Array, 'GROUP BY p.name...', Array, Array, Object(CodeIgniter\Database\MySQLi\Connection))
#5 C:\Server\xampp73\htdocs\cashiera\app\Controllers\Admin\Produk.php(55): App\Models\Admin\ReadModel->read_product(Array)
#6 C:\Server\xampp73\htdocs\cashiera\system\CodeIgniter.php(936): App\Controllers\Admin\Produk->index()
#7 C:\Server\xampp73\htdocs\cashiera\system\CodeIgniter.php(432): CodeIgniter\CodeIgniter->runController(Object(App\Controllers\Admin\Produk))
#8 C:\Server\xampp73\htdocs\cashiera\system\CodeIgniter.php(333): CodeIgniter\CodeIgniter->handleRequest(NULL, Object(Config\Cache), false)
#9 C:\Server\xampp73\htdocs\cashiera\public\index.php(44): CodeIgniter\CodeIgniter->run()
#10 {main}
CRITICAL - 2021-05-27 02:54:06 --> Unknown column 'p.id_store' in 'on clause'
#0 C:\Server\xampp73\htdocs\cashiera\system\Database\MySQLi\Connection.php(314): mysqli->query('SELECT COUNT(*)...')
#1 C:\Server\xampp73\htdocs\cashiera\system\Database\BaseConnection.php(713): CodeIgniter\Database\MySQLi\Connection->execute('SELECT COUNT(*)...')
#2 C:\Server\xampp73\htdocs\cashiera\system\Database\BaseConnection.php(641): CodeIgniter\Database\BaseConnection->simpleQuery('SELECT COUNT(*)...')
#3 C:\Server\xampp73\htdocs\cashiera\app\Helpers\dynamicdb_helper.php(430): CodeIgniter\Database\BaseConnection->query('SELECT COUNT(*)...')
#4 C:\Server\xampp73\htdocs\cashiera\app\Models\Admin\ReadModel.php(328): db_read_builder('SELECT', Array, 'FROM product p ...', Array, 'GROUP BY p.name...', Array, Array, Object(CodeIgniter\Database\MySQLi\Connection))
#5 C:\Server\xampp73\htdocs\cashiera\app\Controllers\Admin\Produk.php(55): App\Models\Admin\ReadModel->read_product(Array)
#6 C:\Server\xampp73\htdocs\cashiera\system\CodeIgniter.php(936): App\Controllers\Admin\Produk->index()
#7 C:\Server\xampp73\htdocs\cashiera\system\CodeIgniter.php(432): CodeIgniter\CodeIgniter->runController(Object(App\Controllers\Admin\Produk))
#8 C:\Server\xampp73\htdocs\cashiera\system\CodeIgniter.php(333): CodeIgniter\CodeIgniter->handleRequest(NULL, Object(Config\Cache), false)
#9 C:\Server\xampp73\htdocs\cashiera\public\index.php(44): CodeIgniter\CodeIgniter->run()
#10 {main}
INFO - 2021-05-27 02:54:23 --> Session: Class initialized using 'CodeIgniter\Session\Handlers\FileHandler' driver.
INFO - 2021-05-27 02:54:27 --> Session: Class initialized using 'CodeIgniter\Session\Handlers\FileHandler' driver.
INFO - 2021-05-27 02:54:31 --> Session: Class initialized using 'CodeIgniter\Session\Handlers\FileHandler' driver.
INFO - 2021-05-27 02:54:41 --> Session: Class initialized using 'CodeIgniter\Session\Handlers\FileHandler' driver.
INFO - 2021-05-27 02:56:19 --> Session: Class initialized using 'CodeIgniter\Session\Handlers\FileHandler' driver.
INFO - 2021-05-27 02:56:25 --> Session: Class initialized using 'CodeIgniter\Session\Handlers\FileHandler' driver.
INFO - 2021-05-27 02:56:58 --> Session: Class initialized using 'CodeIgniter\Session\Handlers\FileHandler' driver.
INFO - 2021-05-27 02:57:07 --> Session: Class initialized using 'CodeIgniter\Session\Handlers\FileHandler' driver.
INFO - 2021-05-27 02:57:13 --> Session: Class initialized using 'CodeIgniter\Session\Handlers\FileHandler' driver.
INFO - 2021-05-27 02:57:14 --> Session: Class initialized using 'CodeIgniter\Session\Handlers\FileHandler' driver.
INFO - 2021-05-27 02:59:38 --> Session: Class initialized using 'CodeIgniter\Session\Handlers\FileHandler' driver.
INFO - 2021-05-27 02:59:40 --> Session: Class initialized using 'CodeIgniter\Session\Handlers\FileHandler' driver.
INFO - 2021-05-27 02:59:43 --> Session: Class initialized using 'CodeIgniter\Session\Handlers\FileHandler' driver.
INFO - 2021-05-27 02:59:43 --> Session: Class initialized using 'CodeIgniter\Session\Handlers\FileHandler' driver.
INFO - 2021-05-27 02:59:43 --> Session: Class initialized using 'CodeIgniter\Session\Handlers\FileHandler' driver.
INFO - 2021-05-27 02:59:44 --> Session: Class initialized using 'CodeIgniter\Session\Handlers\FileHandler' driver.
ERROR - 2021-05-27 02:59:44 --> mysqli_sql_exception: Unknown column 'sh.capital' in 'field list' in C:\Server\xampp73\htdocs\cashiera\system\Database\MySQLi\Connection.php:314
Stack trace:
#0 C:\Server\xampp73\htdocs\cashiera\system\Database\MySQLi\Connection.php(314): mysqli->query('SELECT COUNT(*)...')
#1 C:\Server\xampp73\htdocs\cashiera\system\Database\BaseConnection.php(713): CodeIgniter\Database\MySQLi\Connection->execute('SELECT COUNT(*)...')
#2 C:\Server\xampp73\htdocs\cashiera\system\Database\BaseConnection.php(641): CodeIgniter\Database\BaseConnection->simpleQuery('SELECT COUNT(*)...')
#3 C:\Server\xampp73\htdocs\cashiera\app\Helpers\dynamicdb_helper.php(430): CodeIgniter\Database\BaseConnection->query('SELECT COUNT(*)...')
#4 C:\Server\xampp73\htdocs\cashiera\app\Models\Admin\ReadModel.php(606): db_read_builder('SELECT', Array, 'FROM selling_hi...', Array, '', Array, Array, Object(CodeIgniter\Database\MySQLi\Connection))
#5 C:\Server\xampp73\htdocs\cashiera\app\Controllers\Admin\LaporanKeseluruhan.php(32): App\Models\Admin\ReadModel->read_overall_result(Array)
#6 C:\Server\xampp73\htdocs\cashiera\system\CodeIgniter.php(936): App\Controllers\Admin\LaporanKeseluruhan->index()
#7 C:\Server\xampp73\htdocs\cashiera\system\CodeIgniter.php(432): CodeIgniter\CodeIgniter->runController(Object(App\Controllers\Admin\LaporanKeseluruhan))
#8 C:\Server\xampp73\htdocs\cashiera\system\CodeIgniter.php(333): CodeIgniter\CodeIgniter->handleRequest(NULL, Object(Config\Cache), false)
#9 C:\Server\xampp73\htdocs\cashiera\public\index.php(44): CodeIgniter\CodeIgniter->run()
#10 {main}
CRITICAL - 2021-05-27 02:59:44 --> Unknown column 'sh.capital' in 'field list'
#0 C:\Server\xampp73\htdocs\cashiera\system\Database\MySQLi\Connection.php(314): mysqli->query('SELECT COUNT(*)...')
#1 C:\Server\xampp73\htdocs\cashiera\system\Database\BaseConnection.php(713): CodeIgniter\Database\MySQLi\Connection->execute('SELECT COUNT(*)...')
#2 C:\Server\xampp73\htdocs\cashiera\system\Database\BaseConnection.php(641): CodeIgniter\Database\BaseConnection->simpleQuery('SELECT COUNT(*)...')
#3 C:\Server\xampp73\htdocs\cashiera\app\Helpers\dynamicdb_helper.php(430): CodeIgniter\Database\BaseConnection->query('SELECT COUNT(*)...')
#4 C:\Server\xampp73\htdocs\cashiera\app\Models\Admin\ReadModel.php(606): db_read_builder('SELECT', Array, 'FROM selling_hi...', Array, '', Array, Array, Object(CodeIgniter\Database\MySQLi\Connection))
#5 C:\Server\xampp73\htdocs\cashiera\app\Controllers\Admin\LaporanKeseluruhan.php(32): App\Models\Admin\ReadModel->read_overall_result(Array)
#6 C:\Server\xampp73\htdocs\cashiera\system\CodeIgniter.php(936): App\Controllers\Admin\LaporanKeseluruhan->index()
#7 C:\Server\xampp73\htdocs\cashiera\system\CodeIgniter.php(432): CodeIgniter\CodeIgniter->runController(Object(App\Controllers\Admin\LaporanKeseluruhan))
#8 C:\Server\xampp73\htdocs\cashiera\system\CodeIgniter.php(333): CodeIgniter\CodeIgniter->handleRequest(NULL, Object(Config\Cache), false)
#9 C:\Server\xampp73\htdocs\cashiera\public\index.php(44): CodeIgniter\CodeIgniter->run()
#10 {main}
INFO - 2021-05-27 02:59:52 --> Session: Class initialized using 'CodeIgniter\Session\Handlers\FileHandler' driver.
INFO - 2021-05-27 02:59:55 --> Session: Class initialized using 'CodeIgniter\Session\Handlers\FileHandler' driver.
INFO - 2021-05-27 02:59:55 --> Session: Class initialized using 'CodeIgniter\Session\Handlers\FileHandler' driver.
INFO - 2021-05-27 02:59:56 --> Session: Class initialized using 'CodeIgniter\Session\Handlers\FileHandler' driver.
INFO - 2021-05-27 03:01:14 --> Session: Class initialized using 'CodeIgniter\Session\Handlers\FileHandler' driver.
INFO - 2021-05-27 03:01:15 --> Session: Class initialized using 'CodeIgniter\Session\Handlers\FileHandler' driver.
INFO - 2021-05-27 03:01:30 --> Session: Class initialized using 'CodeIgniter\Session\Handlers\FileHandler' driver.
INFO - 2021-05-27 03:01:37 --> Session: Class initialized using 'CodeIgniter\Session\Handlers\FileHandler' driver.
CRITICAL - 2021-05-27 03:01:37 --> Call to undefined function App\Models\Etc\db_query_builder()
#0 C:\Server\xampp73\htdocs\cashiera\app\Controllers\Etc\Testing.php(160): App\Models\Etc\TestingModel->ResultsModel_get_selling_results(Array)
#1 C:\Server\xampp73\htdocs\cashiera\system\CodeIgniter.php(936): App\Controllers\Etc\Testing->index()
#2 C:\Server\xampp73\htdocs\cashiera\system\CodeIgniter.php(432): CodeIgniter\CodeIgniter->runController(Object(App\Controllers\Etc\Testing))
#3 C:\Server\xampp73\htdocs\cashiera\system\CodeIgniter.php(333): CodeIgniter\CodeIgniter->handleRequest(NULL, Object(Config\Cache), false)
#4 C:\Server\xampp73\htdocs\cashiera\public\index.php(44): CodeIgniter\CodeIgniter->run()
#5 {main}
INFO - 2021-05-27 03:02:08 --> Session: Class initialized using 'CodeIgniter\Session\Handlers\FileHandler' driver.
INFO - 2021-05-27 03:02:10 --> Session: Class initialized using 'CodeIgniter\Session\Handlers\FileHandler' driver.
INFO - 2021-05-27 03:02:10 --> Session: Class initialized using 'CodeIgniter\Session\Handlers\FileHandler' driver.
INFO - 2021-05-27 03:02:11 --> Session: Class initialized using 'CodeIgniter\Session\Handlers\FileHandler' driver.
INFO - 2021-05-27 03:02:11 --> Session: Class initialized using 'CodeIgniter\Session\Handlers\FileHandler' driver.
ERROR - 2021-05-27 03:02:11 --> mysqli_sql_exception: Unknown column 'sh.capital' in 'field list' in C:\Server\xampp73\htdocs\cashiera\system\Database\MySQLi\Connection.php:314
Stack trace:
#0 C:\Server\xampp73\htdocs\cashiera\system\Database\MySQLi\Connection.php(314): mysqli->query('SELECT COUNT(*)...')
#1 C:\Server\xampp73\htdocs\cashiera\system\Database\BaseConnection.php(713): CodeIgniter\Database\MySQLi\Connection->execute('SELECT COUNT(*)...')
#2 C:\Server\xampp73\htdocs\cashiera\system\Database\BaseConnection.php(641): CodeIgniter\Database\BaseConnection->simpleQuery('SELECT COUNT(*)...')
#3 C:\Server\xampp73\htdocs\cashiera\app\Helpers\dynamicdb_helper.php(430): CodeIgniter\Database\BaseConnection->query('SELECT COUNT(*)...')
#4 C:\Server\xampp73\htdocs\cashiera\app\Models\Admin\ReadModel.php(606): db_read_builder('SELECT', Array, 'FROM selling_hi...', Array, '', Array, Array, Object(CodeIgniter\Database\MySQLi\Connection))
#5 C:\Server\xampp73\htdocs\cashiera\app\Controllers\Admin\LaporanKeseluruhan.php(32): App\Models\Admin\ReadModel->read_overall_result(Array)
#6 C:\Server\xampp73\htdocs\cashiera\system\CodeIgniter.php(936): App\Controllers\Admin\LaporanKeseluruhan->index()
#7 C:\Server\xampp73\htdocs\cashiera\system\CodeIgniter.php(432): CodeIgniter\CodeIgniter->runController(Object(App\Controllers\Admin\LaporanKeseluruhan))
#8 C:\Server\xampp73\htdocs\cashiera\system\CodeIgniter.php(333): CodeIgniter\CodeIgniter->handleRequest(NULL, Object(Config\Cache), false)
#9 C:\Server\xampp73\htdocs\cashiera\public\index.php(44): CodeIgniter\CodeIgniter->run()
#10 {main}
CRITICAL - 2021-05-27 03:02:11 --> Unknown column 'sh.capital' in 'field list'
#0 C:\Server\xampp73\htdocs\cashiera\system\Database\MySQLi\Connection.php(314): mysqli->query('SELECT COUNT(*)...')
#1 C:\Server\xampp73\htdocs\cashiera\system\Database\BaseConnection.php(713): CodeIgniter\Database\MySQLi\Connection->execute('SELECT COUNT(*)...')
#2 C:\Server\xampp73\htdocs\cashiera\system\Database\BaseConnection.php(641): CodeIgniter\Database\BaseConnection->simpleQuery('SELECT COUNT(*)...')
#3 C:\Server\xampp73\htdocs\cashiera\app\Helpers\dynamicdb_helper.php(430): CodeIgniter\Database\BaseConnection->query('SELECT COUNT(*)...')
#4 C:\Server\xampp73\htdocs\cashiera\app\Models\Admin\ReadModel.php(606): db_read_builder('SELECT', Array, 'FROM selling_hi...', Array, '', Array, Array, Object(CodeIgniter\Database\MySQLi\Connection))
#5 C:\Server\xampp73\htdocs\cashiera\app\Controllers\Admin\LaporanKeseluruhan.php(32): App\Models\Admin\ReadModel->read_overall_result(Array)
#6 C:\Server\xampp73\htdocs\cashiera\system\CodeIgniter.php(936): App\Controllers\Admin\LaporanKeseluruhan->index()
#7 C:\Server\xampp73\htdocs\cashiera\system\CodeIgniter.php(432): CodeIgniter\CodeIgniter->runController(Object(App\Controllers\Admin\LaporanKeseluruhan))
#8 C:\Server\xampp73\htdocs\cashiera\system\CodeIgniter.php(333): CodeIgniter\CodeIgniter->handleRequest(NULL, Object(Config\Cache), false)
#9 C:\Server\xampp73\htdocs\cashiera\public\index.php(44): CodeIgniter\CodeIgniter->run()
#10 {main}
INFO - 2021-05-27 03:03:06 --> Session: Class initialized using 'CodeIgniter\Session\Handlers\FileHandler' driver.
INFO - 2021-05-27 03:03:09 --> Session: Class initialized using 'CodeIgniter\Session\Handlers\FileHandler' driver.
INFO - 2021-05-27 03:03:40 --> Session: Class initialized using 'CodeIgniter\Session\Handlers\FileHandler' driver.
INFO - 2021-05-27 03:03:41 --> Session: Class initialized using 'CodeIgniter\Session\Handlers\FileHandler' driver.
INFO - 2021-05-27 03:03:44 --> Session: Class initialized using 'CodeIgniter\Session\Handlers\FileHandler' driver.
INFO - 2021-05-27 03:03:44 --> Session: Class initialized using 'CodeIgniter\Session\Handlers\FileHandler' driver.
INFO - 2021-05-27 03:03:45 --> Session: Class initialized using 'CodeIgniter\Session\Handlers\FileHandler' driver.
INFO - 2021-05-27 03:03:45 --> Session: Class initialized using 'CodeIgniter\Session\Handlers\FileHandler' driver.
INFO - 2021-05-27 03:03:49 --> Session: Class initialized using 'CodeIgniter\Session\Handlers\FileHandler' driver.
INFO - 2021-05-27 03:03:52 --> Session: Class initialized using 'CodeIgniter\Session\Handlers\FileHandler' driver.
INFO - 2021-05-27 03:03:52 --> Session: Class initialized using 'CodeIgniter\Session\Handlers\FileHandler' driver.
INFO - 2021-05-27 03:03:53 --> Session: Class initialized using 'CodeIgniter\Session\Handlers\FileHandler' driver.
ERROR - 2021-05-27 03:03:53 --> mysqli_sql_exception: Unknown column 'p.id_store' in 'on clause' in C:\Server\xampp73\htdocs\cashiera\system\Database\MySQLi\Connection.php:314
Stack trace:
#0 C:\Server\xampp73\htdocs\cashiera\system\Database\MySQLi\Connection.php(314): mysqli->query('SELECT COUNT(*)...')
#1 C:\Server\xampp73\htdocs\cashiera\system\Database\BaseConnection.php(713): CodeIgniter\Database\MySQLi\Connection->execute('SELECT COUNT(*)...')
#2 C:\Server\xampp73\htdocs\cashiera\system\Database\BaseConnection.php(641): CodeIgniter\Database\BaseConnection->simpleQuery('SELECT COUNT(*)...')
#3 C:\Server\xampp73\htdocs\cashiera\app\Helpers\dynamicdb_helper.php(430): CodeIgniter\Database\BaseConnection->query('SELECT COUNT(*)...')
#4 C:\Server\xampp73\htdocs\cashiera\app\Models\Admin\ReadModel.php(328): db_read_builder('SELECT', Array, 'FROM product p ...', Array, 'GROUP BY p.name...', Array, Array, Object(CodeIgniter\Database\MySQLi\Connection))
#5 C:\Server\xampp73\htdocs\cashiera\app\Controllers\Admin\Produk.php(55): App\Models\Admin\ReadModel->read_product(Array)
#6 C:\Server\xampp73\htdocs\cashiera\system\CodeIgniter.php(936): App\Controllers\Admin\Produk->index()
#7 C:\Server\xampp73\htdocs\cashiera\system\CodeIgniter.php(432): CodeIgniter\CodeIgniter->runController(Object(App\Controllers\Admin\Produk))
#8 C:\Server\xampp73\htdocs\cashiera\system\CodeIgniter.php(333): CodeIgniter\CodeIgniter->handleRequest(NULL, Object(Config\Cache), false)
#9 C:\Server\xampp73\htdocs\cashiera\public\index.php(44): CodeIgniter\CodeIgniter->run()
#10 {main}
CRITICAL - 2021-05-27 03:03:53 --> Unknown column 'p.id_store' in 'on clause'
#0 C:\Server\xampp73\htdocs\cashiera\system\Database\MySQLi\Connection.php(314): mysqli->query('SELECT COUNT(*)...')
#1 C:\Server\xampp73\htdocs\cashiera\system\Database\BaseConnection.php(713): CodeIgniter\Database\MySQLi\Connection->execute('SELECT COUNT(*)...')
#2 C:\Server\xampp73\htdocs\cashiera\system\Database\BaseConnection.php(641): CodeIgniter\Database\BaseConnection->simpleQuery('SELECT COUNT(*)...')
#3 C:\Server\xampp73\htdocs\cashiera\app\Helpers\dynamicdb_helper.php(430): CodeIgniter\Database\BaseConnection->query('SELECT COUNT(*)...')
#4 C:\Server\xampp73\htdocs\cashiera\app\Models\Admin\ReadModel.php(328): db_read_builder('SELECT', Array, 'FROM product p ...', Array, 'GROUP BY p.name...', Array, Array, Object(CodeIgniter\Database\MySQLi\Connection))
#5 C:\Server\xampp73\htdocs\cashiera\app\Controllers\Admin\Produk.php(55): App\Models\Admin\ReadModel->read_product(Array)
#6 C:\Server\xampp73\htdocs\cashiera\system\CodeIgniter.php(936): App\Controllers\Admin\Produk->index()
#7 C:\Server\xampp73\htdocs\cashiera\system\CodeIgniter.php(432): CodeIgniter\CodeIgniter->runController(Object(App\Controllers\Admin\Produk))
#8 C:\Server\xampp73\htdocs\cashiera\system\CodeIgniter.php(333): CodeIgniter\CodeIgniter->handleRequest(NULL, Object(Config\Cache), false)
#9 C:\Server\xampp73\htdocs\cashiera\public\index.php(44): CodeIgniter\CodeIgniter->run()
#10 {main}
INFO - 2021-05-27 03:03:53 --> Session: Class initialized using 'CodeIgniter\Session\Handlers\FileHandler' driver.
INFO - 2021-05-27 03:04:14 --> Session: Class initialized using 'CodeIgniter\Session\Handlers\FileHandler' driver.
CRITICAL - 2021-05-27 03:04:14 --> Unknown column 'id_store' in 'field list'
#0 C:\Server\xampp73\htdocs\cashiera\system\Database\MySQLi\PreparedQuery.php(41): mysqli->prepare('INSERT INTO `pr...')
#1 C:\Server\xampp73\htdocs\cashiera\system\Database\BasePreparedQuery.php(106): CodeIgniter\Database\MySQLi\PreparedQuery->_prepare('INSERT INTO `pr...', Array)
#2 C:\Server\xampp73\htdocs\cashiera\system\Database\BaseConnection.php(1001): CodeIgniter\Database\BasePreparedQuery->prepare('INSERT INTO `pr...', Array)
#3 C:\Server\xampp73\htdocs\cashiera\app\Helpers\dynamicdb_helper.php(227): CodeIgniter\Database\BaseConnection->prepare(Object(Closure), Array)
#4 C:\Server\xampp73\htdocs\cashiera\app\Models\Admin\CreateModel.php(280): db_create_builder('INSERT INTO', '`product`', Array, Array, Object(CodeIgniter\Database\MySQLi\Connection))
#5 C:\Server\xampp73\htdocs\cashiera\app\Controllers\Admin\Produk.php(42): App\Models\Admin\CreateModel->create_product(Array, Array)
#6 C:\Server\xampp73\htdocs\cashiera\system\CodeIgniter.php(936): App\Controllers\Admin\Produk->index()
#7 C:\Server\xampp73\htdocs\cashiera\system\CodeIgniter.php(432): CodeIgniter\CodeIgniter->runController(Object(App\Controllers\Admin\Produk))
#8 C:\Server\xampp73\htdocs\cashiera\system\CodeIgniter.php(333): CodeIgniter\CodeIgniter->handleRequest(NULL, Object(Config\Cache), false)
#9 C:\Server\xampp73\htdocs\cashiera\public\index.php(44): CodeIgniter\CodeIgniter->run()
#10 {main}
INFO - 2021-05-27 03:04:52 --> Session: Class initialized using 'CodeIgniter\Session\Handlers\FileHandler' driver.
INFO - 2021-05-27 03:04:55 --> Session: Class initialized using 'CodeIgniter\Session\Handlers\FileHandler' driver.
INFO - 2021-05-27 03:04:56 --> Session: Class initialized using 'CodeIgniter\Session\Handlers\FileHandler' driver.
INFO - 2021-05-27 03:04:56 --> Session: Class initialized using 'CodeIgniter\Session\Handlers\FileHandler' driver.
ERROR - 2021-05-27 03:04:56 --> mysqli_sql_exception: Unknown column 'p.id_store' in 'on clause' in C:\Server\xampp73\htdocs\cashiera\system\Database\MySQLi\Connection.php:314
Stack trace:
#0 C:\Server\xampp73\htdocs\cashiera\system\Database\MySQLi\Connection.php(314): mysqli->query('SELECT COUNT(*)...')
#1 C:\Server\xampp73\htdocs\cashiera\system\Database\BaseConnection.php(713): CodeIgniter\Database\MySQLi\Connection->execute('SELECT COUNT(*)...')
#2 C:\Server\xampp73\htdocs\cashiera\system\Database\BaseConnection.php(641): CodeIgniter\Database\BaseConnection->simpleQuery('SELECT COUNT(*)...')
#3 C:\Server\xampp73\htdocs\cashiera\app\Helpers\dynamicdb_helper.php(430): CodeIgniter\Database\BaseConnection->query('SELECT COUNT(*)...')
#4 C:\Server\xampp73\htdocs\cashiera\app\Models\Admin\ReadModel.php(328): db_read_builder('SELECT', Array, 'FROM product p ...', Array, 'GROUP BY p.name...', Array, Array, Object(CodeIgniter\Database\MySQLi\Connection))
#5 C:\Server\xampp73\htdocs\cashiera\app\Controllers\Admin\Produk.php(55): App\Models\Admin\ReadModel->read_product(Array)
#6 C:\Server\xampp73\htdocs\cashiera\system\CodeIgniter.php(936): App\Controllers\Admin\Produk->index()
#7 C:\Server\xampp73\htdocs\cashiera\system\CodeIgniter.php(432): CodeIgniter\CodeIgniter->runController(Object(App\Controllers\Admin\Produk))
#8 C:\Server\xampp73\htdocs\cashiera\system\CodeIgniter.php(333): CodeIgniter\CodeIgniter->handleRequest(NULL, Object(Config\Cache), false)
#9 C:\Server\xampp73\htdocs\cashiera\public\index.php(44): CodeIgniter\CodeIgniter->run()
#10 {main}
CRITICAL - 2021-05-27 03:04:56 --> Unknown column 'p.id_store' in 'on clause'
#0 C:\Server\xampp73\htdocs\cashiera\system\Database\MySQLi\Connection.php(314): mysqli->query('SELECT COUNT(*)...')
#1 C:\Server\xampp73\htdocs\cashiera\system\Database\BaseConnection.php(713): CodeIgniter\Database\MySQLi\Connection->execute('SELECT COUNT(*)...')
#2 C:\Server\xampp73\htdocs\cashiera\system\Database\BaseConnection.php(641): CodeIgniter\Database\BaseConnection->simpleQuery('SELECT COUNT(*)...')
#3 C:\Server\xampp73\htdocs\cashiera\app\Helpers\dynamicdb_helper.php(430): CodeIgniter\Database\BaseConnection->query('SELECT COUNT(*)...')
#4 C:\Server\xampp73\htdocs\cashiera\app\Models\Admin\ReadModel.php(328): db_read_builder('SELECT', Array, 'FROM product p ...', Array, 'GROUP BY p.name...', Array, Array, Object(CodeIgniter\Database\MySQLi\Connection))
#5 C:\Server\xampp73\htdocs\cashiera\app\Controllers\Admin\Produk.php(55): App\Models\Admin\ReadModel->read_product(Array)
#6 C:\Server\xampp73\htdocs\cashiera\system\CodeIgniter.php(936): App\Controllers\Admin\Produk->index()
#7 C:\Server\xampp73\htdocs\cashiera\system\CodeIgniter.php(432): CodeIgniter\CodeIgniter->runController(Object(App\Controllers\Admin\Produk))
#8 C:\Server\xampp73\htdocs\cashiera\system\CodeIgniter.php(333): CodeIgniter\CodeIgniter->handleRequest(NULL, Object(Config\Cache), false)
#9 C:\Server\xampp73\htdocs\cashiera\public\index.php(44): CodeIgniter\CodeIgniter->run()
#10 {main}
INFO - 2021-05-27 03:04:56 --> Session: Class initialized using 'CodeIgniter\Session\Handlers\FileHandler' driver.
INFO - 2021-05-27 03:05:57 --> Session: Class initialized using 'CodeIgniter\Session\Handlers\FileHandler' driver.
INFO - 2021-05-27 03:06:01 --> Session: Class initialized using 'CodeIgniter\Session\Handlers\FileHandler' driver.
ERROR - 2021-05-27 03:06:01 --> mysqli_sql_exception: Unknown column 'sh.capital' in 'field list' in C:\Server\xampp73\htdocs\cashiera\system\Database\MySQLi\Connection.php:314
Stack trace:
#0 C:\Server\xampp73\htdocs\cashiera\system\Database\MySQLi\Connection.php(314): mysqli->query('SELECT COUNT(*)...')
#1 C:\Server\xampp73\htdocs\cashiera\system\Database\BaseConnection.php(713): CodeIgniter\Database\MySQLi\Connection->execute('SELECT COUNT(*)...')
#2 C:\Server\xampp73\htdocs\cashiera\system\Database\BaseConnection.php(641): CodeIgniter\Database\BaseConnection->simpleQuery('SELECT COUNT(*)...')
#3 C:\Server\xampp73\htdocs\cashiera\app\Helpers\dynamicdb_helper.php(430): CodeIgniter\Database\BaseConnection->query('SELECT COUNT(*)...')
#4 C:\Server\xampp73\htdocs\cashiera\app\Models\Etc\TestingModel.php(122): db_read_builder('SELECT', Array, 'FROM selling_hi...', Array, '', Array, Array, Object(CodeIgniter\Database\MySQLi\Connection))
#5 C:\Server\xampp73\htdocs\cashiera\app\Controllers\Etc\Testing.php(51): App\Models\Etc\TestingModel->alltest(Array)
#6 C:\Server\xampp73\htdocs\cashiera\system\CodeIgniter.php(936): App\Controllers\Etc\Testing->index()
#7 C:\Server\xampp73\htdocs\cashiera\system\CodeIgniter.php(432): CodeIgniter\CodeIgniter->runController(Object(App\Controllers\Etc\Testing))
#8 C:\Server\xampp73\htdocs\cashiera\system\CodeIgniter.php(333): CodeIgniter\CodeIgniter->handleRequest(NULL, Object(Config\Cache), false)
#9 C:\Server\xampp73\htdocs\cashiera\public\index.php(44): CodeIgniter\CodeIgniter->run()
#10 {main}
CRITICAL - 2021-05-27 03:06:01 --> Unknown column 'sh.capital' in 'field list'
#0 C:\Server\xampp73\htdocs\cashiera\system\Database\MySQLi\Connection.php(314): mysqli->query('SELECT COUNT(*)...')
#1 C:\Server\xampp73\htdocs\cashiera\system\Database\BaseConnection.php(713): CodeIgniter\Database\MySQLi\Connection->execute('SELECT COUNT(*)...')
#2 C:\Server\xampp73\htdocs\cashiera\system\Database\BaseConnection.php(641): CodeIgniter\Database\BaseConnection->simpleQuery('SELECT COUNT(*)...')
#3 C:\Server\xampp73\htdocs\cashiera\app\Helpers\dynamicdb_helper.php(430): CodeIgniter\Database\BaseConnection->query('SELECT COUNT(*)...')
#4 C:\Server\xampp73\htdocs\cashiera\app\Models\Etc\TestingModel.php(122): db_read_builder('SELECT', Array, 'FROM selling_hi...', Array, '', Array, Array, Object(CodeIgniter\Database\MySQLi\Connection))
#5 C:\Server\xampp73\htdocs\cashiera\app\Controllers\Etc\Testing.php(51): App\Models\Etc\TestingModel->alltest(Array)
#6 C:\Server\xampp73\htdocs\cashiera\system\CodeIgniter.php(936): App\Controllers\Etc\Testing->index()
#7 C:\Server\xampp73\htdocs\cashiera\system\CodeIgniter.php(432): CodeIgniter\CodeIgniter->runController(Object(App\Controllers\Etc\Testing))
#8 C:\Server\xampp73\htdocs\cashiera\system\CodeIgniter.php(333): CodeIgniter\CodeIgniter->handleRequest(NULL, Object(Config\Cache), false)
#9 C:\Server\xampp73\htdocs\cashiera\public\index.php(44): CodeIgniter\CodeIgniter->run()
#10 {main}
INFO - 2021-05-27 03:07:54 --> Session: Class initialized using 'CodeIgniter\Session\Handlers\FileHandler' driver.
INFO - 2021-05-27 03:07:59 --> Session: Class initialized using 'CodeIgniter\Session\Handlers\FileHandler' driver.
INFO - 2021-05-27 03:08:02 --> Session: Class initialized using 'CodeIgniter\Session\Handlers\FileHandler' driver.
INFO - 2021-05-27 03:08:02 --> Session: Class initialized using 'CodeIgniter\Session\Handlers\FileHandler' driver.
INFO - 2021-05-27 03:08:02 --> Session: Class initialized using 'CodeIgniter\Session\Handlers\FileHandler' driver.
INFO - 2021-05-27 03:08:03 --> Session: Class initialized using 'CodeIgniter\Session\Handlers\FileHandler' driver.
INFO - 2021-05-27 03:08:06 --> Session: Class initialized using 'CodeIgniter\Session\Handlers\FileHandler' driver.
INFO - 2021-05-27 03:08:09 --> Session: Class initialized using 'CodeIgniter\Session\Handlers\FileHandler' driver.
INFO - 2021-05-27 03:08:09 --> Session: Class initialized using 'CodeIgniter\Session\Handlers\FileHandler' driver.
INFO - 2021-05-27 03:08:09 --> Session: Class initialized using 'CodeIgniter\Session\Handlers\FileHandler' driver.
INFO - 2021-05-27 03:08:10 --> Session: Class initialized using 'CodeIgniter\Session\Handlers\FileHandler' driver.
INFO - 2021-05-27 03:08:12 --> Session: Class initialized using 'CodeIgniter\Session\Handlers\FileHandler' driver.
INFO - 2021-05-27 03:08:15 --> Session: Class initialized using 'CodeIgniter\Session\Handlers\FileHandler' driver.
INFO - 2021-05-27 03:08:15 --> Session: Class initialized using 'CodeIgniter\Session\Handlers\FileHandler' driver.
INFO - 2021-05-27 03:08:16 --> Session: Class initialized using 'CodeIgniter\Session\Handlers\FileHandler' driver.
INFO - 2021-05-27 03:08:16 --> Session: Class initialized using 'CodeIgniter\Session\Handlers\FileHandler' driver.
INFO - 2021-05-27 03:08:18 --> Session: Class initialized using 'CodeIgniter\Session\Handlers\FileHandler' driver.
INFO - 2021-05-27 03:08:20 --> Session: Class initialized using 'CodeIgniter\Session\Handlers\FileHandler' driver.
INFO - 2021-05-27 03:08:21 --> Session: Class initialized using 'CodeIgniter\Session\Handlers\FileHandler' driver.
INFO - 2021-05-27 03:08:21 --> Session: Class initialized using 'CodeIgniter\Session\Handlers\FileHandler' driver.
INFO - 2021-05-27 03:08:21 --> Session: Class initialized using 'CodeIgniter\Session\Handlers\FileHandler' driver.
ERROR - 2021-05-27 03:08:21 --> mysqli_sql_exception: Unknown column 'p.id_store' in 'on clause' in C:\Server\xampp73\htdocs\cashiera\system\Database\MySQLi\Connection.php:314
Stack trace:
#0 C:\Server\xampp73\htdocs\cashiera\system\Database\MySQLi\Connection.php(314): mysqli->query('SELECT COUNT(*)...')
#1 C:\Server\xampp73\htdocs\cashiera\system\Database\BaseConnection.php(713): CodeIgniter\Database\MySQLi\Connection->execute('SELECT COUNT(*)...')
#2 C:\Server\xampp73\htdocs\cashiera\system\Database\BaseConnection.php(641): CodeIgniter\Database\BaseConnection->simpleQuery('SELECT COUNT(*)...')
#3 C:\Server\xampp73\htdocs\cashiera\app\Helpers\dynamicdb_helper.php(430): CodeIgniter\Database\BaseConnection->query('SELECT COUNT(*)...')
#4 C:\Server\xampp73\htdocs\cashiera\app\Models\Admin\ReadModel.php(328): db_read_builder('SELECT', Array, 'FROM product p ...', Array, 'GROUP BY p.name...', Array, Array, Object(CodeIgniter\Database\MySQLi\Connection))
#5 C:\Server\xampp73\htdocs\cashiera\app\Controllers\Admin\Produk.php(55): App\Models\Admin\ReadModel->read_product(Array)
#6 C:\Server\xampp73\htdocs\cashiera\system\CodeIgniter.php(936): App\Controllers\Admin\Produk->index()
#7 C:\Server\xampp73\htdocs\cashiera\system\CodeIgniter.php(432): CodeIgniter\CodeIgniter->runController(Object(App\Controllers\Admin\Produk))
#8 C:\Server\xampp73\htdocs\cashiera\system\CodeIgniter.php(333): CodeIgniter\CodeIgniter->handleRequest(NULL, Object(Config\Cache), false)
#9 C:\Server\xampp73\htdocs\cashiera\public\index.php(44): CodeIgniter\CodeIgniter->run()
#10 {main}
CRITICAL - 2021-05-27 03:08:22 --> Unknown column 'p.id_store' in 'on clause'
#0 C:\Server\xampp73\htdocs\cashiera\system\Database\MySQLi\Connection.php(314): mysqli->query('SELECT COUNT(*)...')
#1 C:\Server\xampp73\htdocs\cashiera\system\Database\BaseConnection.php(713): CodeIgniter\Database\MySQLi\Connection->execute('SELECT COUNT(*)...')
#2 C:\Server\xampp73\htdocs\cashiera\system\Database\BaseConnection.php(641): CodeIgniter\Database\BaseConnection->simpleQuery('SELECT COUNT(*)...')
#3 C:\Server\xampp73\htdocs\cashiera\app\Helpers\dynamicdb_helper.php(430): CodeIgniter\Database\BaseConnection->query('SELECT COUNT(*)...')
#4 C:\Server\xampp73\htdocs\cashiera\app\Models\Admin\ReadModel.php(328): db_read_builder('SELECT', Array, 'FROM product p ...', Array, 'GROUP BY p.name...', Array, Array, Object(CodeIgniter\Database\MySQLi\Connection))
#5 C:\Server\xampp73\htdocs\cashiera\app\Controllers\Admin\Produk.php(55): App\Models\Admin\ReadModel->read_product(Array)
#6 C:\Server\xampp73\htdocs\cashiera\system\CodeIgniter.php(936): App\Controllers\Admin\Produk->index()
#7 C:\Server\xampp73\htdocs\cashiera\system\CodeIgniter.php(432): CodeIgniter\CodeIgniter->runController(Object(App\Controllers\Admin\Produk))
#8 C:\Server\xampp73\htdocs\cashiera\system\CodeIgniter.php(333): CodeIgniter\CodeIgniter->handleRequest(NULL, Object(Config\Cache), false)
#9 C:\Server\xampp73\htdocs\cashiera\public\index.php(44): CodeIgniter\CodeIgniter->run()
#10 {main}
INFO - 2021-05-27 03:09:37 --> Session: Class initialized using 'CodeIgniter\Session\Handlers\FileHandler' driver.
INFO - 2021-05-27 03:09:40 --> Session: Class initialized using 'CodeIgniter\Session\Handlers\FileHandler' driver.
INFO - 2021-05-27 03:09:41 --> Session: Class initialized using 'CodeIgniter\Session\Handlers\FileHandler' driver.
INFO - 2021-05-27 03:09:41 --> Session: Class initialized using 'CodeIgniter\Session\Handlers\FileHandler' driver.
INFO - 2021-05-27 03:09:42 --> Session: Class initialized using 'CodeIgniter\Session\Handlers\FileHandler' driver.
INFO - 2021-05-27 03:09:42 --> Session: Class initialized using 'CodeIgniter\Session\Handlers\FileHandler' driver.
ERROR - 2021-05-27 03:09:42 --> mysqli_sql_exception: Unknown column 'p.id_store' in 'on clause' in C:\Server\xampp73\htdocs\cashiera\system\Database\MySQLi\Connection.php:314
Stack trace:
#0 C:\Server\xampp73\htdocs\cashiera\system\Database\MySQLi\Connection.php(314): mysqli->query('SELECT COUNT(*)...')
#1 C:\Server\xampp73\htdocs\cashiera\system\Database\BaseConnection.php(713): CodeIgniter\Database\MySQLi\Connection->execute('SELECT COUNT(*)...')
#2 C:\Server\xampp73\htdocs\cashiera\system\Database\BaseConnection.php(641): CodeIgniter\Database\BaseConnection->simpleQuery('SELECT COUNT(*)...')
#3 C:\Server\xampp73\htdocs\cashiera\app\Helpers\dynamicdb_helper.php(430): CodeIgniter\Database\BaseConnection->query('SELECT COUNT(*)...')
#4 C:\Server\xampp73\htdocs\cashiera\app\Models\Admin\ReadModel.php(328): db_read_builder('SELECT', Array, 'FROM product p ...', Array, 'GROUP BY p.name...', Array, Array, Object(CodeIgniter\Database\MySQLi\Connection))
#5 C:\Server\xampp73\htdocs\cashiera\app\Controllers\Admin\Produk.php(55): App\Models\Admin\ReadModel->read_product(Array)
#6 C:\Server\xampp73\htdocs\cashiera\system\CodeIgniter.php(936): App\Controllers\Admin\Produk->index()
#7 C:\Server\xampp73\htdocs\cashiera\system\CodeIgniter.php(432): CodeIgniter\CodeIgniter->runController(Object(App\Controllers\Admin\Produk))
#8 C:\Server\xampp73\htdocs\cashiera\system\CodeIgniter.php(333): CodeIgniter\CodeIgniter->handleRequest(NULL, Object(Config\Cache), false)
#9 C:\Server\xampp73\htdocs\cashiera\public\index.php(44): CodeIgniter\CodeIgniter->run()
#10 {main}
CRITICAL - 2021-05-27 03:09:42 --> Unknown column 'p.id_store' in 'on clause'
#0 C:\Server\xampp73\htdocs\cashiera\system\Database\MySQLi\Connection.php(314): mysqli->query('SELECT COUNT(*)...')
#1 C:\Server\xampp73\htdocs\cashiera\system\Database\BaseConnection.php(713): CodeIgniter\Database\MySQLi\Connection->execute('SELECT COUNT(*)...')
#2 C:\Server\xampp73\htdocs\cashiera\system\Database\BaseConnection.php(641): CodeIgniter\Database\BaseConnection->simpleQuery('SELECT COUNT(*)...')
#3 C:\Server\xampp73\htdocs\cashiera\app\Helpers\dynamicdb_helper.php(430): CodeIgniter\Database\BaseConnection->query('SELECT COUNT(*)...')
#4 C:\Server\xampp73\htdocs\cashiera\app\Models\Admin\ReadModel.php(328): db_read_builder('SELECT', Array, 'FROM product p ...', Array, 'GROUP BY p.name...', Array, Array, Object(CodeIgniter\Database\MySQLi\Connection))
#5 C:\Server\xampp73\htdocs\cashiera\app\Controllers\Admin\Produk.php(55): App\Models\Admin\ReadModel->read_product(Array)
#6 C:\Server\xampp73\htdocs\cashiera\system\CodeIgniter.php(936): App\Controllers\Admin\Produk->index()
#7 C:\Server\xampp73\htdocs\cashiera\system\CodeIgniter.php(432): CodeIgniter\CodeIgniter->runController(Object(App\Controllers\Admin\Produk))
#8 C:\Server\xampp73\htdocs\cashiera\system\CodeIgniter.php(333): CodeIgniter\CodeIgniter->handleRequest(NULL, Object(Config\Cache), false)
#9 C:\Server\xampp73\htdocs\cashiera\public\index.php(44): CodeIgniter\CodeIgniter->run()
#10 {main}
INFO - 2021-05-27 03:09:44 --> Session: Class initialized using 'CodeIgniter\Session\Handlers\FileHandler' driver.
ERROR - 2021-05-27 03:09:44 --> mysqli_sql_exception: Unknown column 'p.id_store' in 'on clause' in C:\Server\xampp73\htdocs\cashiera\system\Database\MySQLi\Connection.php:314
Stack trace:
#0 C:\Server\xampp73\htdocs\cashiera\system\Database\MySQLi\Connection.php(314): mysqli->query('SELECT COUNT(*)...')
#1 C:\Server\xampp73\htdocs\cashiera\system\Database\BaseConnection.php(713): CodeIgniter\Database\MySQLi\Connection->execute('SELECT COUNT(*)...')
#2 C:\Server\xampp73\htdocs\cashiera\system\Database\BaseConnection.php(641): CodeIgniter\Database\BaseConnection->simpleQuery('SELECT COUNT(*)...')
#3 C:\Server\xampp73\htdocs\cashiera\app\Helpers\dynamicdb_helper.php(430): CodeIgniter\Database\BaseConnection->query('SELECT COUNT(*)...')
#4 C:\Server\xampp73\htdocs\cashiera\app\Models\Etc\TestingModel.php(127): db_read_builder('SELECT', Array, 'FROM product p ...', Array, 'GROUP BY p.name...', Array, Array, Object(CodeIgniter\Database\MySQLi\Connection))
#5 C:\Server\xampp73\htdocs\cashiera\app\Controllers\Etc\Testing.php(51): App\Models\Etc\TestingModel->alltest(Array)
#6 C:\Server\xampp73\htdocs\cashiera\system\CodeIgniter.php(936): App\Controllers\Etc\Testing->index()
#7 C:\Server\xampp73\htdocs\cashiera\system\CodeIgniter.php(432): CodeIgniter\CodeIgniter->runController(Object(App\Controllers\Etc\Testing))
#8 C:\Server\xampp73\htdocs\cashiera\system\CodeIgniter.php(333): CodeIgniter\CodeIgniter->handleRequest(NULL, Object(Config\Cache), false)
#9 C:\Server\xampp73\htdocs\cashiera\public\index.php(44): CodeIgniter\CodeIgniter->run()
#10 {main}
CRITICAL - 2021-05-27 03:09:44 --> Unknown column 'p.id_store' in 'on clause'
#0 C:\Server\xampp73\htdocs\cashiera\system\Database\MySQLi\Connection.php(314): mysqli->query('SELECT COUNT(*)...')
#1 C:\Server\xampp73\htdocs\cashiera\system\Database\BaseConnection.php(713): CodeIgniter\Database\MySQLi\Connection->execute('SELECT COUNT(*)...')
#2 C:\Server\xampp73\htdocs\cashiera\system\Database\BaseConnection.php(641): CodeIgniter\Database\BaseConnection->simpleQuery('SELECT COUNT(*)...')
#3 C:\Server\xampp73\htdocs\cashiera\app\Helpers\dynamicdb_helper.php(430): CodeIgniter\Database\BaseConnection->query('SELECT COUNT(*)...')
#4 C:\Server\xampp73\htdocs\cashiera\app\Models\Etc\TestingModel.php(127): db_read_builder('SELECT', Array, 'FROM product p ...', Array, 'GROUP BY p.name...', Array, Array, Object(CodeIgniter\Database\MySQLi\Connection))
#5 C:\Server\xampp73\htdocs\cashiera\app\Controllers\Etc\Testing.php(51): App\Models\Etc\TestingModel->alltest(Array)
#6 C:\Server\xampp73\htdocs\cashiera\system\CodeIgniter.php(936): App\Controllers\Etc\Testing->index()
#7 C:\Server\xampp73\htdocs\cashiera\system\CodeIgniter.php(432): CodeIgniter\CodeIgniter->runController(Object(App\Controllers\Etc\Testing))
#8 C:\Server\xampp73\htdocs\cashiera\system\CodeIgniter.php(333): CodeIgniter\CodeIgniter->handleRequest(NULL, Object(Config\Cache), false)
#9 C:\Server\xampp73\htdocs\cashiera\public\index.php(44): CodeIgniter\CodeIgniter->run()
#10 {main}
INFO - 2021-05-27 03:10:03 --> Session: Class initialized using 'CodeIgniter\Session\Handlers\FileHandler' driver.
ERROR - 2021-05-27 03:10:03 --> mysqli_sql_exception: Unknown column 'p.id_store' in 'on clause' in C:\Server\xampp73\htdocs\cashiera\system\Database\MySQLi\Connection.php:314
Stack trace:
#0 C:\Server\xampp73\htdocs\cashiera\system\Database\MySQLi\Connection.php(314): mysqli->query('SELECT COUNT(*)...')
#1 C:\Server\xampp73\htdocs\cashiera\system\Database\BaseConnection.php(713): CodeIgniter\Database\MySQLi\Connection->execute('SELECT COUNT(*)...')
#2 C:\Server\xampp73\htdocs\cashiera\system\Database\BaseConnection.php(641): CodeIgniter\Database\BaseConnection->simpleQuery('SELECT COUNT(*)...')
#3 C:\Server\xampp73\htdocs\cashiera\app\Helpers\dynamicdb_helper.php(430): CodeIgniter\Database\BaseConnection->query('SELECT COUNT(*)...')
#4 C:\Server\xampp73\htdocs\cashiera\app\Models\Etc\TestingModel.php(127): db_read_builder('SELECT', Array, 'FROM product p ...', Array, 'GROUP BY p.name...', Array, Array, Object(CodeIgniter\Database\MySQLi\Connection))
#5 C:\Server\xampp73\htdocs\cashiera\app\Controllers\Etc\Testing.php(51): App\Models\Etc\TestingModel->alltest(Array)
#6 C:\Server\xampp73\htdocs\cashiera\system\CodeIgniter.php(936): App\Controllers\Etc\Testing->index()
#7 C:\Server\xampp73\htdocs\cashiera\system\CodeIgniter.php(432): CodeIgniter\CodeIgniter->runController(Object(App\Controllers\Etc\Testing))
#8 C:\Server\xampp73\htdocs\cashiera\system\CodeIgniter.php(333): CodeIgniter\CodeIgniter->handleRequest(NULL, Object(Config\Cache), false)
#9 C:\Server\xampp73\htdocs\cashiera\public\index.php(44): CodeIgniter\CodeIgniter->run()
#10 {main}
CRITICAL - 2021-05-27 03:10:03 --> Unknown column 'p.id_store' in 'on clause'
#0 C:\Server\xampp73\htdocs\cashiera\system\Database\MySQLi\Connection.php(314): mysqli->query('SELECT COUNT(*)...')
#1 C:\Server\xampp73\htdocs\cashiera\system\Database\BaseConnection.php(713): CodeIgniter\Database\MySQLi\Connection->execute('SELECT COUNT(*)...')
#2 C:\Server\xampp73\htdocs\cashiera\system\Database\BaseConnection.php(641): CodeIgniter\Database\BaseConnection->simpleQuery('SELECT COUNT(*)...')
#3 C:\Server\xampp73\htdocs\cashiera\app\Helpers\dynamicdb_helper.php(430): CodeIgniter\Database\BaseConnection->query('SELECT COUNT(*)...')
#4 C:\Server\xampp73\htdocs\cashiera\app\Models\Etc\TestingModel.php(127): db_read_builder('SELECT', Array, 'FROM product p ...', Array, 'GROUP BY p.name...', Array, Array, Object(CodeIgniter\Database\MySQLi\Connection))
#5 C:\Server\xampp73\htdocs\cashiera\app\Controllers\Etc\Testing.php(51): App\Models\Etc\TestingModel->alltest(Array)
#6 C:\Server\xampp73\htdocs\cashiera\system\CodeIgniter.php(936): App\Controllers\Etc\Testing->index()
#7 C:\Server\xampp73\htdocs\cashiera\system\CodeIgniter.php(432): CodeIgniter\CodeIgniter->runController(Object(App\Controllers\Etc\Testing))
#8 C:\Server\xampp73\htdocs\cashiera\system\CodeIgniter.php(333): CodeIgniter\CodeIgniter->handleRequest(NULL, Object(Config\Cache), false)
#9 C:\Server\xampp73\htdocs\cashiera\public\index.php(44): CodeIgniter\CodeIgniter->run()
#10 {main}
INFO - 2021-05-27 03:11:18 --> Session: Class initialized using 'CodeIgniter\Session\Handlers\FileHandler' driver.
INFO - 2021-05-27 03:11:22 --> Session: Class initialized using 'CodeIgniter\Session\Handlers\FileHandler' driver.
INFO - 2021-05-27 03:11:24 --> Session: Class initialized using 'CodeIgniter\Session\Handlers\FileHandler' driver.
INFO - 2021-05-27 03:11:24 --> Session: Class initialized using 'CodeIgniter\Session\Handlers\FileHandler' driver.
INFO - 2021-05-27 03:11:25 --> Session: Class initialized using 'CodeIgniter\Session\Handlers\FileHandler' driver.
INFO - 2021-05-27 03:11:25 --> Session: Class initialized using 'CodeIgniter\Session\Handlers\FileHandler' driver.
INFO - 2021-05-27 03:11:38 --> Session: Class initialized using 'CodeIgniter\Session\Handlers\FileHandler' driver.
CRITICAL - 2021-05-27 03:11:39 --> Column 'category' cannot be null
#0 C:\Server\xampp73\htdocs\cashiera\system\Database\MySQLi\PreparedQuery.php(88): mysqli_stmt->execute()
#1 C:\Server\xampp73\htdocs\cashiera\system\Database\BasePreparedQuery.php(136): CodeIgniter\Database\MySQLi\PreparedQuery->_execute(Array)
#2 C:\Server\xampp73\htdocs\cashiera\app\Helpers\dynamicdb_helper.php(233): CodeIgniter\Database\BasePreparedQuery->execute(NULL, '11231', 'gaston', NULL, 'asd', 'asdsd', NULL, NULL, '1', '1', '1', '1', '0', '1', '', '1', '', '1', '2021-05-27 03:1...', './img/product/2...')
#3 C:\Server\xampp73\htdocs\cashiera\app\Models\Admin\CreateModel.php(280): db_create_builder('INSERT INTO', '`product`', Array, Array, Object(CodeIgniter\Database\MySQLi\Connection))
#4 C:\Server\xampp73\htdocs\cashiera\app\Controllers\Admin\Produk.php(42): App\Models\Admin\CreateModel->create_product(Array, Array)
#5 C:\Server\xampp73\htdocs\cashiera\system\CodeIgniter.php(936): App\Controllers\Admin\Produk->index()
#6 C:\Server\xampp73\htdocs\cashiera\system\CodeIgniter.php(432): CodeIgniter\CodeIgniter->runController(Object(App\Controllers\Admin\Produk))
#7 C:\Server\xampp73\htdocs\cashiera\system\CodeIgniter.php(333): CodeIgniter\CodeIgniter->handleRequest(NULL, Object(Config\Cache), false)
#8 C:\Server\xampp73\htdocs\cashiera\public\index.php(44): CodeIgniter\CodeIgniter->run()
#9 {main}
INFO - 2021-05-27 03:11:55 --> Session: Class initialized using 'CodeIgniter\Session\Handlers\FileHandler' driver.
INFO - 2021-05-27 11:52:05 --> Session: Class initialized using 'CodeIgniter\Session\Handlers\FileHandler' driver.
INFO - 2021-05-27 11:52:18 --> Session: Class initialized using 'CodeIgniter\Session\Handlers\FileHandler' driver.
INFO - 2021-05-27 11:52:20 --> Session: Class initialized using 'CodeIgniter\Session\Handlers\FileHandler' driver.
INFO - 2021-05-27 11:52:23 --> Session: Class initialized using 'CodeIgniter\Session\Handlers\FileHandler' driver.
INFO - 2021-05-27 11:52:24 --> Session: Class initialized using 'CodeIgniter\Session\Handlers\FileHandler' driver.
INFO - 2021-05-27 11:52:24 --> Session: Class initialized using 'CodeIgniter\Session\Handlers\FileHandler' driver.
INFO - 2021-05-27 11:52:24 --> Session: Class initialized using 'CodeIgniter\Session\Handlers\FileHandler' driver.
INFO - 2021-05-27 11:52:34 --> Session: Class initialized using 'CodeIgniter\Session\Handlers\FileHandler' driver.
INFO - 2021-05-27 11:52:37 --> Session: Class initialized using 'CodeIgniter\Session\Handlers\FileHandler' driver.
INFO - 2021-05-27 11:52:37 --> Session: Class initialized using 'CodeIgniter\Session\Handlers\FileHandler' driver.
INFO - 2021-05-27 11:52:37 --> Session: Class initialized using 'CodeIgniter\Session\Handlers\FileHandler' driver.
INFO - 2021-05-27 11:52:38 --> Session: Class initialized using 'CodeIgniter\Session\Handlers\FileHandler' driver.
INFO - 2021-05-27 11:52:40 --> Session: Class initialized using 'CodeIgniter\Session\Handlers\FileHandler' driver.
INFO - 2021-05-27 11:52:43 --> Session: Class initialized using 'CodeIgniter\Session\Handlers\FileHandler' driver.
INFO - 2021-05-27 11:52:43 --> Session: Class initialized using 'CodeIgniter\Session\Handlers\FileHandler' driver.
INFO - 2021-05-27 11:52:44 --> Session: Class initialized using 'CodeIgniter\Session\Handlers\FileHandler' driver.
INFO - 2021-05-27 11:52:44 --> Session: Class initialized using 'CodeIgniter\Session\Handlers\FileHandler' driver.
INFO - 2021-05-27 11:52:46 --> Session: Class initialized using 'CodeIgniter\Session\Handlers\FileHandler' driver.
INFO - 2021-05-27 11:52:49 --> Session: Class initialized using 'CodeIgniter\Session\Handlers\FileHandler' driver.
INFO - 2021-05-27 11:52:50 --> Session: Class initialized using 'CodeIgniter\Session\Handlers\FileHandler' driver.
INFO - 2021-05-27 11:52:50 --> Session: Class initialized using 'CodeIgniter\Session\Handlers\FileHandler' driver.
INFO - 2021-05-27 11:52:50 --> Session: Class initialized using 'CodeIgniter\Session\Handlers\FileHandler' driver.
INFO - 2021-05-27 11:53:15 --> Session: Class initialized using 'CodeIgniter\Session\Handlers\FileHandler' driver.
INFO - 2021-05-27 11:53:18 --> Session: Class initialized using 'CodeIgniter\Session\Handlers\FileHandler' driver.
INFO - 2021-05-27 11:53:19 --> Session: Class initialized using 'CodeIgniter\Session\Handlers\FileHandler' driver.
INFO - 2021-05-27 11:53:19 --> Session: Class initialized using 'CodeIgniter\Session\Handlers\FileHandler' driver.
INFO - 2021-05-27 11:53:19 --> Session: Class initialized using 'CodeIgniter\Session\Handlers\FileHandler' driver.
INFO - 2021-05-27 11:53:21 --> Session: Class initialized using 'CodeIgniter\Session\Handlers\FileHandler' driver.
INFO - 2021-05-27 11:53:24 --> Session: Class initialized using 'CodeIgniter\Session\Handlers\FileHandler' driver.
INFO - 2021-05-27 11:53:25 --> Session: Class initialized using 'CodeIgniter\Session\Handlers\FileHandler' driver.
INFO - 2021-05-27 11:53:25 --> Session: Class initialized using 'CodeIgniter\Session\Handlers\FileHandler' driver.
INFO - 2021-05-27 11:53:25 --> Session: Class initialized using 'CodeIgniter\Session\Handlers\FileHandler' driver.
INFO - 2021-05-27 11:53:34 --> Session: Class initialized using 'CodeIgniter\Session\Handlers\FileHandler' driver.
INFO - 2021-05-27 11:54:33 --> Session: Class initialized using 'CodeIgniter\Session\Handlers\FileHandler' driver.
INFO - 2021-05-27 11:54:37 --> Session: Class initialized using 'CodeIgniter\Session\Handlers\FileHandler' driver.
INFO - 2021-05-27 11:55:07 --> Session: Class initialized using 'CodeIgniter\Session\Handlers\FileHandler' driver.
INFO - 2021-05-27 11:55:11 --> Session: Class initialized using 'CodeIgniter\Session\Handlers\FileHandler' driver.
INFO - 2021-05-27 11:55:15 --> Session: Class initialized using 'CodeIgniter\Session\Handlers\FileHandler' driver.
INFO - 2021-05-27 11:55:42 --> Session: Class initialized using 'CodeIgniter\Session\Handlers\FileHandler' driver.
INFO - 2021-05-27 11:55:45 --> Session: Class initialized using 'CodeIgniter\Session\Handlers\FileHandler' driver.
INFO - 2021-05-27 11:56:07 --> Session: Class initialized using 'CodeIgniter\Session\Handlers\FileHandler' driver.
INFO - 2021-05-27 11:56:08 --> Session: Class initialized using 'CodeIgniter\Session\Handlers\FileHandler' driver.
INFO - 2021-05-27 11:56:12 --> Session: Class initialized using 'CodeIgniter\Session\Handlers\FileHandler' driver.
INFO - 2021-05-27 11:56:14 --> Session: Class initialized using 'CodeIgniter\Session\Handlers\FileHandler' driver.
INFO - 2021-05-27 11:56:15 --> Session: Class initialized using 'CodeIgniter\Session\Handlers\FileHandler' driver.
INFO - 2021-05-27 11:56:15 --> Session: Class initialized using 'CodeIgniter\Session\Handlers\FileHandler' driver.
INFO - 2021-05-27 11:56:15 --> Session: Class initialized using 'CodeIgniter\Session\Handlers\FileHandler' driver.
INFO - 2021-05-27 11:56:26 --> Session: Class initialized using 'CodeIgniter\Session\Handlers\FileHandler' driver.
INFO - 2021-05-27 11:56:29 --> Session: Class initialized using 'CodeIgniter\Session\Handlers\FileHandler' driver.
INFO - 2021-05-27 11:56:29 --> Session: Class initialized using 'CodeIgniter\Session\Handlers\FileHandler' driver.
INFO - 2021-05-27 11:56:30 --> Session: Class initialized using 'CodeIgniter\Session\Handlers\FileHandler' driver.
INFO - 2021-05-27 11:56:30 --> Session: Class initialized using 'CodeIgniter\Session\Handlers\FileHandler' driver.
INFO - 2021-05-27 11:56:35 --> Session: Class initialized using 'CodeIgniter\Session\Handlers\FileHandler' driver.
INFO - 2021-05-27 11:56:38 --> Session: Class initialized using 'CodeIgniter\Session\Handlers\FileHandler' driver.
INFO - 2021-05-27 11:56:38 --> Session: Class initialized using 'CodeIgniter\Session\Handlers\FileHandler' driver.
INFO - 2021-05-27 11:56:38 --> Session: Class initialized using 'CodeIgniter\Session\Handlers\FileHandler' driver.
INFO - 2021-05-27 11:57:11 --> Session: Class initialized using 'CodeIgniter\Session\Handlers\FileHandler' driver.
CRITICAL - 2021-05-27 11:57:12 --> Column 'role' cannot be null
#0 C:\Server\xampp73\htdocs\cashiera\system\Database\MySQLi\PreparedQuery.php(88): mysqli_stmt->execute()
#1 C:\Server\xampp73\htdocs\cashiera\system\Database\BasePreparedQuery.php(136): CodeIgniter\Database\MySQLi\PreparedQuery->_execute(Array)
#2 C:\Server\xampp73\htdocs\cashiera\app\Helpers\dynamicdb_helper.php(233): CodeIgniter\Database\BasePreparedQuery->execute(NULL, 'lina', '$argon2id$v=19$...', 'asdsd@gmail.com', '08526778822', NULL, '1', 'lina aya', 'line', '1', '1000', './img/product/2...')
#3 C:\Server\xampp73\htdocs\cashiera\app\Models\Admin\CreateModel.php(139): db_create_builder('INSERT INTO', '`users`', Array, Array, Object(CodeIgniter\Database\MySQLi\Connection))
#4 C:\Server\xampp73\htdocs\cashiera\app\Controllers\Admin\Karyawan.php(57): App\Models\Admin\CreateModel->create_users(Array, Array)
#5 C:\Server\xampp73\htdocs\cashiera\system\CodeIgniter.php(936): App\Controllers\Admin\Karyawan->index()
#6 C:\Server\xampp73\htdocs\cashiera\system\CodeIgniter.php(432): CodeIgniter\CodeIgniter->runController(Object(App\Controllers\Admin\Karyawan))
#7 C:\Server\xampp73\htdocs\cashiera\system\CodeIgniter.php(333): CodeIgniter\CodeIgniter->handleRequest(NULL, Object(Config\Cache), false)
#8 C:\Server\xampp73\htdocs\cashiera\public\index.php(44): CodeIgniter\CodeIgniter->run()
#9 {main}
INFO - 2021-05-27 11:57:35 --> Session: Class initialized using 'CodeIgniter\Session\Handlers\FileHandler' driver.
INFO - 2021-05-27 11:57:37 --> Session: Class initialized using 'CodeIgniter\Session\Handlers\FileHandler' driver.
INFO - 2021-05-27 11:57:56 --> Session: Class initialized using 'CodeIgniter\Session\Handlers\FileHandler' driver.
INFO - 2021-05-27 11:57:57 --> Session: Class initialized using 'CodeIgniter\Session\Handlers\FileHandler' driver.
INFO - 2021-05-27 11:58:03 --> Session: Class initialized using 'CodeIgniter\Session\Handlers\FileHandler' driver.
INFO - 2021-05-27 11:58:04 --> Session: Class initialized using 'CodeIgniter\Session\Handlers\FileHandler' driver.
INFO - 2021-05-27 11:58:08 --> Session: Class initialized using 'CodeIgniter\Session\Handlers\FileHandler' driver.
INFO - 2021-05-27 11:58:11 --> Session: Class initialized using 'CodeIgniter\Session\Handlers\FileHandler' driver.
INFO - 2021-05-27 11:58:15 --> Session: Class initialized using 'CodeIgniter\Session\Handlers\FileHandler' driver.
INFO - 2021-05-27 11:58:16 --> Session: Class initialized using 'CodeIgniter\Session\Handlers\FileHandler' driver.
INFO - 2021-05-27 11:58:24 --> Session: Class initialized using 'CodeIgniter\Session\Handlers\FileHandler' driver.
INFO - 2021-05-27 11:58:26 --> Session: Class initialized using 'CodeIgniter\Session\Handlers\FileHandler' driver.
INFO - 2021-05-27 11:58:27 --> Session: Class initialized using 'CodeIgniter\Session\Handlers\FileHandler' driver.
INFO - 2021-05-27 11:58:27 --> Session: Class initialized using 'CodeIgniter\Session\Handlers\FileHandler' driver.
INFO - 2021-05-27 12:27:25 --> Session: Class initialized using 'CodeIgniter\Session\Handlers\FileHandler' driver.
INFO - 2021-05-27 12:27:33 --> Session: Class initialized using 'CodeIgniter\Session\Handlers\FileHandler' driver.
INFO - 2021-05-27 12:27:36 --> Session: Class initialized using 'CodeIgniter\Session\Handlers\FileHandler' driver.
INFO - 2021-05-27 12:27:36 --> Session: Class initialized using 'CodeIgniter\Session\Handlers\FileHandler' driver.
INFO - 2021-05-27 12:27:37 --> Session: Class initialized using 'CodeIgniter\Session\Handlers\FileHandler' driver.
INFO - 2021-05-27 12:27:37 --> Session: Class initialized using 'CodeIgniter\Session\Handlers\FileHandler' driver.
INFO - 2021-05-27 12:27:46 --> Session: Class initialized using 'CodeIgniter\Session\Handlers\FileHandler' driver.
INFO - 2021-05-27 12:27:49 --> Session: Class initialized using 'CodeIgniter\Session\Handlers\FileHandler' driver.
INFO - 2021-05-27 12:27:50 --> Session: Class initialized using 'CodeIgniter\Session\Handlers\FileHandler' driver.
INFO - 2021-05-27 12:27:50 --> Session: Class initialized using 'CodeIgniter\Session\Handlers\FileHandler' driver.
INFO - 2021-05-27 12:30:44 --> Session: Class initialized using 'CodeIgniter\Session\Handlers\FileHandler' driver.
INFO - 2021-05-27 12:30:46 --> Session: Class initialized using 'CodeIgniter\Session\Handlers\FileHandler' driver.
